[0.013s] Invoking command in '/home/jakukur/Desktop/standard_god_zhang/build/rm_auto_aim': AMENT_PREFIX_PATH=/home/jakukur/Desktop/standard_god_zhang/install/armor_tracker:/home/jakukur/Desktop/standard_god_zhang/install/armor_detector:/home/jakukur/Desktop/standard_god_zhang/install/auto_aim_interfaces:${AMENT_PREFIX_PATH} CMAKE_PREFIX_PATH=/home/jakukur/Desktop/standard_god_zhang/install/armor_tracker:/home/jakukur/Desktop/standard_god_zhang/install/armor_detector:/home/jakukur/Desktop/standard_god_zhang/install/auto_aim_interfaces:/opt/ros/humble LD_LIBRARY_PATH=/home/jakukur/Desktop/standard_god_zhang/install/armor_tracker/lib:/home/jakukur/Desktop/standard_god_zhang/install/armor_detector/lib:/home/jakukur/Desktop/standard_god_zhang/install/auto_aim_interfaces/lib:${LD_LIBRARY_PATH} PYTHONPATH=/home/jakukur/Desktop/standard_god_zhang/install/auto_aim_interfaces/local/lib/python3.10/dist-packages:${PYTHONPATH} /usr/local/bin/cmake /home/jakukur/Desktop/standard_god_zhang/src/rm_auto_aim/rm_auto_aim -DAMENT_CMAKE_SYMLINK_INSTALL=1 -DCMAKE_INSTALL_PREFIX=/home/jakukur/Desktop/standard_god_zhang/install/rm_auto_aim
[0.046s] -- The C compiler identification is GNU 13.1.0
[0.085s] -- The CXX compiler identification is GNU 13.1.0
[0.094s] -- Detecting C compiler ABI info
[0.135s] -- Detecting C compiler ABI info - done
[0.141s] -- Check for working C compiler: /usr/bin/cc - skipped
[0.141s] -- Detecting C compile features
[0.141s] -- Detecting C compile features - done
[0.143s] -- Detecting CXX compiler ABI info
[0.192s] -- Detecting CXX compiler ABI info - done
[0.197s] -- Check for working CXX compiler: /usr/bin/c++ - skipped
[0.197s] -- Detecting CXX compile features
[0.198s] -- Detecting CXX compile features - done
[0.199s] -- Found ament_cmake_auto: 1.3.11 (/opt/ros/humble/share/ament_cmake_auto/cmake)
[0.279s] -- Found Python3: /usr/bin/python3 (found version "3.10.12") found components: Interpreter 
[0.324s] -- Override CMake install command with custom implementation using symlinks instead of copying resources
[0.342s] -- Found ament_lint_auto: 0.12.11 (/opt/ros/humble/share/ament_lint_auto/cmake)
[0.395s] -- Added test 'lint_cmake' to check CMake code style
[0.395s] -- Added test 'xmllint' to check XML markup files
[0.396s] -- Configuring done
[0.398s] -- Generating done
[0.399s] -- Build files have been written to: /home/jakukur/Desktop/standard_god_zhang/build/rm_auto_aim
[0.402s] Invoked command in '/home/jakukur/Desktop/standard_god_zhang/build/rm_auto_aim' returned '0': AMENT_PREFIX_PATH=/home/jakukur/Desktop/standard_god_zhang/install/armor_tracker:/home/jakukur/Desktop/standard_god_zhang/install/armor_detector:/home/jakukur/Desktop/standard_god_zhang/install/auto_aim_interfaces:${AMENT_PREFIX_PATH} CMAKE_PREFIX_PATH=/home/jakukur/Desktop/standard_god_zhang/install/armor_tracker:/home/jakukur/Desktop/standard_god_zhang/install/armor_detector:/home/jakukur/Desktop/standard_god_zhang/install/auto_aim_interfaces:/opt/ros/humble LD_LIBRARY_PATH=/home/jakukur/Desktop/standard_god_zhang/install/armor_tracker/lib:/home/jakukur/Desktop/standard_god_zhang/install/armor_detector/lib:/home/jakukur/Desktop/standard_god_zhang/install/auto_aim_interfaces/lib:${LD_LIBRARY_PATH} PYTHONPATH=/home/jakukur/Desktop/standard_god_zhang/install/auto_aim_interfaces/local/lib/python3.10/dist-packages:${PYTHONPATH} /usr/local/bin/cmake /home/jakukur/Desktop/standard_god_zhang/src/rm_auto_aim/rm_auto_aim -DAMENT_CMAKE_SYMLINK_INSTALL=1 -DCMAKE_INSTALL_PREFIX=/home/jakukur/Desktop/standard_god_zhang/install/rm_auto_aim
[0.403s] Invoking command in '/home/jakukur/Desktop/standard_god_zhang/build/rm_auto_aim': AMENT_PREFIX_PATH=/home/jakukur/Desktop/standard_god_zhang/install/armor_tracker:/home/jakukur/Desktop/standard_god_zhang/install/armor_detector:/home/jakukur/Desktop/standard_god_zhang/install/auto_aim_interfaces:${AMENT_PREFIX_PATH} CMAKE_PREFIX_PATH=/home/jakukur/Desktop/standard_god_zhang/install/armor_tracker:/home/jakukur/Desktop/standard_god_zhang/install/armor_detector:/home/jakukur/Desktop/standard_god_zhang/install/auto_aim_interfaces:/opt/ros/humble LD_LIBRARY_PATH=/home/jakukur/Desktop/standard_god_zhang/install/armor_tracker/lib:/home/jakukur/Desktop/standard_god_zhang/install/armor_detector/lib:/home/jakukur/Desktop/standard_god_zhang/install/auto_aim_interfaces/lib:${LD_LIBRARY_PATH} PYTHONPATH=/home/jakukur/Desktop/standard_god_zhang/install/auto_aim_interfaces/local/lib/python3.10/dist-packages:${PYTHONPATH} /usr/local/bin/cmake --build /home/jakukur/Desktop/standard_god_zhang/build/rm_auto_aim -- -j20 -l20
[0.417s] Invoked command in '/home/jakukur/Desktop/standard_god_zhang/build/rm_auto_aim' returned '0': AMENT_PREFIX_PATH=/home/jakukur/Desktop/standard_god_zhang/install/armor_tracker:/home/jakukur/Desktop/standard_god_zhang/install/armor_detector:/home/jakukur/Desktop/standard_god_zhang/install/auto_aim_interfaces:${AMENT_PREFIX_PATH} CMAKE_PREFIX_PATH=/home/jakukur/Desktop/standard_god_zhang/install/armor_tracker:/home/jakukur/Desktop/standard_god_zhang/install/armor_detector:/home/jakukur/Desktop/standard_god_zhang/install/auto_aim_interfaces:/opt/ros/humble LD_LIBRARY_PATH=/home/jakukur/Desktop/standard_god_zhang/install/armor_tracker/lib:/home/jakukur/Desktop/standard_god_zhang/install/armor_detector/lib:/home/jakukur/Desktop/standard_god_zhang/install/auto_aim_interfaces/lib:${LD_LIBRARY_PATH} PYTHONPATH=/home/jakukur/Desktop/standard_god_zhang/install/auto_aim_interfaces/local/lib/python3.10/dist-packages:${PYTHONPATH} /usr/local/bin/cmake --build /home/jakukur/Desktop/standard_god_zhang/build/rm_auto_aim -- -j20 -l20
[0.418s] Invoking command in '/home/jakukur/Desktop/standard_god_zhang/build/rm_auto_aim': AMENT_PREFIX_PATH=/home/jakukur/Desktop/standard_god_zhang/install/armor_tracker:/home/jakukur/Desktop/standard_god_zhang/install/armor_detector:/home/jakukur/Desktop/standard_god_zhang/install/auto_aim_interfaces:${AMENT_PREFIX_PATH} CMAKE_PREFIX_PATH=/home/jakukur/Desktop/standard_god_zhang/install/armor_tracker:/home/jakukur/Desktop/standard_god_zhang/install/armor_detector:/home/jakukur/Desktop/standard_god_zhang/install/auto_aim_interfaces:/opt/ros/humble LD_LIBRARY_PATH=/home/jakukur/Desktop/standard_god_zhang/install/armor_tracker/lib:/home/jakukur/Desktop/standard_god_zhang/install/armor_detector/lib:/home/jakukur/Desktop/standard_god_zhang/install/auto_aim_interfaces/lib:${LD_LIBRARY_PATH} PYTHONPATH=/home/jakukur/Desktop/standard_god_zhang/install/auto_aim_interfaces/local/lib/python3.10/dist-packages:${PYTHONPATH} /usr/local/bin/cmake --install /home/jakukur/Desktop/standard_god_zhang/build/rm_auto_aim
[0.420s] -- Install configuration: ""
[0.421s] -- Execute custom install script
[0.421s] -- Symlinking: /home/jakukur/Desktop/standard_god_zhang/install/rm_auto_aim/share/ament_index/resource_index/package_run_dependencies/rm_auto_aim
[0.423s] -- Symlinking: /home/jakukur/Desktop/standard_god_zhang/install/rm_auto_aim/share/ament_index/resource_index/parent_prefix_path/rm_auto_aim
[0.425s] -- Symlinking: /home/jakukur/Desktop/standard_god_zhang/install/rm_auto_aim/share/rm_auto_aim/environment/ament_prefix_path.sh
[0.427s] -- Symlinking: /home/jakukur/Desktop/standard_god_zhang/install/rm_auto_aim/share/rm_auto_aim/environment/ament_prefix_path.dsv
[0.429s] -- Symlinking: /home/jakukur/Desktop/standard_god_zhang/install/rm_auto_aim/share/rm_auto_aim/environment/path.sh
[0.431s] -- Symlinking: /home/jakukur/Desktop/standard_god_zhang/install/rm_auto_aim/share/rm_auto_aim/environment/path.dsv
[0.433s] -- Symlinking: /home/jakukur/Desktop/standard_god_zhang/install/rm_auto_aim/share/rm_auto_aim/local_setup.bash
[0.435s] -- Symlinking: /home/jakukur/Desktop/standard_god_zhang/install/rm_auto_aim/share/rm_auto_aim/local_setup.sh
[0.438s] -- Symlinking: /home/jakukur/Desktop/standard_god_zhang/install/rm_auto_aim/share/rm_auto_aim/local_setup.zsh
[0.440s] -- Symlinking: /home/jakukur/Desktop/standard_god_zhang/install/rm_auto_aim/share/rm_auto_aim/local_setup.dsv
[0.443s] -- Symlinking: /home/jakukur/Desktop/standard_god_zhang/install/rm_auto_aim/share/rm_auto_aim/package.dsv
[0.445s] -- Symlinking: /home/jakukur/Desktop/standard_god_zhang/install/rm_auto_aim/share/ament_index/resource_index/packages/rm_auto_aim
[0.447s] -- Symlinking: /home/jakukur/Desktop/standard_god_zhang/install/rm_auto_aim/share/rm_auto_aim/cmake/rm_auto_aimConfig.cmake
[0.449s] -- Symlinking: /home/jakukur/Desktop/standard_god_zhang/install/rm_auto_aim/share/rm_auto_aim/cmake/rm_auto_aimConfig-version.cmake
[0.452s] -- Symlinking: /home/jakukur/Desktop/standard_god_zhang/install/rm_auto_aim/share/rm_auto_aim/package.xml
[0.456s] Invoked command in '/home/jakukur/Desktop/standard_god_zhang/build/rm_auto_aim' returned '0': AMENT_PREFIX_PATH=/home/jakukur/Desktop/standard_god_zhang/install/armor_tracker:/home/jakukur/Desktop/standard_god_zhang/install/armor_detector:/home/jakukur/Desktop/standard_god_zhang/install/auto_aim_interfaces:${AMENT_PREFIX_PATH} CMAKE_PREFIX_PATH=/home/jakukur/Desktop/standard_god_zhang/install/armor_tracker:/home/jakukur/Desktop/standard_god_zhang/install/armor_detector:/home/jakukur/Desktop/standard_god_zhang/install/auto_aim_interfaces:/opt/ros/humble LD_LIBRARY_PATH=/home/jakukur/Desktop/standard_god_zhang/install/armor_tracker/lib:/home/jakukur/Desktop/standard_god_zhang/install/armor_detector/lib:/home/jakukur/Desktop/standard_god_zhang/install/auto_aim_interfaces/lib:${LD_LIBRARY_PATH} PYTHONPATH=/home/jakukur/Desktop/standard_god_zhang/install/auto_aim_interfaces/local/lib/python3.10/dist-packages:${PYTHONPATH} /usr/local/bin/cmake --install /home/jakukur/Desktop/standard_god_zhang/build/rm_auto_aim
