[0.012s] Invoking command in '/home/jakukur/Desktop/standard_god_zhang/build/auto_aim_interfaces': CMAKE_PREFIX_PATH=/opt/ros/humble /usr/local/bin/cmake /home/jakukur/Desktop/standard_god_zhang/src/rm_auto_aim/auto_aim_interfaces -DAMENT_CMAKE_SYMLINK_INSTALL=1 -DCMAKE_INSTALL_PREFIX=/home/jakukur/Desktop/standard_god_zhang/install/auto_aim_interfaces
[0.056s] -- The C compiler identification is GNU 13.1.0
[0.097s] -- The CXX compiler identification is GNU 13.1.0
[0.105s] -- Detecting C compiler ABI info
[0.147s] -- Detecting C compiler ABI info - done
[0.153s] -- Check for working C compiler: /usr/bin/cc - skipped
[0.154s] -- Detecting C compile features
[0.154s] -- Detecting C compile features - done
[0.155s] -- Detecting CXX compiler ABI info
[0.207s] -- Detecting CXX compiler ABI info - done
[0.213s] -- Check for working CXX compiler: /usr/bin/c++ - skipped
[0.213s] -- Detecting CXX compile features
[0.214s] -- Detecting CXX compile features - done
[0.216s] -- Found ament_cmake: 1.3.11 (/opt/ros/humble/share/ament_cmake/cmake)
[0.303s] -- Found Python3: /usr/bin/python3 (found version "3.10.12") found components: Interpreter 
[0.344s] -- Override CMake install command with custom implementation using symlinks instead of copying resources
[0.362s] -- Found rosidl_default_generators: 1.2.0 (/opt/ros/humble/share/rosidl_default_generators/cmake)
[0.364s] -- Using all available rosidl_typesupport_c: rosidl_typesupport_fastrtps_c;rosidl_typesupport_introspection_c
[0.368s] -- Found rosidl_adapter: 3.1.6 (/opt/ros/humble/share/rosidl_adapter/cmake)
[0.394s] -- Using all available rosidl_typesupport_cpp: rosidl_typesupport_fastrtps_cpp;rosidl_typesupport_introspection_cpp
[0.417s] -- Found geometry_msgs: 4.2.4 (/opt/ros/humble/share/geometry_msgs/cmake)
[0.643s] -- Found ament_cmake_ros: 0.10.0 (/opt/ros/humble/share/ament_cmake_ros/cmake)
[0.757s] -- Using all available rosidl_typesupport_c: rosidl_typesupport_fastrtps_c;rosidl_typesupport_introspection_c
[0.912s] -- Using all available rosidl_typesupport_cpp: rosidl_typesupport_fastrtps_cpp;rosidl_typesupport_introspection_cpp
[0.928s] -- Found PythonInterp: /usr/bin/python3 (found suitable version "3.10.12", minimum required is "3.6") 
[0.929s] -- Found python_cmake_module: 0.10.0 (/opt/ros/humble/share/python_cmake_module/cmake)
[0.950s] -- Found PythonLibs: /usr/lib/x86_64-linux-gnu/libpython3.10.so (found suitable version "3.10.12", minimum required is "3.5") 
[0.950s] -- Using PYTHON_EXECUTABLE: /usr/bin/python3
[0.950s] -- Using PYTHON_INCLUDE_DIRS: /usr/include/python3.10
[0.950s] -- Using PYTHON_LIBRARIES: /usr/lib/x86_64-linux-gnu/libpython3.10.so
[0.965s] -- Found PythonExtra: .so  
[1.027s] -- Configuring done
[1.066s] -- Generating done
[1.076s] -- Build files have been written to: /home/jakukur/Desktop/standard_god_zhang/build/auto_aim_interfaces
[1.083s] Invoked command in '/home/jakukur/Desktop/standard_god_zhang/build/auto_aim_interfaces' returned '0': CMAKE_PREFIX_PATH=/opt/ros/humble /usr/local/bin/cmake /home/jakukur/Desktop/standard_god_zhang/src/rm_auto_aim/auto_aim_interfaces -DAMENT_CMAKE_SYMLINK_INSTALL=1 -DCMAKE_INSTALL_PREFIX=/home/jakukur/Desktop/standard_god_zhang/install/auto_aim_interfaces
[1.084s] Invoking command in '/home/jakukur/Desktop/standard_god_zhang/build/auto_aim_interfaces': CMAKE_PREFIX_PATH=/opt/ros/humble /usr/local/bin/cmake --build /home/jakukur/Desktop/standard_god_zhang/build/auto_aim_interfaces -- -j20 -l20
[1.108s] [  1%] [34m[1mGenerating C code for ROS interfaces[0m
[1.114s] [  1%] [34m[1mGenerating C++ code for ROS interfaces[0m
[1.116s] [  1%] Built target ament_cmake_python_symlink_auto_aim_interfaces
[1.264s] running egg_info
[1.264s] creating auto_aim_interfaces.egg-info
[1.264s] writing auto_aim_interfaces.egg-info/PKG-INFO
[1.265s] writing dependency_links to auto_aim_interfaces.egg-info/dependency_links.txt
[1.265s] writing top-level names to auto_aim_interfaces.egg-info/top_level.txt
[1.265s] writing manifest file 'auto_aim_interfaces.egg-info/SOURCES.txt'
[1.266s] reading manifest file 'auto_aim_interfaces.egg-info/SOURCES.txt'
[1.266s] writing manifest file 'auto_aim_interfaces.egg-info/SOURCES.txt'
[1.284s] [  1%] Built target ament_cmake_python_build_auto_aim_interfaces_egg
[1.675s] [  3%] [32mBuilding C object CMakeFiles/auto_aim_interfaces__rosidl_generator_c.dir/rosidl_generator_c/auto_aim_interfaces/msg/detail/target__functions.c.o[0m
[1.675s] [  3%] [32mBuilding C object CMakeFiles/auto_aim_interfaces__rosidl_generator_c.dir/rosidl_generator_c/auto_aim_interfaces/msg/detail/armor__functions.c.o[0m
[1.675s] [  3%] [32mBuilding C object CMakeFiles/auto_aim_interfaces__rosidl_generator_c.dir/rosidl_generator_c/auto_aim_interfaces/msg/detail/armors__functions.c.o[0m
[1.676s] [  4%] [32mBuilding C object CMakeFiles/auto_aim_interfaces__rosidl_generator_c.dir/rosidl_generator_c/auto_aim_interfaces/msg/detail/debug_light__functions.c.o[0m
[1.676s] [  4%] [32mBuilding C object CMakeFiles/auto_aim_interfaces__rosidl_generator_c.dir/rosidl_generator_c/auto_aim_interfaces/msg/detail/target_rune__functions.c.o[0m
[1.676s] [  5%] [32mBuilding C object CMakeFiles/auto_aim_interfaces__rosidl_generator_c.dir/rosidl_generator_c/auto_aim_interfaces/msg/detail/rune__functions.c.o[0m
[1.676s] [  6%] [32mBuilding C object CMakeFiles/auto_aim_interfaces__rosidl_generator_c.dir/rosidl_generator_c/auto_aim_interfaces/msg/detail/debug_lights__functions.c.o[0m
[1.676s] [  7%] [32mBuilding C object CMakeFiles/auto_aim_interfaces__rosidl_generator_c.dir/rosidl_generator_c/auto_aim_interfaces/msg/detail/debug_armor__functions.c.o[0m
[1.677s] [  8%] [32mBuilding C object CMakeFiles/auto_aim_interfaces__rosidl_generator_c.dir/rosidl_generator_c/auto_aim_interfaces/msg/detail/debug_armors__functions.c.o[0m
[1.677s] [  8%] [32mBuilding C object CMakeFiles/auto_aim_interfaces__rosidl_generator_c.dir/rosidl_generator_c/auto_aim_interfaces/msg/detail/debug_send__functions.c.o[0m
[1.677s] [  8%] [32mBuilding C object CMakeFiles/auto_aim_interfaces__rosidl_generator_c.dir/rosidl_generator_c/auto_aim_interfaces/msg/detail/tracker_info__functions.c.o[0m
[1.677s] [  9%] [32mBuilding C object CMakeFiles/auto_aim_interfaces__rosidl_generator_c.dir/rosidl_generator_c/auto_aim_interfaces/msg/detail/debug_send_armors__functions.c.o[0m
[1.677s] [ 10%] [32mBuilding C object CMakeFiles/auto_aim_interfaces__rosidl_generator_c.dir/rosidl_generator_c/auto_aim_interfaces/msg/detail/debug_rune__functions.c.o[0m
[1.680s] [ 11%] [32mBuilding C object CMakeFiles/auto_aim_interfaces__rosidl_generator_c.dir/rosidl_generator_c/auto_aim_interfaces/msg/detail/send_armors__functions.c.o[0m
[1.731s] [ 12%] [32m[1mLinking C shared library libauto_aim_interfaces__rosidl_generator_c.so[0m
[1.756s] [ 12%] Built target auto_aim_interfaces__rosidl_generator_c
[1.761s] [ 13%] [34m[1mGenerating C type support dispatch for ROS interfaces[0m
[1.763s] [ 14%] [34m[1mGenerating C type support for eProsima Fast-RTPS[0m
[1.763s] [ 15%] [34m[1mGenerating C introspection for ROS interfaces[0m
[1.801s] [ 15%] Built target auto_aim_interfaces__cpp
[1.805s] [ 15%] [34m[1mGenerating C++ introspection for ROS interfaces[0m
[1.806s] [ 16%] [34m[1mGenerating C++ type support for eProsima Fast-RTPS[0m
[1.806s] [ 17%] [34m[1mGenerating C++ type support dispatch for ROS interfaces[0m
[2.077s] [ 19%] [32mBuilding CXX object CMakeFiles/auto_aim_interfaces__rosidl_typesupport_c.dir/rosidl_typesupport_c/auto_aim_interfaces/msg/rune__type_support.cpp.o[0m
[2.077s] [ 19%] [32mBuilding CXX object CMakeFiles/auto_aim_interfaces__rosidl_typesupport_c.dir/rosidl_typesupport_c/auto_aim_interfaces/msg/armors__type_support.cpp.o[0m
[2.077s] [ 19%] [32mBuilding CXX object CMakeFiles/auto_aim_interfaces__rosidl_typesupport_c.dir/rosidl_typesupport_c/auto_aim_interfaces/msg/armor__type_support.cpp.o[0m
[2.077s] [ 20%] [32mBuilding CXX object CMakeFiles/auto_aim_interfaces__rosidl_typesupport_c.dir/rosidl_typesupport_c/auto_aim_interfaces/msg/target__type_support.cpp.o[0m
[2.078s] [ 20%] [32mBuilding CXX object CMakeFiles/auto_aim_interfaces__rosidl_typesupport_c.dir/rosidl_typesupport_c/auto_aim_interfaces/msg/target_rune__type_support.cpp.o[0m
[2.078s] [ 21%] [32mBuilding CXX object CMakeFiles/auto_aim_interfaces__rosidl_typesupport_c.dir/rosidl_typesupport_c/auto_aim_interfaces/msg/debug_light__type_support.cpp.o[0m
[2.078s] [ 22%] [32mBuilding CXX object CMakeFiles/auto_aim_interfaces__rosidl_typesupport_c.dir/rosidl_typesupport_c/auto_aim_interfaces/msg/debug_lights__type_support.cpp.o[0m
[2.078s] [ 23%] [32mBuilding CXX object CMakeFiles/auto_aim_interfaces__rosidl_typesupport_c.dir/rosidl_typesupport_c/auto_aim_interfaces/msg/debug_armor__type_support.cpp.o[0m
[2.078s] [ 24%] [32mBuilding CXX object CMakeFiles/auto_aim_interfaces__rosidl_typesupport_c.dir/rosidl_typesupport_c/auto_aim_interfaces/msg/debug_rune__type_support.cpp.o[0m
[2.079s] [ 24%] [32mBuilding CXX object CMakeFiles/auto_aim_interfaces__rosidl_typesupport_c.dir/rosidl_typesupport_c/auto_aim_interfaces/msg/debug_armors__type_support.cpp.o[0m
[2.080s] [ 25%] [32mBuilding CXX object CMakeFiles/auto_aim_interfaces__rosidl_typesupport_c.dir/rosidl_typesupport_c/auto_aim_interfaces/msg/debug_send__type_support.cpp.o[0m
[2.090s] [ 26%] [32mBuilding CXX object CMakeFiles/auto_aim_interfaces__rosidl_typesupport_c.dir/rosidl_typesupport_c/auto_aim_interfaces/msg/debug_send_armors__type_support.cpp.o[0m
[2.093s] [ 26%] [32mBuilding CXX object CMakeFiles/auto_aim_interfaces__rosidl_typesupport_c.dir/rosidl_typesupport_c/auto_aim_interfaces/msg/tracker_info__type_support.cpp.o[0m
[2.100s] [ 27%] [32mBuilding CXX object CMakeFiles/auto_aim_interfaces__rosidl_typesupport_c.dir/rosidl_typesupport_c/auto_aim_interfaces/msg/send_armors__type_support.cpp.o[0m
[2.122s] [ 28%] [32m[1mLinking CXX shared library libauto_aim_interfaces__rosidl_typesupport_c.so[0m
[2.147s] [ 28%] Built target auto_aim_interfaces__rosidl_typesupport_c
[2.202s] [ 29%] [32mBuilding CXX object CMakeFiles/auto_aim_interfaces__rosidl_typesupport_cpp.dir/rosidl_typesupport_cpp/auto_aim_interfaces/msg/armors__type_support.cpp.o[0m
[2.203s] [ 30%] [32mBuilding CXX object CMakeFiles/auto_aim_interfaces__rosidl_typesupport_cpp.dir/rosidl_typesupport_cpp/auto_aim_interfaces/msg/target__type_support.cpp.o[0m
[2.203s] [ 31%] [32mBuilding CXX object CMakeFiles/auto_aim_interfaces__rosidl_typesupport_cpp.dir/rosidl_typesupport_cpp/auto_aim_interfaces/msg/armor__type_support.cpp.o[0m
[2.203s] [ 31%] [32mBuilding CXX object CMakeFiles/auto_aim_interfaces__rosidl_typesupport_cpp.dir/rosidl_typesupport_cpp/auto_aim_interfaces/msg/rune__type_support.cpp.o[0m
[2.205s] [ 31%] [32mBuilding CXX object CMakeFiles/auto_aim_interfaces__rosidl_typesupport_cpp.dir/rosidl_typesupport_cpp/auto_aim_interfaces/msg/debug_light__type_support.cpp.o[0m
[2.205s] [ 32%] [32mBuilding CXX object CMakeFiles/auto_aim_interfaces__rosidl_typesupport_cpp.dir/rosidl_typesupport_cpp/auto_aim_interfaces/msg/target_rune__type_support.cpp.o[0m
[2.205s] [ 33%] [32mBuilding CXX object CMakeFiles/auto_aim_interfaces__rosidl_typesupport_cpp.dir/rosidl_typesupport_cpp/auto_aim_interfaces/msg/debug_lights__type_support.cpp.o[0m
[2.211s] [ 35%] [32mBuilding CXX object CMakeFiles/auto_aim_interfaces__rosidl_typesupport_cpp.dir/rosidl_typesupport_cpp/auto_aim_interfaces/msg/debug_armors__type_support.cpp.o[0m
[2.211s] [ 35%] [32mBuilding CXX object CMakeFiles/auto_aim_interfaces__rosidl_typesupport_cpp.dir/rosidl_typesupport_cpp/auto_aim_interfaces/msg/debug_armor__type_support.cpp.o[0m
[2.211s] [ 35%] [32mBuilding CXX object CMakeFiles/auto_aim_interfaces__rosidl_typesupport_cpp.dir/rosidl_typesupport_cpp/auto_aim_interfaces/msg/debug_rune__type_support.cpp.o[0m
[2.211s] [ 37%] [32mBuilding CXX object CMakeFiles/auto_aim_interfaces__rosidl_typesupport_cpp.dir/rosidl_typesupport_cpp/auto_aim_interfaces/msg/debug_send_armors__type_support.cpp.o[0m
[2.211s] [ 36%] [32mBuilding CXX object CMakeFiles/auto_aim_interfaces__rosidl_typesupport_cpp.dir/rosidl_typesupport_cpp/auto_aim_interfaces/msg/tracker_info__type_support.cpp.o[0m
[2.212s] [ 38%] [32mBuilding CXX object CMakeFiles/auto_aim_interfaces__rosidl_typesupport_cpp.dir/rosidl_typesupport_cpp/auto_aim_interfaces/msg/debug_send__type_support.cpp.o[0m
[2.214s] [ 38%] [32mBuilding CXX object CMakeFiles/auto_aim_interfaces__rosidl_typesupport_cpp.dir/rosidl_typesupport_cpp/auto_aim_interfaces/msg/send_armors__type_support.cpp.o[0m
[2.367s] [ 39%] [32mBuilding CXX object CMakeFiles/auto_aim_interfaces__rosidl_typesupport_introspection_cpp.dir/rosidl_typesupport_introspection_cpp/auto_aim_interfaces/msg/detail/armor__type_support.cpp.o[0m
[2.373s] [ 40%] [32mBuilding CXX object CMakeFiles/auto_aim_interfaces__rosidl_typesupport_introspection_cpp.dir/rosidl_typesupport_introspection_cpp/auto_aim_interfaces/msg/detail/armors__type_support.cpp.o[0m
[2.377s] [ 41%] [32mBuilding CXX object CMakeFiles/auto_aim_interfaces__rosidl_typesupport_introspection_cpp.dir/rosidl_typesupport_introspection_cpp/auto_aim_interfaces/msg/detail/rune__type_support.cpp.o[0m
[2.480s] [ 42%] [32mBuilding CXX object CMakeFiles/auto_aim_interfaces__rosidl_typesupport_introspection_cpp.dir/rosidl_typesupport_introspection_cpp/auto_aim_interfaces/msg/detail/target_rune__type_support.cpp.o[0m
[2.482s] [ 42%] [32mBuilding CXX object CMakeFiles/auto_aim_interfaces__rosidl_typesupport_introspection_cpp.dir/rosidl_typesupport_introspection_cpp/auto_aim_interfaces/msg/detail/target__type_support.cpp.o[0m
[2.496s] [ 43%] [32mBuilding CXX object CMakeFiles/auto_aim_interfaces__rosidl_typesupport_introspection_cpp.dir/rosidl_typesupport_introspection_cpp/auto_aim_interfaces/msg/detail/debug_light__type_support.cpp.o[0m
[2.497s] [ 44%] [32mBuilding CXX object CMakeFiles/auto_aim_interfaces__rosidl_typesupport_fastrtps_cpp.dir/rosidl_typesupport_fastrtps_cpp/auto_aim_interfaces/msg/detail/dds_fastrtps/armor__type_support.cpp.o[0m
[2.513s] [ 45%] [32mBuilding CXX object CMakeFiles/auto_aim_interfaces__rosidl_typesupport_fastrtps_cpp.dir/rosidl_typesupport_fastrtps_cpp/auto_aim_interfaces/msg/detail/dds_fastrtps/armors__type_support.cpp.o[0m
[2.519s] [ 45%] [32mBuilding CXX object CMakeFiles/auto_aim_interfaces__rosidl_typesupport_fastrtps_cpp.dir/rosidl_typesupport_fastrtps_cpp/auto_aim_interfaces/msg/detail/dds_fastrtps/rune__type_support.cpp.o[0m
[2.547s] [ 46%] [32mBuilding CXX object CMakeFiles/auto_aim_interfaces__rosidl_typesupport_introspection_cpp.dir/rosidl_typesupport_introspection_cpp/auto_aim_interfaces/msg/detail/debug_lights__type_support.cpp.o[0m
[2.553s] [ 47%] [32mBuilding CXX object CMakeFiles/auto_aim_interfaces__rosidl_typesupport_fastrtps_cpp.dir/rosidl_typesupport_fastrtps_cpp/auto_aim_interfaces/msg/detail/dds_fastrtps/target__type_support.cpp.o[0m
[2.574s] [ 47%] [32mBuilding CXX object CMakeFiles/auto_aim_interfaces__rosidl_typesupport_introspection_cpp.dir/rosidl_typesupport_introspection_cpp/auto_aim_interfaces/msg/detail/debug_armor__type_support.cpp.o[0m
[2.585s] [ 48%] [32mBuilding CXX object CMakeFiles/auto_aim_interfaces__rosidl_typesupport_introspection_cpp.dir/rosidl_typesupport_introspection_cpp/auto_aim_interfaces/msg/detail/debug_armors__type_support.cpp.o[0m
[2.585s] [ 49%] [32mBuilding CXX object CMakeFiles/auto_aim_interfaces__rosidl_typesupport_fastrtps_cpp.dir/rosidl_typesupport_fastrtps_cpp/auto_aim_interfaces/msg/detail/dds_fastrtps/target_rune__type_support.cpp.o[0m
[2.587s] [ 50%] [32mBuilding CXX object CMakeFiles/auto_aim_interfaces__rosidl_typesupport_fastrtps_cpp.dir/rosidl_typesupport_fastrtps_cpp/auto_aim_interfaces/msg/detail/dds_fastrtps/debug_light__type_support.cpp.o[0m
[2.603s] [ 51%] [32mBuilding CXX object CMakeFiles/auto_aim_interfaces__rosidl_typesupport_introspection_cpp.dir/rosidl_typesupport_introspection_cpp/auto_aim_interfaces/msg/detail/debug_rune__type_support.cpp.o[0m
[2.622s] [ 52%] [32mBuilding CXX object CMakeFiles/auto_aim_interfaces__rosidl_typesupport_introspection_cpp.dir/rosidl_typesupport_introspection_cpp/auto_aim_interfaces/msg/detail/debug_send__type_support.cpp.o[0m
[2.663s] [ 53%] [32mBuilding C object CMakeFiles/auto_aim_interfaces__rosidl_typesupport_introspection_c.dir/rosidl_typesupport_introspection_c/auto_aim_interfaces/msg/detail/armor__type_support.c.o[0m
[2.733s] [ 54%] [32m[1mLinking CXX shared library libauto_aim_interfaces__rosidl_typesupport_cpp.so[0m
[2.738s] [ 55%] [32mBuilding C object CMakeFiles/auto_aim_interfaces__rosidl_typesupport_introspection_c.dir/rosidl_typesupport_introspection_c/auto_aim_interfaces/msg/detail/armors__type_support.c.o[0m
[2.801s] [ 55%] Built target auto_aim_interfaces__rosidl_typesupport_cpp
[2.806s] [ 55%] [32mBuilding CXX object CMakeFiles/auto_aim_interfaces__rosidl_typesupport_fastrtps_cpp.dir/rosidl_typesupport_fastrtps_cpp/auto_aim_interfaces/msg/detail/dds_fastrtps/debug_lights__type_support.cpp.o[0m
[2.809s] [ 56%] [32mBuilding CXX object CMakeFiles/auto_aim_interfaces__rosidl_typesupport_fastrtps_cpp.dir/rosidl_typesupport_fastrtps_cpp/auto_aim_interfaces/msg/detail/dds_fastrtps/debug_armor__type_support.cpp.o[0m
[2.814s] [ 56%] [32mBuilding C object CMakeFiles/auto_aim_interfaces__rosidl_typesupport_introspection_c.dir/rosidl_typesupport_introspection_c/auto_aim_interfaces/msg/detail/rune__type_support.c.o[0m
[2.824s] [ 56%] [32mBuilding CXX object CMakeFiles/auto_aim_interfaces__rosidl_typesupport_introspection_cpp.dir/rosidl_typesupport_introspection_cpp/auto_aim_interfaces/msg/detail/debug_send_armors__type_support.cpp.o[0m
[2.825s] [ 57%] [32mBuilding CXX object CMakeFiles/auto_aim_interfaces__rosidl_typesupport_fastrtps_cpp.dir/rosidl_typesupport_fastrtps_cpp/auto_aim_interfaces/msg/detail/dds_fastrtps/debug_armors__type_support.cpp.o[0m
[2.834s] [ 58%] [32mBuilding CXX object CMakeFiles/auto_aim_interfaces__rosidl_typesupport_introspection_cpp.dir/rosidl_typesupport_introspection_cpp/auto_aim_interfaces/msg/detail/tracker_info__type_support.cpp.o[0m
[2.849s] [ 59%] [32mBuilding CXX object CMakeFiles/auto_aim_interfaces__rosidl_typesupport_fastrtps_c.dir/rosidl_typesupport_fastrtps_c/auto_aim_interfaces/msg/detail/armor__type_support_c.cpp.o[0m
[2.855s] [ 60%] [32mBuilding C object CMakeFiles/auto_aim_interfaces__rosidl_typesupport_introspection_c.dir/rosidl_typesupport_introspection_c/auto_aim_interfaces/msg/detail/target__type_support.c.o[0m
[2.892s] [ 61%] [32mBuilding C object CMakeFiles/auto_aim_interfaces__rosidl_typesupport_introspection_c.dir/rosidl_typesupport_introspection_c/auto_aim_interfaces/msg/detail/target_rune__type_support.c.o[0m
[2.901s] [ 62%] [32mBuilding CXX object CMakeFiles/auto_aim_interfaces__rosidl_typesupport_fastrtps_cpp.dir/rosidl_typesupport_fastrtps_cpp/auto_aim_interfaces/msg/detail/dds_fastrtps/debug_rune__type_support.cpp.o[0m
[2.952s] [ 63%] [32mBuilding C object CMakeFiles/auto_aim_interfaces__rosidl_typesupport_introspection_c.dir/rosidl_typesupport_introspection_c/auto_aim_interfaces/msg/detail/debug_light__type_support.c.o[0m
[2.952s] [ 63%] [32mBuilding CXX object CMakeFiles/auto_aim_interfaces__rosidl_typesupport_fastrtps_cpp.dir/rosidl_typesupport_fastrtps_cpp/auto_aim_interfaces/msg/detail/dds_fastrtps/debug_send__type_support.cpp.o[0m
[2.975s] [ 63%] [32mBuilding CXX object CMakeFiles/auto_aim_interfaces__rosidl_typesupport_fastrtps_c.dir/rosidl_typesupport_fastrtps_c/auto_aim_interfaces/msg/detail/armors__type_support_c.cpp.o[0m
[2.978s] [ 64%] [32mBuilding CXX object CMakeFiles/auto_aim_interfaces__rosidl_typesupport_introspection_cpp.dir/rosidl_typesupport_introspection_cpp/auto_aim_interfaces/msg/detail/send_armors__type_support.cpp.o[0m
[2.985s] [ 64%] [32mBuilding C object CMakeFiles/auto_aim_interfaces__rosidl_typesupport_introspection_c.dir/rosidl_typesupport_introspection_c/auto_aim_interfaces/msg/detail/debug_lights__type_support.c.o[0m
[3.012s] [ 65%] [32mBuilding CXX object CMakeFiles/auto_aim_interfaces__rosidl_typesupport_fastrtps_c.dir/rosidl_typesupport_fastrtps_c/auto_aim_interfaces/msg/detail/rune__type_support_c.cpp.o[0m
[3.046s] [ 66%] [32mBuilding CXX object CMakeFiles/auto_aim_interfaces__rosidl_typesupport_fastrtps_cpp.dir/rosidl_typesupport_fastrtps_cpp/auto_aim_interfaces/msg/detail/dds_fastrtps/debug_send_armors__type_support.cpp.o[0m
[3.054s] [ 67%] [32mBuilding CXX object CMakeFiles/auto_aim_interfaces__rosidl_typesupport_fastrtps_c.dir/rosidl_typesupport_fastrtps_c/auto_aim_interfaces/msg/detail/target__type_support_c.cpp.o[0m
[3.057s] [ 68%] [32mBuilding C object CMakeFiles/auto_aim_interfaces__rosidl_typesupport_introspection_c.dir/rosidl_typesupport_introspection_c/auto_aim_interfaces/msg/detail/debug_armor__type_support.c.o[0m
[3.073s] [ 69%] [32mBuilding CXX object CMakeFiles/auto_aim_interfaces__rosidl_typesupport_fastrtps_c.dir/rosidl_typesupport_fastrtps_c/auto_aim_interfaces/msg/detail/target_rune__type_support_c.cpp.o[0m
[3.110s] [ 70%] [32mBuilding C object CMakeFiles/auto_aim_interfaces__rosidl_typesupport_introspection_c.dir/rosidl_typesupport_introspection_c/auto_aim_interfaces/msg/detail/debug_armors__type_support.c.o[0m
[3.122s] [ 70%] [32mBuilding C object CMakeFiles/auto_aim_interfaces__rosidl_typesupport_introspection_c.dir/rosidl_typesupport_introspection_c/auto_aim_interfaces/msg/detail/debug_rune__type_support.c.o[0m
[3.123s] [ 71%] [32mBuilding C object CMakeFiles/auto_aim_interfaces__rosidl_typesupport_introspection_c.dir/rosidl_typesupport_introspection_c/auto_aim_interfaces/msg/detail/debug_send__type_support.c.o[0m
[3.177s] [ 71%] [32mBuilding CXX object CMakeFiles/auto_aim_interfaces__rosidl_typesupport_fastrtps_c.dir/rosidl_typesupport_fastrtps_c/auto_aim_interfaces/msg/detail/debug_light__type_support_c.cpp.o[0m
[3.177s] [ 72%] [32mBuilding C object CMakeFiles/auto_aim_interfaces__rosidl_typesupport_introspection_c.dir/rosidl_typesupport_introspection_c/auto_aim_interfaces/msg/detail/debug_send_armors__type_support.c.o[0m
[3.194s] [ 73%] [32mBuilding CXX object CMakeFiles/auto_aim_interfaces__rosidl_typesupport_fastrtps_cpp.dir/rosidl_typesupport_fastrtps_cpp/auto_aim_interfaces/msg/detail/dds_fastrtps/tracker_info__type_support.cpp.o[0m
[3.206s] [ 74%] [32mBuilding C object CMakeFiles/auto_aim_interfaces__rosidl_typesupport_introspection_c.dir/rosidl_typesupport_introspection_c/auto_aim_interfaces/msg/detail/tracker_info__type_support.c.o[0m
[3.213s] [ 75%] [32mBuilding CXX object CMakeFiles/auto_aim_interfaces__rosidl_typesupport_fastrtps_c.dir/rosidl_typesupport_fastrtps_c/auto_aim_interfaces/msg/detail/debug_lights__type_support_c.cpp.o[0m
[3.246s] [ 76%] [32mBuilding CXX object CMakeFiles/auto_aim_interfaces__rosidl_typesupport_fastrtps_c.dir/rosidl_typesupport_fastrtps_c/auto_aim_interfaces/msg/detail/debug_armor__type_support_c.cpp.o[0m
[3.249s] [ 77%] [32mBuilding CXX object CMakeFiles/auto_aim_interfaces__rosidl_typesupport_fastrtps_c.dir/rosidl_typesupport_fastrtps_c/auto_aim_interfaces/msg/detail/debug_armors__type_support_c.cpp.o[0m
[3.271s] [ 77%] [32mBuilding C object CMakeFiles/auto_aim_interfaces__rosidl_typesupport_introspection_c.dir/rosidl_typesupport_introspection_c/auto_aim_interfaces/msg/detail/send_armors__type_support.c.o[0m
[3.282s] [ 78%] [32mBuilding CXX object CMakeFiles/auto_aim_interfaces__rosidl_typesupport_fastrtps_cpp.dir/rosidl_typesupport_fastrtps_cpp/auto_aim_interfaces/msg/detail/dds_fastrtps/send_armors__type_support.cpp.o[0m
[3.314s] [ 78%] [32mBuilding CXX object CMakeFiles/auto_aim_interfaces__rosidl_typesupport_fastrtps_c.dir/rosidl_typesupport_fastrtps_c/auto_aim_interfaces/msg/detail/debug_rune__type_support_c.cpp.o[0m
[3.333s] [ 79%] [32m[1mLinking C shared library libauto_aim_interfaces__rosidl_typesupport_introspection_c.so[0m
[3.352s] [ 80%] [32mBuilding CXX object CMakeFiles/auto_aim_interfaces__rosidl_typesupport_fastrtps_c.dir/rosidl_typesupport_fastrtps_c/auto_aim_interfaces/msg/detail/debug_send__type_support_c.cpp.o[0m
[3.354s] [ 81%] [32mBuilding CXX object CMakeFiles/auto_aim_interfaces__rosidl_typesupport_fastrtps_c.dir/rosidl_typesupport_fastrtps_c/auto_aim_interfaces/msg/detail/debug_send_armors__type_support_c.cpp.o[0m
[3.366s] [ 81%] Built target auto_aim_interfaces__rosidl_typesupport_introspection_c
[3.370s] [ 81%] [32mBuilding CXX object CMakeFiles/auto_aim_interfaces__rosidl_typesupport_fastrtps_c.dir/rosidl_typesupport_fastrtps_c/auto_aim_interfaces/msg/detail/send_armors__type_support_c.cpp.o[0m
[3.375s] [ 82%] [32mBuilding CXX object CMakeFiles/auto_aim_interfaces__rosidl_typesupport_fastrtps_c.dir/rosidl_typesupport_fastrtps_c/auto_aim_interfaces/msg/detail/tracker_info__type_support_c.cpp.o[0m
[3.461s] [ 83%] [32m[1mLinking CXX shared library libauto_aim_interfaces__rosidl_typesupport_introspection_cpp.so[0m
[3.564s] [ 83%] Built target auto_aim_interfaces__rosidl_typesupport_introspection_cpp
[3.719s] [ 83%] [32m[1mLinking CXX shared library libauto_aim_interfaces__rosidl_typesupport_fastrtps_cpp.so[0m
[3.772s] [ 83%] Built target auto_aim_interfaces__rosidl_typesupport_fastrtps_cpp
[3.781s] [ 84%] [32m[1mLinking CXX shared library libauto_aim_interfaces__rosidl_typesupport_fastrtps_c.so[0m
[3.829s] [ 84%] Built target auto_aim_interfaces__rosidl_typesupport_fastrtps_c
[3.838s] [ 84%] Built target auto_aim_interfaces
[3.850s] [ 85%] [34m[1mGenerating Python code for ROS interfaces[0m
[4.715s] [ 85%] Built target auto_aim_interfaces__py
[4.724s] [ 85%] [32mBuilding C object CMakeFiles/auto_aim_interfaces__rosidl_generator_py.dir/rosidl_generator_py/auto_aim_interfaces/msg/_armors_s.c.o[0m
[4.724s] [ 86%] [32mBuilding C object CMakeFiles/auto_aim_interfaces__rosidl_generator_py.dir/rosidl_generator_py/auto_aim_interfaces/msg/_rune_s.c.o[0m
[4.724s] [ 87%] [32mBuilding C object CMakeFiles/auto_aim_interfaces__rosidl_generator_py.dir/rosidl_generator_py/auto_aim_interfaces/msg/_armor_s.c.o[0m
[4.725s] [ 87%] [32mBuilding C object CMakeFiles/auto_aim_interfaces__rosidl_generator_py.dir/rosidl_generator_py/auto_aim_interfaces/msg/_debug_light_s.c.o[0m
[4.726s] [ 89%] [32mBuilding C object CMakeFiles/auto_aim_interfaces__rosidl_generator_py.dir/rosidl_generator_py/auto_aim_interfaces/msg/_debug_armor_s.c.o[0m
[4.726s] [ 89%] [32mBuilding C object CMakeFiles/auto_aim_interfaces__rosidl_generator_py.dir/rosidl_generator_py/auto_aim_interfaces/msg/_target_rune_s.c.o[0m
[4.726s] [ 90%] [32mBuilding C object CMakeFiles/auto_aim_interfaces__rosidl_generator_py.dir/rosidl_generator_py/auto_aim_interfaces/msg/_target_s.c.o[0m
[4.727s] [ 91%] [32mBuilding C object CMakeFiles/auto_aim_interfaces__rosidl_generator_py.dir/rosidl_generator_py/auto_aim_interfaces/msg/_debug_lights_s.c.o[0m
[4.727s] [ 92%] [32mBuilding C object CMakeFiles/auto_aim_interfaces__rosidl_generator_py.dir/rosidl_generator_py/auto_aim_interfaces/msg/_debug_send_s.c.o[0m
[4.728s] [ 93%] [32mBuilding C object CMakeFiles/auto_aim_interfaces__rosidl_generator_py.dir/rosidl_generator_py/auto_aim_interfaces/msg/_debug_armors_s.c.o[0m
[4.728s] [ 93%] [32mBuilding C object CMakeFiles/auto_aim_interfaces__rosidl_generator_py.dir/rosidl_generator_py/auto_aim_interfaces/msg/_tracker_info_s.c.o[0m
[4.728s] [ 93%] [32mBuilding C object CMakeFiles/auto_aim_interfaces__rosidl_generator_py.dir/rosidl_generator_py/auto_aim_interfaces/msg/_debug_rune_s.c.o[0m
[4.729s] [ 94%] [32mBuilding C object CMakeFiles/auto_aim_interfaces__rosidl_generator_py.dir/rosidl_generator_py/auto_aim_interfaces/msg/_debug_send_armors_s.c.o[0m
[4.729s] [ 95%] [32mBuilding C object CMakeFiles/auto_aim_interfaces__rosidl_generator_py.dir/rosidl_generator_py/auto_aim_interfaces/msg/_send_armors_s.c.o[0m
[4.846s] [ 96%] [32m[1mLinking C shared library rosidl_generator_py/auto_aim_interfaces/libauto_aim_interfaces__rosidl_generator_py.so[0m
[4.871s] [ 96%] Built target auto_aim_interfaces__rosidl_generator_py
[4.880s] [ 97%] [32mBuilding C object CMakeFiles/auto_aim_interfaces__rosidl_typesupport_fastrtps_c__pyext.dir/rosidl_generator_py/auto_aim_interfaces/_auto_aim_interfaces_s.ep.rosidl_typesupport_fastrtps_c.c.o[0m
[4.882s] [ 99%] [32mBuilding C object CMakeFiles/auto_aim_interfaces__rosidl_typesupport_c__pyext.dir/rosidl_generator_py/auto_aim_interfaces/_auto_aim_interfaces_s.ep.rosidl_typesupport_c.c.o[0m
[4.882s] [ 99%] [32mBuilding C object CMakeFiles/auto_aim_interfaces__rosidl_typesupport_introspection_c__pyext.dir/rosidl_generator_py/auto_aim_interfaces/_auto_aim_interfaces_s.ep.rosidl_typesupport_introspection_c.c.o[0m
[4.967s] [100%] [32m[1mLinking C shared library rosidl_generator_py/auto_aim_interfaces/auto_aim_interfaces_s__rosidl_typesupport_introspection_c.cpython-310-x86_64-linux-gnu.so[0m
[4.968s] [100%] [32m[1mLinking C shared library rosidl_generator_py/auto_aim_interfaces/auto_aim_interfaces_s__rosidl_typesupport_c.cpython-310-x86_64-linux-gnu.so[0m
[4.972s] [100%] [32m[1mLinking C shared library rosidl_generator_py/auto_aim_interfaces/auto_aim_interfaces_s__rosidl_typesupport_fastrtps_c.cpython-310-x86_64-linux-gnu.so[0m
[4.990s] [100%] Built target auto_aim_interfaces__rosidl_typesupport_introspection_c__pyext
[4.990s] [100%] Built target auto_aim_interfaces__rosidl_typesupport_c__pyext
[4.994s] [100%] Built target auto_aim_interfaces__rosidl_typesupport_fastrtps_c__pyext
[4.999s] Invoked command in '/home/jakukur/Desktop/standard_god_zhang/build/auto_aim_interfaces' returned '0': CMAKE_PREFIX_PATH=/opt/ros/humble /usr/local/bin/cmake --build /home/jakukur/Desktop/standard_god_zhang/build/auto_aim_interfaces -- -j20 -l20
[5.000s] Invoking command in '/home/jakukur/Desktop/standard_god_zhang/build/auto_aim_interfaces': CMAKE_PREFIX_PATH=/opt/ros/humble /usr/local/bin/cmake --install /home/jakukur/Desktop/standard_god_zhang/build/auto_aim_interfaces
[5.002s] -- Install configuration: ""
[5.003s] -- Execute custom install script
[5.003s] -- Symlinking: /home/jakukur/Desktop/standard_god_zhang/install/auto_aim_interfaces/share/ament_index/resource_index/rosidl_interfaces/auto_aim_interfaces
[5.007s] -- Symlinking: /home/jakukur/Desktop/standard_god_zhang/install/auto_aim_interfaces/include/auto_aim_interfaces/auto_aim_interfaces/msg/armor.h
[5.012s] -- Symlinking: /home/jakukur/Desktop/standard_god_zhang/install/auto_aim_interfaces/include/auto_aim_interfaces/auto_aim_interfaces/msg/armors.h
[5.016s] -- Symlinking: /home/jakukur/Desktop/standard_god_zhang/install/auto_aim_interfaces/include/auto_aim_interfaces/auto_aim_interfaces/msg/debug_armor.h
[5.020s] -- Symlinking: /home/jakukur/Desktop/standard_god_zhang/install/auto_aim_interfaces/include/auto_aim_interfaces/auto_aim_interfaces/msg/debug_armors.h
[5.024s] -- Symlinking: /home/jakukur/Desktop/standard_god_zhang/install/auto_aim_interfaces/include/auto_aim_interfaces/auto_aim_interfaces/msg/debug_light.h
[5.029s] -- Symlinking: /home/jakukur/Desktop/standard_god_zhang/install/auto_aim_interfaces/include/auto_aim_interfaces/auto_aim_interfaces/msg/debug_lights.h
[5.033s] -- Symlinking: /home/jakukur/Desktop/standard_god_zhang/install/auto_aim_interfaces/include/auto_aim_interfaces/auto_aim_interfaces/msg/debug_rune.h
[5.037s] -- Symlinking: /home/jakukur/Desktop/standard_god_zhang/install/auto_aim_interfaces/include/auto_aim_interfaces/auto_aim_interfaces/msg/debug_send.h
[5.041s] -- Symlinking: /home/jakukur/Desktop/standard_god_zhang/install/auto_aim_interfaces/include/auto_aim_interfaces/auto_aim_interfaces/msg/debug_send_armors.h
[5.046s] -- Symlinking: /home/jakukur/Desktop/standard_god_zhang/install/auto_aim_interfaces/include/auto_aim_interfaces/auto_aim_interfaces/msg/detail/armor__functions.h
[5.049s] -- Symlinking: /home/jakukur/Desktop/standard_god_zhang/install/auto_aim_interfaces/include/auto_aim_interfaces/auto_aim_interfaces/msg/detail/armor__struct.h
[5.054s] -- Symlinking: /home/jakukur/Desktop/standard_god_zhang/install/auto_aim_interfaces/include/auto_aim_interfaces/auto_aim_interfaces/msg/detail/armor__type_support.h
[5.058s] -- Symlinking: /home/jakukur/Desktop/standard_god_zhang/install/auto_aim_interfaces/include/auto_aim_interfaces/auto_aim_interfaces/msg/detail/armors__functions.h
[5.063s] -- Symlinking: /home/jakukur/Desktop/standard_god_zhang/install/auto_aim_interfaces/include/auto_aim_interfaces/auto_aim_interfaces/msg/detail/armors__struct.h
[5.069s] -- Symlinking: /home/jakukur/Desktop/standard_god_zhang/install/auto_aim_interfaces/include/auto_aim_interfaces/auto_aim_interfaces/msg/detail/armors__type_support.h
[5.073s] -- Symlinking: /home/jakukur/Desktop/standard_god_zhang/install/auto_aim_interfaces/include/auto_aim_interfaces/auto_aim_interfaces/msg/detail/debug_armor__functions.h
[5.077s] -- Symlinking: /home/jakukur/Desktop/standard_god_zhang/install/auto_aim_interfaces/include/auto_aim_interfaces/auto_aim_interfaces/msg/detail/debug_armor__struct.h
[5.081s] -- Symlinking: /home/jakukur/Desktop/standard_god_zhang/install/auto_aim_interfaces/include/auto_aim_interfaces/auto_aim_interfaces/msg/detail/debug_armor__type_support.h
[5.086s] -- Symlinking: /home/jakukur/Desktop/standard_god_zhang/install/auto_aim_interfaces/include/auto_aim_interfaces/auto_aim_interfaces/msg/detail/debug_armors__functions.h
[5.091s] -- Symlinking: /home/jakukur/Desktop/standard_god_zhang/install/auto_aim_interfaces/include/auto_aim_interfaces/auto_aim_interfaces/msg/detail/debug_armors__struct.h
[5.094s] -- Symlinking: /home/jakukur/Desktop/standard_god_zhang/install/auto_aim_interfaces/include/auto_aim_interfaces/auto_aim_interfaces/msg/detail/debug_armors__type_support.h
[5.097s] -- Symlinking: /home/jakukur/Desktop/standard_god_zhang/install/auto_aim_interfaces/include/auto_aim_interfaces/auto_aim_interfaces/msg/detail/debug_light__functions.h
[5.102s] -- Symlinking: /home/jakukur/Desktop/standard_god_zhang/install/auto_aim_interfaces/include/auto_aim_interfaces/auto_aim_interfaces/msg/detail/debug_light__struct.h
[5.105s] -- Symlinking: /home/jakukur/Desktop/standard_god_zhang/install/auto_aim_interfaces/include/auto_aim_interfaces/auto_aim_interfaces/msg/detail/debug_light__type_support.h
[5.110s] -- Symlinking: /home/jakukur/Desktop/standard_god_zhang/install/auto_aim_interfaces/include/auto_aim_interfaces/auto_aim_interfaces/msg/detail/debug_lights__functions.h
[5.114s] -- Symlinking: /home/jakukur/Desktop/standard_god_zhang/install/auto_aim_interfaces/include/auto_aim_interfaces/auto_aim_interfaces/msg/detail/debug_lights__struct.h
[5.117s] -- Symlinking: /home/jakukur/Desktop/standard_god_zhang/install/auto_aim_interfaces/include/auto_aim_interfaces/auto_aim_interfaces/msg/detail/debug_lights__type_support.h
[5.119s] -- Symlinking: /home/jakukur/Desktop/standard_god_zhang/install/auto_aim_interfaces/include/auto_aim_interfaces/auto_aim_interfaces/msg/detail/debug_rune__functions.h
[5.122s] -- Symlinking: /home/jakukur/Desktop/standard_god_zhang/install/auto_aim_interfaces/include/auto_aim_interfaces/auto_aim_interfaces/msg/detail/debug_rune__struct.h
[5.125s] -- Symlinking: /home/jakukur/Desktop/standard_god_zhang/install/auto_aim_interfaces/include/auto_aim_interfaces/auto_aim_interfaces/msg/detail/debug_rune__type_support.h
[5.127s] -- Symlinking: /home/jakukur/Desktop/standard_god_zhang/install/auto_aim_interfaces/include/auto_aim_interfaces/auto_aim_interfaces/msg/detail/debug_send__functions.h
[5.129s] -- Symlinking: /home/jakukur/Desktop/standard_god_zhang/install/auto_aim_interfaces/include/auto_aim_interfaces/auto_aim_interfaces/msg/detail/debug_send__struct.h
[5.131s] -- Symlinking: /home/jakukur/Desktop/standard_god_zhang/install/auto_aim_interfaces/include/auto_aim_interfaces/auto_aim_interfaces/msg/detail/debug_send__type_support.h
[5.133s] -- Symlinking: /home/jakukur/Desktop/standard_god_zhang/install/auto_aim_interfaces/include/auto_aim_interfaces/auto_aim_interfaces/msg/detail/debug_send_armors__functions.h
[5.136s] -- Symlinking: /home/jakukur/Desktop/standard_god_zhang/install/auto_aim_interfaces/include/auto_aim_interfaces/auto_aim_interfaces/msg/detail/debug_send_armors__struct.h
[5.139s] -- Symlinking: /home/jakukur/Desktop/standard_god_zhang/install/auto_aim_interfaces/include/auto_aim_interfaces/auto_aim_interfaces/msg/detail/debug_send_armors__type_support.h
[5.141s] -- Symlinking: /home/jakukur/Desktop/standard_god_zhang/install/auto_aim_interfaces/include/auto_aim_interfaces/auto_aim_interfaces/msg/detail/rune__functions.h
[5.144s] -- Symlinking: /home/jakukur/Desktop/standard_god_zhang/install/auto_aim_interfaces/include/auto_aim_interfaces/auto_aim_interfaces/msg/detail/rune__struct.h
[5.146s] -- Symlinking: /home/jakukur/Desktop/standard_god_zhang/install/auto_aim_interfaces/include/auto_aim_interfaces/auto_aim_interfaces/msg/detail/rune__type_support.h
[5.149s] -- Symlinking: /home/jakukur/Desktop/standard_god_zhang/install/auto_aim_interfaces/include/auto_aim_interfaces/auto_aim_interfaces/msg/detail/send_armors__functions.h
[5.152s] -- Symlinking: /home/jakukur/Desktop/standard_god_zhang/install/auto_aim_interfaces/include/auto_aim_interfaces/auto_aim_interfaces/msg/detail/send_armors__struct.h
[5.155s] -- Symlinking: /home/jakukur/Desktop/standard_god_zhang/install/auto_aim_interfaces/include/auto_aim_interfaces/auto_aim_interfaces/msg/detail/send_armors__type_support.h
[5.157s] -- Symlinking: /home/jakukur/Desktop/standard_god_zhang/install/auto_aim_interfaces/include/auto_aim_interfaces/auto_aim_interfaces/msg/detail/target__functions.h
[5.160s] -- Symlinking: /home/jakukur/Desktop/standard_god_zhang/install/auto_aim_interfaces/include/auto_aim_interfaces/auto_aim_interfaces/msg/detail/target__struct.h
[5.162s] -- Symlinking: /home/jakukur/Desktop/standard_god_zhang/install/auto_aim_interfaces/include/auto_aim_interfaces/auto_aim_interfaces/msg/detail/target__type_support.h
[5.165s] -- Symlinking: /home/jakukur/Desktop/standard_god_zhang/install/auto_aim_interfaces/include/auto_aim_interfaces/auto_aim_interfaces/msg/detail/target_rune__functions.h
[5.168s] -- Symlinking: /home/jakukur/Desktop/standard_god_zhang/install/auto_aim_interfaces/include/auto_aim_interfaces/auto_aim_interfaces/msg/detail/target_rune__struct.h
[5.171s] -- Symlinking: /home/jakukur/Desktop/standard_god_zhang/install/auto_aim_interfaces/include/auto_aim_interfaces/auto_aim_interfaces/msg/detail/target_rune__type_support.h
[5.173s] -- Symlinking: /home/jakukur/Desktop/standard_god_zhang/install/auto_aim_interfaces/include/auto_aim_interfaces/auto_aim_interfaces/msg/detail/tracker_info__functions.h
[5.175s] -- Symlinking: /home/jakukur/Desktop/standard_god_zhang/install/auto_aim_interfaces/include/auto_aim_interfaces/auto_aim_interfaces/msg/detail/tracker_info__struct.h
[5.178s] -- Symlinking: /home/jakukur/Desktop/standard_god_zhang/install/auto_aim_interfaces/include/auto_aim_interfaces/auto_aim_interfaces/msg/detail/tracker_info__type_support.h
[5.180s] -- Symlinking: /home/jakukur/Desktop/standard_god_zhang/install/auto_aim_interfaces/include/auto_aim_interfaces/auto_aim_interfaces/msg/rosidl_generator_c__visibility_control.h
[5.183s] -- Symlinking: /home/jakukur/Desktop/standard_god_zhang/install/auto_aim_interfaces/include/auto_aim_interfaces/auto_aim_interfaces/msg/rune.h
[5.186s] -- Symlinking: /home/jakukur/Desktop/standard_god_zhang/install/auto_aim_interfaces/include/auto_aim_interfaces/auto_aim_interfaces/msg/send_armors.h
[5.189s] -- Symlinking: /home/jakukur/Desktop/standard_god_zhang/install/auto_aim_interfaces/include/auto_aim_interfaces/auto_aim_interfaces/msg/target.h
[5.192s] -- Symlinking: /home/jakukur/Desktop/standard_god_zhang/install/auto_aim_interfaces/include/auto_aim_interfaces/auto_aim_interfaces/msg/target_rune.h
[5.194s] -- Symlinking: /home/jakukur/Desktop/standard_god_zhang/install/auto_aim_interfaces/include/auto_aim_interfaces/auto_aim_interfaces/msg/tracker_info.h
[5.197s] -- Symlinking: /home/jakukur/Desktop/standard_god_zhang/install/auto_aim_interfaces/share/auto_aim_interfaces/environment/library_path.sh
[5.200s] -- Symlinking: /home/jakukur/Desktop/standard_god_zhang/install/auto_aim_interfaces/share/auto_aim_interfaces/environment/library_path.dsv
[5.203s] -- Symlinking: /home/jakukur/Desktop/standard_god_zhang/install/auto_aim_interfaces/include/auto_aim_interfaces/auto_aim_interfaces/msg/detail/armor__rosidl_typesupport_fastrtps_c.h
[5.206s] -- Symlinking: /home/jakukur/Desktop/standard_god_zhang/install/auto_aim_interfaces/include/auto_aim_interfaces/auto_aim_interfaces/msg/detail/armors__rosidl_typesupport_fastrtps_c.h
[5.208s] -- Symlinking: /home/jakukur/Desktop/standard_god_zhang/install/auto_aim_interfaces/include/auto_aim_interfaces/auto_aim_interfaces/msg/detail/debug_armor__rosidl_typesupport_fastrtps_c.h
[5.211s] -- Symlinking: /home/jakukur/Desktop/standard_god_zhang/install/auto_aim_interfaces/include/auto_aim_interfaces/auto_aim_interfaces/msg/detail/debug_armors__rosidl_typesupport_fastrtps_c.h
[5.213s] -- Symlinking: /home/jakukur/Desktop/standard_god_zhang/install/auto_aim_interfaces/include/auto_aim_interfaces/auto_aim_interfaces/msg/detail/debug_light__rosidl_typesupport_fastrtps_c.h
[5.216s] -- Symlinking: /home/jakukur/Desktop/standard_god_zhang/install/auto_aim_interfaces/include/auto_aim_interfaces/auto_aim_interfaces/msg/detail/debug_lights__rosidl_typesupport_fastrtps_c.h
[5.218s] -- Symlinking: /home/jakukur/Desktop/standard_god_zhang/install/auto_aim_interfaces/include/auto_aim_interfaces/auto_aim_interfaces/msg/detail/debug_rune__rosidl_typesupport_fastrtps_c.h
[5.221s] -- Symlinking: /home/jakukur/Desktop/standard_god_zhang/install/auto_aim_interfaces/include/auto_aim_interfaces/auto_aim_interfaces/msg/detail/debug_send__rosidl_typesupport_fastrtps_c.h
[5.224s] -- Symlinking: /home/jakukur/Desktop/standard_god_zhang/install/auto_aim_interfaces/include/auto_aim_interfaces/auto_aim_interfaces/msg/detail/debug_send_armors__rosidl_typesupport_fastrtps_c.h
[5.226s] -- Symlinking: /home/jakukur/Desktop/standard_god_zhang/install/auto_aim_interfaces/include/auto_aim_interfaces/auto_aim_interfaces/msg/detail/rune__rosidl_typesupport_fastrtps_c.h
[5.229s] -- Symlinking: /home/jakukur/Desktop/standard_god_zhang/install/auto_aim_interfaces/include/auto_aim_interfaces/auto_aim_interfaces/msg/detail/send_armors__rosidl_typesupport_fastrtps_c.h
[5.232s] -- Symlinking: /home/jakukur/Desktop/standard_god_zhang/install/auto_aim_interfaces/include/auto_aim_interfaces/auto_aim_interfaces/msg/detail/target__rosidl_typesupport_fastrtps_c.h
[5.234s] -- Symlinking: /home/jakukur/Desktop/standard_god_zhang/install/auto_aim_interfaces/include/auto_aim_interfaces/auto_aim_interfaces/msg/detail/target_rune__rosidl_typesupport_fastrtps_c.h
[5.237s] -- Symlinking: /home/jakukur/Desktop/standard_god_zhang/install/auto_aim_interfaces/include/auto_aim_interfaces/auto_aim_interfaces/msg/detail/tracker_info__rosidl_typesupport_fastrtps_c.h
[5.240s] -- Symlinking: /home/jakukur/Desktop/standard_god_zhang/install/auto_aim_interfaces/include/auto_aim_interfaces/auto_aim_interfaces/msg/rosidl_typesupport_fastrtps_c__visibility_control.h
[5.243s] -- Symlinking: /home/jakukur/Desktop/standard_god_zhang/install/auto_aim_interfaces/include/auto_aim_interfaces/auto_aim_interfaces/msg/detail/armor__rosidl_typesupport_introspection_c.h
[5.246s] -- Symlinking: /home/jakukur/Desktop/standard_god_zhang/install/auto_aim_interfaces/include/auto_aim_interfaces/auto_aim_interfaces/msg/detail/armors__rosidl_typesupport_introspection_c.h
[5.248s] -- Symlinking: /home/jakukur/Desktop/standard_god_zhang/install/auto_aim_interfaces/include/auto_aim_interfaces/auto_aim_interfaces/msg/detail/debug_armor__rosidl_typesupport_introspection_c.h
[5.251s] -- Symlinking: /home/jakukur/Desktop/standard_god_zhang/install/auto_aim_interfaces/include/auto_aim_interfaces/auto_aim_interfaces/msg/detail/debug_armors__rosidl_typesupport_introspection_c.h
[5.253s] -- Symlinking: /home/jakukur/Desktop/standard_god_zhang/install/auto_aim_interfaces/include/auto_aim_interfaces/auto_aim_interfaces/msg/detail/debug_light__rosidl_typesupport_introspection_c.h
[5.255s] -- Symlinking: /home/jakukur/Desktop/standard_god_zhang/install/auto_aim_interfaces/include/auto_aim_interfaces/auto_aim_interfaces/msg/detail/debug_lights__rosidl_typesupport_introspection_c.h
[5.258s] -- Symlinking: /home/jakukur/Desktop/standard_god_zhang/install/auto_aim_interfaces/include/auto_aim_interfaces/auto_aim_interfaces/msg/detail/debug_rune__rosidl_typesupport_introspection_c.h
[5.261s] -- Symlinking: /home/jakukur/Desktop/standard_god_zhang/install/auto_aim_interfaces/include/auto_aim_interfaces/auto_aim_interfaces/msg/detail/debug_send__rosidl_typesupport_introspection_c.h
[5.265s] -- Symlinking: /home/jakukur/Desktop/standard_god_zhang/install/auto_aim_interfaces/include/auto_aim_interfaces/auto_aim_interfaces/msg/detail/debug_send_armors__rosidl_typesupport_introspection_c.h
[5.270s] -- Symlinking: /home/jakukur/Desktop/standard_god_zhang/install/auto_aim_interfaces/include/auto_aim_interfaces/auto_aim_interfaces/msg/detail/rune__rosidl_typesupport_introspection_c.h
[5.274s] -- Symlinking: /home/jakukur/Desktop/standard_god_zhang/install/auto_aim_interfaces/include/auto_aim_interfaces/auto_aim_interfaces/msg/detail/send_armors__rosidl_typesupport_introspection_c.h
[5.278s] -- Symlinking: /home/jakukur/Desktop/standard_god_zhang/install/auto_aim_interfaces/include/auto_aim_interfaces/auto_aim_interfaces/msg/detail/target__rosidl_typesupport_introspection_c.h
[5.283s] -- Symlinking: /home/jakukur/Desktop/standard_god_zhang/install/auto_aim_interfaces/include/auto_aim_interfaces/auto_aim_interfaces/msg/detail/target_rune__rosidl_typesupport_introspection_c.h
[5.288s] -- Symlinking: /home/jakukur/Desktop/standard_god_zhang/install/auto_aim_interfaces/include/auto_aim_interfaces/auto_aim_interfaces/msg/detail/tracker_info__rosidl_typesupport_introspection_c.h
[5.292s] -- Symlinking: /home/jakukur/Desktop/standard_god_zhang/install/auto_aim_interfaces/include/auto_aim_interfaces/auto_aim_interfaces/msg/rosidl_typesupport_introspection_c__visibility_control.h
[5.297s] -- Symlinking: /home/jakukur/Desktop/standard_god_zhang/install/auto_aim_interfaces/include/auto_aim_interfaces/auto_aim_interfaces/msg/armor.hpp
[5.301s] -- Symlinking: /home/jakukur/Desktop/standard_god_zhang/install/auto_aim_interfaces/include/auto_aim_interfaces/auto_aim_interfaces/msg/armors.hpp
[5.305s] -- Symlinking: /home/jakukur/Desktop/standard_god_zhang/install/auto_aim_interfaces/include/auto_aim_interfaces/auto_aim_interfaces/msg/debug_armor.hpp
[5.308s] -- Symlinking: /home/jakukur/Desktop/standard_god_zhang/install/auto_aim_interfaces/include/auto_aim_interfaces/auto_aim_interfaces/msg/debug_armors.hpp
[5.311s] -- Symlinking: /home/jakukur/Desktop/standard_god_zhang/install/auto_aim_interfaces/include/auto_aim_interfaces/auto_aim_interfaces/msg/debug_light.hpp
[5.315s] -- Symlinking: /home/jakukur/Desktop/standard_god_zhang/install/auto_aim_interfaces/include/auto_aim_interfaces/auto_aim_interfaces/msg/debug_lights.hpp
[5.319s] -- Symlinking: /home/jakukur/Desktop/standard_god_zhang/install/auto_aim_interfaces/include/auto_aim_interfaces/auto_aim_interfaces/msg/debug_rune.hpp
[5.324s] -- Symlinking: /home/jakukur/Desktop/standard_god_zhang/install/auto_aim_interfaces/include/auto_aim_interfaces/auto_aim_interfaces/msg/debug_send.hpp
[5.328s] -- Symlinking: /home/jakukur/Desktop/standard_god_zhang/install/auto_aim_interfaces/include/auto_aim_interfaces/auto_aim_interfaces/msg/debug_send_armors.hpp
[5.331s] -- Symlinking: /home/jakukur/Desktop/standard_god_zhang/install/auto_aim_interfaces/include/auto_aim_interfaces/auto_aim_interfaces/msg/detail/armor__builder.hpp
[5.333s] -- Symlinking: /home/jakukur/Desktop/standard_god_zhang/install/auto_aim_interfaces/include/auto_aim_interfaces/auto_aim_interfaces/msg/detail/armor__struct.hpp
[5.336s] -- Symlinking: /home/jakukur/Desktop/standard_god_zhang/install/auto_aim_interfaces/include/auto_aim_interfaces/auto_aim_interfaces/msg/detail/armor__traits.hpp
[5.338s] -- Symlinking: /home/jakukur/Desktop/standard_god_zhang/install/auto_aim_interfaces/include/auto_aim_interfaces/auto_aim_interfaces/msg/detail/armor__type_support.hpp
[5.341s] -- Symlinking: /home/jakukur/Desktop/standard_god_zhang/install/auto_aim_interfaces/include/auto_aim_interfaces/auto_aim_interfaces/msg/detail/armors__builder.hpp
[5.343s] -- Symlinking: /home/jakukur/Desktop/standard_god_zhang/install/auto_aim_interfaces/include/auto_aim_interfaces/auto_aim_interfaces/msg/detail/armors__struct.hpp
[5.346s] -- Symlinking: /home/jakukur/Desktop/standard_god_zhang/install/auto_aim_interfaces/include/auto_aim_interfaces/auto_aim_interfaces/msg/detail/armors__traits.hpp
[5.349s] -- Symlinking: /home/jakukur/Desktop/standard_god_zhang/install/auto_aim_interfaces/include/auto_aim_interfaces/auto_aim_interfaces/msg/detail/armors__type_support.hpp
[5.352s] -- Symlinking: /home/jakukur/Desktop/standard_god_zhang/install/auto_aim_interfaces/include/auto_aim_interfaces/auto_aim_interfaces/msg/detail/debug_armor__builder.hpp
[5.354s] -- Symlinking: /home/jakukur/Desktop/standard_god_zhang/install/auto_aim_interfaces/include/auto_aim_interfaces/auto_aim_interfaces/msg/detail/debug_armor__struct.hpp
[5.356s] -- Symlinking: /home/jakukur/Desktop/standard_god_zhang/install/auto_aim_interfaces/include/auto_aim_interfaces/auto_aim_interfaces/msg/detail/debug_armor__traits.hpp
[5.359s] -- Symlinking: /home/jakukur/Desktop/standard_god_zhang/install/auto_aim_interfaces/include/auto_aim_interfaces/auto_aim_interfaces/msg/detail/debug_armor__type_support.hpp
[5.362s] -- Symlinking: /home/jakukur/Desktop/standard_god_zhang/install/auto_aim_interfaces/include/auto_aim_interfaces/auto_aim_interfaces/msg/detail/debug_armors__builder.hpp
[5.364s] -- Symlinking: /home/jakukur/Desktop/standard_god_zhang/install/auto_aim_interfaces/include/auto_aim_interfaces/auto_aim_interfaces/msg/detail/debug_armors__struct.hpp
[5.367s] -- Symlinking: /home/jakukur/Desktop/standard_god_zhang/install/auto_aim_interfaces/include/auto_aim_interfaces/auto_aim_interfaces/msg/detail/debug_armors__traits.hpp
[5.370s] -- Symlinking: /home/jakukur/Desktop/standard_god_zhang/install/auto_aim_interfaces/include/auto_aim_interfaces/auto_aim_interfaces/msg/detail/debug_armors__type_support.hpp
[5.373s] -- Symlinking: /home/jakukur/Desktop/standard_god_zhang/install/auto_aim_interfaces/include/auto_aim_interfaces/auto_aim_interfaces/msg/detail/debug_light__builder.hpp
[5.376s] -- Symlinking: /home/jakukur/Desktop/standard_god_zhang/install/auto_aim_interfaces/include/auto_aim_interfaces/auto_aim_interfaces/msg/detail/debug_light__struct.hpp
[5.379s] -- Symlinking: /home/jakukur/Desktop/standard_god_zhang/install/auto_aim_interfaces/include/auto_aim_interfaces/auto_aim_interfaces/msg/detail/debug_light__traits.hpp
[5.382s] -- Symlinking: /home/jakukur/Desktop/standard_god_zhang/install/auto_aim_interfaces/include/auto_aim_interfaces/auto_aim_interfaces/msg/detail/debug_light__type_support.hpp
[5.385s] -- Symlinking: /home/jakukur/Desktop/standard_god_zhang/install/auto_aim_interfaces/include/auto_aim_interfaces/auto_aim_interfaces/msg/detail/debug_lights__builder.hpp
[5.387s] -- Symlinking: /home/jakukur/Desktop/standard_god_zhang/install/auto_aim_interfaces/include/auto_aim_interfaces/auto_aim_interfaces/msg/detail/debug_lights__struct.hpp
[5.389s] -- Symlinking: /home/jakukur/Desktop/standard_god_zhang/install/auto_aim_interfaces/include/auto_aim_interfaces/auto_aim_interfaces/msg/detail/debug_lights__traits.hpp
[5.391s] -- Symlinking: /home/jakukur/Desktop/standard_god_zhang/install/auto_aim_interfaces/include/auto_aim_interfaces/auto_aim_interfaces/msg/detail/debug_lights__type_support.hpp
[5.393s] -- Symlinking: /home/jakukur/Desktop/standard_god_zhang/install/auto_aim_interfaces/include/auto_aim_interfaces/auto_aim_interfaces/msg/detail/debug_rune__builder.hpp
[5.396s] -- Symlinking: /home/jakukur/Desktop/standard_god_zhang/install/auto_aim_interfaces/include/auto_aim_interfaces/auto_aim_interfaces/msg/detail/debug_rune__struct.hpp
[5.398s] -- Symlinking: /home/jakukur/Desktop/standard_god_zhang/install/auto_aim_interfaces/include/auto_aim_interfaces/auto_aim_interfaces/msg/detail/debug_rune__traits.hpp
[5.401s] -- Symlinking: /home/jakukur/Desktop/standard_god_zhang/install/auto_aim_interfaces/include/auto_aim_interfaces/auto_aim_interfaces/msg/detail/debug_rune__type_support.hpp
[5.404s] -- Symlinking: /home/jakukur/Desktop/standard_god_zhang/install/auto_aim_interfaces/include/auto_aim_interfaces/auto_aim_interfaces/msg/detail/debug_send__builder.hpp
[5.407s] -- Symlinking: /home/jakukur/Desktop/standard_god_zhang/install/auto_aim_interfaces/include/auto_aim_interfaces/auto_aim_interfaces/msg/detail/debug_send__struct.hpp
[5.410s] -- Symlinking: /home/jakukur/Desktop/standard_god_zhang/install/auto_aim_interfaces/include/auto_aim_interfaces/auto_aim_interfaces/msg/detail/debug_send__traits.hpp
[5.413s] -- Symlinking: /home/jakukur/Desktop/standard_god_zhang/install/auto_aim_interfaces/include/auto_aim_interfaces/auto_aim_interfaces/msg/detail/debug_send__type_support.hpp
[5.415s] -- Symlinking: /home/jakukur/Desktop/standard_god_zhang/install/auto_aim_interfaces/include/auto_aim_interfaces/auto_aim_interfaces/msg/detail/debug_send_armors__builder.hpp
[5.418s] -- Symlinking: /home/jakukur/Desktop/standard_god_zhang/install/auto_aim_interfaces/include/auto_aim_interfaces/auto_aim_interfaces/msg/detail/debug_send_armors__struct.hpp
[5.422s] -- Symlinking: /home/jakukur/Desktop/standard_god_zhang/install/auto_aim_interfaces/include/auto_aim_interfaces/auto_aim_interfaces/msg/detail/debug_send_armors__traits.hpp
[5.424s] -- Symlinking: /home/jakukur/Desktop/standard_god_zhang/install/auto_aim_interfaces/include/auto_aim_interfaces/auto_aim_interfaces/msg/detail/debug_send_armors__type_support.hpp
[5.427s] -- Symlinking: /home/jakukur/Desktop/standard_god_zhang/install/auto_aim_interfaces/include/auto_aim_interfaces/auto_aim_interfaces/msg/detail/rune__builder.hpp
[5.430s] -- Symlinking: /home/jakukur/Desktop/standard_god_zhang/install/auto_aim_interfaces/include/auto_aim_interfaces/auto_aim_interfaces/msg/detail/rune__struct.hpp
[5.433s] -- Symlinking: /home/jakukur/Desktop/standard_god_zhang/install/auto_aim_interfaces/include/auto_aim_interfaces/auto_aim_interfaces/msg/detail/rune__traits.hpp
[5.435s] -- Symlinking: /home/jakukur/Desktop/standard_god_zhang/install/auto_aim_interfaces/include/auto_aim_interfaces/auto_aim_interfaces/msg/detail/rune__type_support.hpp
[5.438s] -- Symlinking: /home/jakukur/Desktop/standard_god_zhang/install/auto_aim_interfaces/include/auto_aim_interfaces/auto_aim_interfaces/msg/detail/send_armors__builder.hpp
[5.440s] -- Symlinking: /home/jakukur/Desktop/standard_god_zhang/install/auto_aim_interfaces/include/auto_aim_interfaces/auto_aim_interfaces/msg/detail/send_armors__struct.hpp
[5.443s] -- Symlinking: /home/jakukur/Desktop/standard_god_zhang/install/auto_aim_interfaces/include/auto_aim_interfaces/auto_aim_interfaces/msg/detail/send_armors__traits.hpp
[5.446s] -- Symlinking: /home/jakukur/Desktop/standard_god_zhang/install/auto_aim_interfaces/include/auto_aim_interfaces/auto_aim_interfaces/msg/detail/send_armors__type_support.hpp
[5.449s] -- Symlinking: /home/jakukur/Desktop/standard_god_zhang/install/auto_aim_interfaces/include/auto_aim_interfaces/auto_aim_interfaces/msg/detail/target__builder.hpp
[5.451s] -- Symlinking: /home/jakukur/Desktop/standard_god_zhang/install/auto_aim_interfaces/include/auto_aim_interfaces/auto_aim_interfaces/msg/detail/target__struct.hpp
[5.454s] -- Symlinking: /home/jakukur/Desktop/standard_god_zhang/install/auto_aim_interfaces/include/auto_aim_interfaces/auto_aim_interfaces/msg/detail/target__traits.hpp
[5.456s] -- Symlinking: /home/jakukur/Desktop/standard_god_zhang/install/auto_aim_interfaces/include/auto_aim_interfaces/auto_aim_interfaces/msg/detail/target__type_support.hpp
[5.458s] -- Symlinking: /home/jakukur/Desktop/standard_god_zhang/install/auto_aim_interfaces/include/auto_aim_interfaces/auto_aim_interfaces/msg/detail/target_rune__builder.hpp
[5.461s] -- Symlinking: /home/jakukur/Desktop/standard_god_zhang/install/auto_aim_interfaces/include/auto_aim_interfaces/auto_aim_interfaces/msg/detail/target_rune__struct.hpp
[5.464s] -- Symlinking: /home/jakukur/Desktop/standard_god_zhang/install/auto_aim_interfaces/include/auto_aim_interfaces/auto_aim_interfaces/msg/detail/target_rune__traits.hpp
[5.467s] -- Symlinking: /home/jakukur/Desktop/standard_god_zhang/install/auto_aim_interfaces/include/auto_aim_interfaces/auto_aim_interfaces/msg/detail/target_rune__type_support.hpp
[5.469s] -- Symlinking: /home/jakukur/Desktop/standard_god_zhang/install/auto_aim_interfaces/include/auto_aim_interfaces/auto_aim_interfaces/msg/detail/tracker_info__builder.hpp
[5.472s] -- Symlinking: /home/jakukur/Desktop/standard_god_zhang/install/auto_aim_interfaces/include/auto_aim_interfaces/auto_aim_interfaces/msg/detail/tracker_info__struct.hpp
[5.474s] -- Symlinking: /home/jakukur/Desktop/standard_god_zhang/install/auto_aim_interfaces/include/auto_aim_interfaces/auto_aim_interfaces/msg/detail/tracker_info__traits.hpp
[5.476s] -- Symlinking: /home/jakukur/Desktop/standard_god_zhang/install/auto_aim_interfaces/include/auto_aim_interfaces/auto_aim_interfaces/msg/detail/tracker_info__type_support.hpp
[5.479s] -- Symlinking: /home/jakukur/Desktop/standard_god_zhang/install/auto_aim_interfaces/include/auto_aim_interfaces/auto_aim_interfaces/msg/rosidl_generator_cpp__visibility_control.hpp
[5.482s] -- Symlinking: /home/jakukur/Desktop/standard_god_zhang/install/auto_aim_interfaces/include/auto_aim_interfaces/auto_aim_interfaces/msg/rune.hpp
[5.485s] -- Symlinking: /home/jakukur/Desktop/standard_god_zhang/install/auto_aim_interfaces/include/auto_aim_interfaces/auto_aim_interfaces/msg/send_armors.hpp
[5.488s] -- Symlinking: /home/jakukur/Desktop/standard_god_zhang/install/auto_aim_interfaces/include/auto_aim_interfaces/auto_aim_interfaces/msg/target.hpp
[5.491s] -- Symlinking: /home/jakukur/Desktop/standard_god_zhang/install/auto_aim_interfaces/include/auto_aim_interfaces/auto_aim_interfaces/msg/target_rune.hpp
[5.494s] -- Symlinking: /home/jakukur/Desktop/standard_god_zhang/install/auto_aim_interfaces/include/auto_aim_interfaces/auto_aim_interfaces/msg/tracker_info.hpp
[5.497s] -- Symlinking: /home/jakukur/Desktop/standard_god_zhang/install/auto_aim_interfaces/include/auto_aim_interfaces/auto_aim_interfaces/msg/detail/armor__rosidl_typesupport_fastrtps_cpp.hpp
[5.500s] -- Symlinking: /home/jakukur/Desktop/standard_god_zhang/install/auto_aim_interfaces/include/auto_aim_interfaces/auto_aim_interfaces/msg/detail/armors__rosidl_typesupport_fastrtps_cpp.hpp
[5.502s] -- Symlinking: /home/jakukur/Desktop/standard_god_zhang/install/auto_aim_interfaces/include/auto_aim_interfaces/auto_aim_interfaces/msg/detail/debug_armor__rosidl_typesupport_fastrtps_cpp.hpp
[5.506s] -- Symlinking: /home/jakukur/Desktop/standard_god_zhang/install/auto_aim_interfaces/include/auto_aim_interfaces/auto_aim_interfaces/msg/detail/debug_armors__rosidl_typesupport_fastrtps_cpp.hpp
[5.511s] -- Symlinking: /home/jakukur/Desktop/standard_god_zhang/install/auto_aim_interfaces/include/auto_aim_interfaces/auto_aim_interfaces/msg/detail/debug_light__rosidl_typesupport_fastrtps_cpp.hpp
[5.515s] -- Symlinking: /home/jakukur/Desktop/standard_god_zhang/install/auto_aim_interfaces/include/auto_aim_interfaces/auto_aim_interfaces/msg/detail/debug_lights__rosidl_typesupport_fastrtps_cpp.hpp
[5.520s] -- Symlinking: /home/jakukur/Desktop/standard_god_zhang/install/auto_aim_interfaces/include/auto_aim_interfaces/auto_aim_interfaces/msg/detail/debug_rune__rosidl_typesupport_fastrtps_cpp.hpp
[5.525s] -- Symlinking: /home/jakukur/Desktop/standard_god_zhang/install/auto_aim_interfaces/include/auto_aim_interfaces/auto_aim_interfaces/msg/detail/debug_send__rosidl_typesupport_fastrtps_cpp.hpp
[5.528s] -- Symlinking: /home/jakukur/Desktop/standard_god_zhang/install/auto_aim_interfaces/include/auto_aim_interfaces/auto_aim_interfaces/msg/detail/debug_send_armors__rosidl_typesupport_fastrtps_cpp.hpp
[5.532s] -- Symlinking: /home/jakukur/Desktop/standard_god_zhang/install/auto_aim_interfaces/include/auto_aim_interfaces/auto_aim_interfaces/msg/detail/rune__rosidl_typesupport_fastrtps_cpp.hpp
[5.536s] -- Symlinking: /home/jakukur/Desktop/standard_god_zhang/install/auto_aim_interfaces/include/auto_aim_interfaces/auto_aim_interfaces/msg/detail/send_armors__rosidl_typesupport_fastrtps_cpp.hpp
[5.540s] -- Symlinking: /home/jakukur/Desktop/standard_god_zhang/install/auto_aim_interfaces/include/auto_aim_interfaces/auto_aim_interfaces/msg/detail/target__rosidl_typesupport_fastrtps_cpp.hpp
[5.545s] -- Symlinking: /home/jakukur/Desktop/standard_god_zhang/install/auto_aim_interfaces/include/auto_aim_interfaces/auto_aim_interfaces/msg/detail/target_rune__rosidl_typesupport_fastrtps_cpp.hpp
[5.550s] -- Symlinking: /home/jakukur/Desktop/standard_god_zhang/install/auto_aim_interfaces/include/auto_aim_interfaces/auto_aim_interfaces/msg/detail/tracker_info__rosidl_typesupport_fastrtps_cpp.hpp
[5.555s] -- Symlinking: /home/jakukur/Desktop/standard_god_zhang/install/auto_aim_interfaces/include/auto_aim_interfaces/auto_aim_interfaces/msg/rosidl_typesupport_fastrtps_cpp__visibility_control.h
[5.560s] -- Symlinking: /home/jakukur/Desktop/standard_god_zhang/install/auto_aim_interfaces/include/auto_aim_interfaces/auto_aim_interfaces/msg/detail/armor__rosidl_typesupport_introspection_cpp.hpp
[5.565s] -- Symlinking: /home/jakukur/Desktop/standard_god_zhang/install/auto_aim_interfaces/include/auto_aim_interfaces/auto_aim_interfaces/msg/detail/armors__rosidl_typesupport_introspection_cpp.hpp
[5.570s] -- Symlinking: /home/jakukur/Desktop/standard_god_zhang/install/auto_aim_interfaces/include/auto_aim_interfaces/auto_aim_interfaces/msg/detail/debug_armor__rosidl_typesupport_introspection_cpp.hpp
[5.574s] -- Symlinking: /home/jakukur/Desktop/standard_god_zhang/install/auto_aim_interfaces/include/auto_aim_interfaces/auto_aim_interfaces/msg/detail/debug_armors__rosidl_typesupport_introspection_cpp.hpp
[5.578s] -- Symlinking: /home/jakukur/Desktop/standard_god_zhang/install/auto_aim_interfaces/include/auto_aim_interfaces/auto_aim_interfaces/msg/detail/debug_light__rosidl_typesupport_introspection_cpp.hpp
[5.582s] -- Symlinking: /home/jakukur/Desktop/standard_god_zhang/install/auto_aim_interfaces/include/auto_aim_interfaces/auto_aim_interfaces/msg/detail/debug_lights__rosidl_typesupport_introspection_cpp.hpp
[5.586s] -- Symlinking: /home/jakukur/Desktop/standard_god_zhang/install/auto_aim_interfaces/include/auto_aim_interfaces/auto_aim_interfaces/msg/detail/debug_rune__rosidl_typesupport_introspection_cpp.hpp
[5.590s] -- Symlinking: /home/jakukur/Desktop/standard_god_zhang/install/auto_aim_interfaces/include/auto_aim_interfaces/auto_aim_interfaces/msg/detail/debug_send__rosidl_typesupport_introspection_cpp.hpp
[5.594s] -- Symlinking: /home/jakukur/Desktop/standard_god_zhang/install/auto_aim_interfaces/include/auto_aim_interfaces/auto_aim_interfaces/msg/detail/debug_send_armors__rosidl_typesupport_introspection_cpp.hpp
[5.599s] -- Symlinking: /home/jakukur/Desktop/standard_god_zhang/install/auto_aim_interfaces/include/auto_aim_interfaces/auto_aim_interfaces/msg/detail/rune__rosidl_typesupport_introspection_cpp.hpp
[5.603s] -- Symlinking: /home/jakukur/Desktop/standard_god_zhang/install/auto_aim_interfaces/include/auto_aim_interfaces/auto_aim_interfaces/msg/detail/send_armors__rosidl_typesupport_introspection_cpp.hpp
[5.607s] -- Symlinking: /home/jakukur/Desktop/standard_god_zhang/install/auto_aim_interfaces/include/auto_aim_interfaces/auto_aim_interfaces/msg/detail/target__rosidl_typesupport_introspection_cpp.hpp
[5.612s] -- Symlinking: /home/jakukur/Desktop/standard_god_zhang/install/auto_aim_interfaces/include/auto_aim_interfaces/auto_aim_interfaces/msg/detail/target_rune__rosidl_typesupport_introspection_cpp.hpp
[5.616s] -- Symlinking: /home/jakukur/Desktop/standard_god_zhang/install/auto_aim_interfaces/include/auto_aim_interfaces/auto_aim_interfaces/msg/detail/tracker_info__rosidl_typesupport_introspection_cpp.hpp
[5.619s] -- Symlinking: /home/jakukur/Desktop/standard_god_zhang/install/auto_aim_interfaces/share/auto_aim_interfaces/environment/pythonpath.sh
[5.622s] -- Symlinking: /home/jakukur/Desktop/standard_god_zhang/install/auto_aim_interfaces/share/auto_aim_interfaces/environment/pythonpath.dsv
[5.625s] -- Symlinking: /home/jakukur/Desktop/standard_god_zhang/install/auto_aim_interfaces/local/lib/python3.10/dist-packages/auto_aim_interfaces-0.0.0-py3.10.egg-info/PKG-INFO
[5.627s] -- Symlinking: /home/jakukur/Desktop/standard_god_zhang/install/auto_aim_interfaces/local/lib/python3.10/dist-packages/auto_aim_interfaces-0.0.0-py3.10.egg-info/SOURCES.txt
[5.630s] -- Symlinking: /home/jakukur/Desktop/standard_god_zhang/install/auto_aim_interfaces/local/lib/python3.10/dist-packages/auto_aim_interfaces-0.0.0-py3.10.egg-info/dependency_links.txt
[5.633s] -- Symlinking: /home/jakukur/Desktop/standard_god_zhang/install/auto_aim_interfaces/local/lib/python3.10/dist-packages/auto_aim_interfaces-0.0.0-py3.10.egg-info/top_level.txt
[5.639s] -- Symlinking: /home/jakukur/Desktop/standard_god_zhang/install/auto_aim_interfaces/local/lib/python3.10/dist-packages/auto_aim_interfaces/__init__.py
[5.644s] -- Symlinking: /home/jakukur/Desktop/standard_god_zhang/install/auto_aim_interfaces/local/lib/python3.10/dist-packages/auto_aim_interfaces/_auto_aim_interfaces_s.ep.rosidl_typesupport_c.c
[5.648s] -- Symlinking: /home/jakukur/Desktop/standard_god_zhang/install/auto_aim_interfaces/local/lib/python3.10/dist-packages/auto_aim_interfaces/_auto_aim_interfaces_s.ep.rosidl_typesupport_fastrtps_c.c
[5.652s] -- Symlinking: /home/jakukur/Desktop/standard_god_zhang/install/auto_aim_interfaces/local/lib/python3.10/dist-packages/auto_aim_interfaces/_auto_aim_interfaces_s.ep.rosidl_typesupport_introspection_c.c
[5.657s] -- Symlinking: /home/jakukur/Desktop/standard_god_zhang/install/auto_aim_interfaces/local/lib/python3.10/dist-packages/auto_aim_interfaces/auto_aim_interfaces_s__rosidl_typesupport_c.cpython-310-x86_64-linux-gnu.so
[5.662s] -- Symlinking: /home/jakukur/Desktop/standard_god_zhang/install/auto_aim_interfaces/local/lib/python3.10/dist-packages/auto_aim_interfaces/auto_aim_interfaces_s__rosidl_typesupport_fastrtps_c.cpython-310-x86_64-linux-gnu.so
[5.666s] -- Symlinking: /home/jakukur/Desktop/standard_god_zhang/install/auto_aim_interfaces/local/lib/python3.10/dist-packages/auto_aim_interfaces/auto_aim_interfaces_s__rosidl_typesupport_introspection_c.cpython-310-x86_64-linux-gnu.so
[5.671s] -- Symlinking: /home/jakukur/Desktop/standard_god_zhang/install/auto_aim_interfaces/local/lib/python3.10/dist-packages/auto_aim_interfaces/libauto_aim_interfaces__rosidl_generator_py.so
[5.676s] -- Symlinking: /home/jakukur/Desktop/standard_god_zhang/install/auto_aim_interfaces/local/lib/python3.10/dist-packages/auto_aim_interfaces/msg/__init__.py
[5.680s] -- Symlinking: /home/jakukur/Desktop/standard_god_zhang/install/auto_aim_interfaces/local/lib/python3.10/dist-packages/auto_aim_interfaces/msg/_armor.py
[5.684s] -- Symlinking: /home/jakukur/Desktop/standard_god_zhang/install/auto_aim_interfaces/local/lib/python3.10/dist-packages/auto_aim_interfaces/msg/_armor_s.c
[5.688s] -- Symlinking: /home/jakukur/Desktop/standard_god_zhang/install/auto_aim_interfaces/local/lib/python3.10/dist-packages/auto_aim_interfaces/msg/_armors.py
[5.692s] -- Symlinking: /home/jakukur/Desktop/standard_god_zhang/install/auto_aim_interfaces/local/lib/python3.10/dist-packages/auto_aim_interfaces/msg/_armors_s.c
[5.695s] -- Symlinking: /home/jakukur/Desktop/standard_god_zhang/install/auto_aim_interfaces/local/lib/python3.10/dist-packages/auto_aim_interfaces/msg/_debug_armor.py
[5.700s] -- Symlinking: /home/jakukur/Desktop/standard_god_zhang/install/auto_aim_interfaces/local/lib/python3.10/dist-packages/auto_aim_interfaces/msg/_debug_armor_s.c
[5.704s] -- Symlinking: /home/jakukur/Desktop/standard_god_zhang/install/auto_aim_interfaces/local/lib/python3.10/dist-packages/auto_aim_interfaces/msg/_debug_armors.py
[5.708s] -- Symlinking: /home/jakukur/Desktop/standard_god_zhang/install/auto_aim_interfaces/local/lib/python3.10/dist-packages/auto_aim_interfaces/msg/_debug_armors_s.c
[5.711s] -- Symlinking: /home/jakukur/Desktop/standard_god_zhang/install/auto_aim_interfaces/local/lib/python3.10/dist-packages/auto_aim_interfaces/msg/_debug_light.py
[5.714s] -- Symlinking: /home/jakukur/Desktop/standard_god_zhang/install/auto_aim_interfaces/local/lib/python3.10/dist-packages/auto_aim_interfaces/msg/_debug_light_s.c
[5.717s] -- Symlinking: /home/jakukur/Desktop/standard_god_zhang/install/auto_aim_interfaces/local/lib/python3.10/dist-packages/auto_aim_interfaces/msg/_debug_lights.py
[5.721s] -- Symlinking: /home/jakukur/Desktop/standard_god_zhang/install/auto_aim_interfaces/local/lib/python3.10/dist-packages/auto_aim_interfaces/msg/_debug_lights_s.c
[5.725s] -- Symlinking: /home/jakukur/Desktop/standard_god_zhang/install/auto_aim_interfaces/local/lib/python3.10/dist-packages/auto_aim_interfaces/msg/_debug_rune.py
[5.729s] -- Symlinking: /home/jakukur/Desktop/standard_god_zhang/install/auto_aim_interfaces/local/lib/python3.10/dist-packages/auto_aim_interfaces/msg/_debug_rune_s.c
[5.731s] -- Symlinking: /home/jakukur/Desktop/standard_god_zhang/install/auto_aim_interfaces/local/lib/python3.10/dist-packages/auto_aim_interfaces/msg/_debug_send.py
[5.734s] -- Symlinking: /home/jakukur/Desktop/standard_god_zhang/install/auto_aim_interfaces/local/lib/python3.10/dist-packages/auto_aim_interfaces/msg/_debug_send_armors.py
[5.737s] -- Symlinking: /home/jakukur/Desktop/standard_god_zhang/install/auto_aim_interfaces/local/lib/python3.10/dist-packages/auto_aim_interfaces/msg/_debug_send_armors_s.c
[5.740s] -- Symlinking: /home/jakukur/Desktop/standard_god_zhang/install/auto_aim_interfaces/local/lib/python3.10/dist-packages/auto_aim_interfaces/msg/_debug_send_s.c
[5.744s] -- Symlinking: /home/jakukur/Desktop/standard_god_zhang/install/auto_aim_interfaces/local/lib/python3.10/dist-packages/auto_aim_interfaces/msg/_rune.py
[5.746s] -- Symlinking: /home/jakukur/Desktop/standard_god_zhang/install/auto_aim_interfaces/local/lib/python3.10/dist-packages/auto_aim_interfaces/msg/_rune_s.c
[5.751s] -- Symlinking: /home/jakukur/Desktop/standard_god_zhang/install/auto_aim_interfaces/local/lib/python3.10/dist-packages/auto_aim_interfaces/msg/_send_armors.py
[5.755s] -- Symlinking: /home/jakukur/Desktop/standard_god_zhang/install/auto_aim_interfaces/local/lib/python3.10/dist-packages/auto_aim_interfaces/msg/_send_armors_s.c
[5.760s] -- Symlinking: /home/jakukur/Desktop/standard_god_zhang/install/auto_aim_interfaces/local/lib/python3.10/dist-packages/auto_aim_interfaces/msg/_target.py
[5.765s] -- Symlinking: /home/jakukur/Desktop/standard_god_zhang/install/auto_aim_interfaces/local/lib/python3.10/dist-packages/auto_aim_interfaces/msg/_target_rune.py
[5.770s] -- Symlinking: /home/jakukur/Desktop/standard_god_zhang/install/auto_aim_interfaces/local/lib/python3.10/dist-packages/auto_aim_interfaces/msg/_target_rune_s.c
[5.775s] -- Symlinking: /home/jakukur/Desktop/standard_god_zhang/install/auto_aim_interfaces/local/lib/python3.10/dist-packages/auto_aim_interfaces/msg/_target_s.c
[5.779s] -- Symlinking: /home/jakukur/Desktop/standard_god_zhang/install/auto_aim_interfaces/local/lib/python3.10/dist-packages/auto_aim_interfaces/msg/_tracker_info.py
[5.783s] -- Symlinking: /home/jakukur/Desktop/standard_god_zhang/install/auto_aim_interfaces/local/lib/python3.10/dist-packages/auto_aim_interfaces/msg/_tracker_info_s.c
[5.788s] -- Up-to-date symlink: /home/jakukur/Desktop/standard_god_zhang/install/auto_aim_interfaces/local/lib/python3.10/dist-packages/auto_aim_interfaces/auto_aim_interfaces_s__rosidl_typesupport_fastrtps_c.cpython-310-x86_64-linux-gnu.so
[5.789s] -- Up-to-date symlink: /home/jakukur/Desktop/standard_god_zhang/install/auto_aim_interfaces/local/lib/python3.10/dist-packages/auto_aim_interfaces/auto_aim_interfaces_s__rosidl_typesupport_introspection_c.cpython-310-x86_64-linux-gnu.so
[5.789s] -- Up-to-date symlink: /home/jakukur/Desktop/standard_god_zhang/install/auto_aim_interfaces/local/lib/python3.10/dist-packages/auto_aim_interfaces/auto_aim_interfaces_s__rosidl_typesupport_c.cpython-310-x86_64-linux-gnu.so
[5.790s] -- Symlinking: /home/jakukur/Desktop/standard_god_zhang/install/auto_aim_interfaces/share/auto_aim_interfaces/msg/Armor.idl
[5.795s] -- Symlinking: /home/jakukur/Desktop/standard_god_zhang/install/auto_aim_interfaces/share/auto_aim_interfaces/msg/Armors.idl
[5.799s] -- Symlinking: /home/jakukur/Desktop/standard_god_zhang/install/auto_aim_interfaces/share/auto_aim_interfaces/msg/Rune.idl
[5.803s] -- Symlinking: /home/jakukur/Desktop/standard_god_zhang/install/auto_aim_interfaces/share/auto_aim_interfaces/msg/Target.idl
[5.808s] -- Symlinking: /home/jakukur/Desktop/standard_god_zhang/install/auto_aim_interfaces/share/auto_aim_interfaces/msg/TargetRune.idl
[5.813s] -- Symlinking: /home/jakukur/Desktop/standard_god_zhang/install/auto_aim_interfaces/share/auto_aim_interfaces/msg/DebugLight.idl
[5.818s] -- Symlinking: /home/jakukur/Desktop/standard_god_zhang/install/auto_aim_interfaces/share/auto_aim_interfaces/msg/DebugLights.idl
[5.821s] -- Symlinking: /home/jakukur/Desktop/standard_god_zhang/install/auto_aim_interfaces/share/auto_aim_interfaces/msg/DebugArmor.idl
[5.824s] -- Symlinking: /home/jakukur/Desktop/standard_god_zhang/install/auto_aim_interfaces/share/auto_aim_interfaces/msg/DebugArmors.idl
[5.827s] -- Symlinking: /home/jakukur/Desktop/standard_god_zhang/install/auto_aim_interfaces/share/auto_aim_interfaces/msg/DebugRune.idl
[5.830s] -- Symlinking: /home/jakukur/Desktop/standard_god_zhang/install/auto_aim_interfaces/share/auto_aim_interfaces/msg/DebugSend.idl
[5.833s] -- Symlinking: /home/jakukur/Desktop/standard_god_zhang/install/auto_aim_interfaces/share/auto_aim_interfaces/msg/DebugSendArmors.idl
[5.837s] -- Symlinking: /home/jakukur/Desktop/standard_god_zhang/install/auto_aim_interfaces/share/auto_aim_interfaces/msg/TrackerInfo.idl
[5.840s] -- Symlinking: /home/jakukur/Desktop/standard_god_zhang/install/auto_aim_interfaces/share/auto_aim_interfaces/msg/SendArmors.idl
[5.842s] -- Symlinking: /home/jakukur/Desktop/standard_god_zhang/install/auto_aim_interfaces/share/auto_aim_interfaces/msg/Armor.msg
[5.845s] -- Symlinking: /home/jakukur/Desktop/standard_god_zhang/install/auto_aim_interfaces/share/auto_aim_interfaces/msg/Armors.msg
[5.848s] -- Symlinking: /home/jakukur/Desktop/standard_god_zhang/install/auto_aim_interfaces/share/auto_aim_interfaces/msg/Rune.msg
[5.852s] -- Symlinking: /home/jakukur/Desktop/standard_god_zhang/install/auto_aim_interfaces/share/auto_aim_interfaces/msg/Target.msg
[5.856s] -- Symlinking: /home/jakukur/Desktop/standard_god_zhang/install/auto_aim_interfaces/share/auto_aim_interfaces/msg/TargetRune.msg
[5.860s] -- Symlinking: /home/jakukur/Desktop/standard_god_zhang/install/auto_aim_interfaces/share/auto_aim_interfaces/msg/DebugLight.msg
[5.865s] -- Symlinking: /home/jakukur/Desktop/standard_god_zhang/install/auto_aim_interfaces/share/auto_aim_interfaces/msg/DebugLights.msg
[5.870s] -- Symlinking: /home/jakukur/Desktop/standard_god_zhang/install/auto_aim_interfaces/share/auto_aim_interfaces/msg/DebugArmor.msg
[5.875s] -- Symlinking: /home/jakukur/Desktop/standard_god_zhang/install/auto_aim_interfaces/share/auto_aim_interfaces/msg/DebugArmors.msg
[5.879s] -- Symlinking: /home/jakukur/Desktop/standard_god_zhang/install/auto_aim_interfaces/share/auto_aim_interfaces/msg/DebugRune.msg
[5.884s] -- Symlinking: /home/jakukur/Desktop/standard_god_zhang/install/auto_aim_interfaces/share/auto_aim_interfaces/msg/DebugSend.msg
[5.887s] -- Symlinking: /home/jakukur/Desktop/standard_god_zhang/install/auto_aim_interfaces/share/auto_aim_interfaces/msg/DebugSendArmors.msg
[5.891s] -- Symlinking: /home/jakukur/Desktop/standard_god_zhang/install/auto_aim_interfaces/share/auto_aim_interfaces/msg/TrackerInfo.msg
[5.895s] -- Symlinking: /home/jakukur/Desktop/standard_god_zhang/install/auto_aim_interfaces/share/auto_aim_interfaces/msg/SendArmors.msg
[5.899s] -- Symlinking: /home/jakukur/Desktop/standard_god_zhang/install/auto_aim_interfaces/share/ament_index/resource_index/package_run_dependencies/auto_aim_interfaces
[5.903s] -- Symlinking: /home/jakukur/Desktop/standard_god_zhang/install/auto_aim_interfaces/share/ament_index/resource_index/parent_prefix_path/auto_aim_interfaces
[5.907s] -- Symlinking: /home/jakukur/Desktop/standard_god_zhang/install/auto_aim_interfaces/share/auto_aim_interfaces/environment/ament_prefix_path.sh
[5.911s] -- Symlinking: /home/jakukur/Desktop/standard_god_zhang/install/auto_aim_interfaces/share/auto_aim_interfaces/environment/ament_prefix_path.dsv
[5.915s] -- Symlinking: /home/jakukur/Desktop/standard_god_zhang/install/auto_aim_interfaces/share/auto_aim_interfaces/environment/path.sh
[5.919s] -- Symlinking: /home/jakukur/Desktop/standard_god_zhang/install/auto_aim_interfaces/share/auto_aim_interfaces/environment/path.dsv
[5.924s] -- Symlinking: /home/jakukur/Desktop/standard_god_zhang/install/auto_aim_interfaces/share/auto_aim_interfaces/local_setup.bash
[5.928s] -- Symlinking: /home/jakukur/Desktop/standard_god_zhang/install/auto_aim_interfaces/share/auto_aim_interfaces/local_setup.sh
[5.930s] -- Symlinking: /home/jakukur/Desktop/standard_god_zhang/install/auto_aim_interfaces/share/auto_aim_interfaces/local_setup.zsh
[5.933s] -- Symlinking: /home/jakukur/Desktop/standard_god_zhang/install/auto_aim_interfaces/share/auto_aim_interfaces/local_setup.dsv
[5.936s] -- Symlinking: /home/jakukur/Desktop/standard_god_zhang/install/auto_aim_interfaces/share/auto_aim_interfaces/package.dsv
[5.939s] -- Symlinking: /home/jakukur/Desktop/standard_god_zhang/install/auto_aim_interfaces/share/ament_index/resource_index/packages/auto_aim_interfaces
[5.941s] -- Symlinking: /home/jakukur/Desktop/standard_god_zhang/install/auto_aim_interfaces/share/auto_aim_interfaces/cmake/rosidl_cmake-extras.cmake
[5.943s] -- Symlinking: /home/jakukur/Desktop/standard_god_zhang/install/auto_aim_interfaces/share/auto_aim_interfaces/cmake/ament_cmake_export_dependencies-extras.cmake
[5.945s] -- Symlinking: /home/jakukur/Desktop/standard_god_zhang/install/auto_aim_interfaces/share/auto_aim_interfaces/cmake/ament_cmake_export_include_directories-extras.cmake
[5.948s] -- Symlinking: /home/jakukur/Desktop/standard_god_zhang/install/auto_aim_interfaces/share/auto_aim_interfaces/cmake/ament_cmake_export_libraries-extras.cmake
[5.950s] -- Symlinking: /home/jakukur/Desktop/standard_god_zhang/install/auto_aim_interfaces/share/auto_aim_interfaces/cmake/ament_cmake_export_targets-extras.cmake
[5.953s] -- Symlinking: /home/jakukur/Desktop/standard_god_zhang/install/auto_aim_interfaces/share/auto_aim_interfaces/cmake/rosidl_cmake_export_typesupport_targets-extras.cmake
[5.955s] -- Symlinking: /home/jakukur/Desktop/standard_god_zhang/install/auto_aim_interfaces/share/auto_aim_interfaces/cmake/rosidl_cmake_export_typesupport_libraries-extras.cmake
[5.957s] -- Symlinking: /home/jakukur/Desktop/standard_god_zhang/install/auto_aim_interfaces/share/auto_aim_interfaces/cmake/auto_aim_interfacesConfig.cmake
[5.960s] -- Symlinking: /home/jakukur/Desktop/standard_god_zhang/install/auto_aim_interfaces/share/auto_aim_interfaces/cmake/auto_aim_interfacesConfig-version.cmake
[5.963s] -- Symlinking: /home/jakukur/Desktop/standard_god_zhang/install/auto_aim_interfaces/share/auto_aim_interfaces/package.xml
[5.966s] -- Installing: /home/jakukur/Desktop/standard_god_zhang/install/auto_aim_interfaces/lib/libauto_aim_interfaces__rosidl_generator_c.so
[5.966s] -- Set runtime path of "/home/jakukur/Desktop/standard_god_zhang/install/auto_aim_interfaces/lib/libauto_aim_interfaces__rosidl_generator_c.so" to ""
[5.966s] -- Installing: /home/jakukur/Desktop/standard_god_zhang/install/auto_aim_interfaces/lib/libauto_aim_interfaces__rosidl_typesupport_fastrtps_c.so
[5.966s] -- Set runtime path of "/home/jakukur/Desktop/standard_god_zhang/install/auto_aim_interfaces/lib/libauto_aim_interfaces__rosidl_typesupport_fastrtps_c.so" to ""
[5.966s] -- Installing: /home/jakukur/Desktop/standard_god_zhang/install/auto_aim_interfaces/lib/libauto_aim_interfaces__rosidl_typesupport_introspection_c.so
[5.966s] -- Set runtime path of "/home/jakukur/Desktop/standard_god_zhang/install/auto_aim_interfaces/lib/libauto_aim_interfaces__rosidl_typesupport_introspection_c.so" to ""
[5.967s] -- Installing: /home/jakukur/Desktop/standard_god_zhang/install/auto_aim_interfaces/lib/libauto_aim_interfaces__rosidl_typesupport_c.so
[5.967s] -- Set runtime path of "/home/jakukur/Desktop/standard_god_zhang/install/auto_aim_interfaces/lib/libauto_aim_interfaces__rosidl_typesupport_c.so" to ""
[5.967s] -- Installing: /home/jakukur/Desktop/standard_god_zhang/install/auto_aim_interfaces/lib/libauto_aim_interfaces__rosidl_typesupport_fastrtps_cpp.so
[5.967s] -- Set runtime path of "/home/jakukur/Desktop/standard_god_zhang/install/auto_aim_interfaces/lib/libauto_aim_interfaces__rosidl_typesupport_fastrtps_cpp.so" to ""
[5.967s] -- Installing: /home/jakukur/Desktop/standard_god_zhang/install/auto_aim_interfaces/lib/libauto_aim_interfaces__rosidl_typesupport_introspection_cpp.so
[5.967s] -- Set runtime path of "/home/jakukur/Desktop/standard_god_zhang/install/auto_aim_interfaces/lib/libauto_aim_interfaces__rosidl_typesupport_introspection_cpp.so" to ""
[5.967s] -- Installing: /home/jakukur/Desktop/standard_god_zhang/install/auto_aim_interfaces/lib/libauto_aim_interfaces__rosidl_typesupport_cpp.so
[5.968s] -- Set runtime path of "/home/jakukur/Desktop/standard_god_zhang/install/auto_aim_interfaces/lib/libauto_aim_interfaces__rosidl_typesupport_cpp.so" to ""
[6.000s] Listing '/home/jakukur/Desktop/standard_god_zhang/install/auto_aim_interfaces/local/lib/python3.10/dist-packages/auto_aim_interfaces'...
[6.000s] Compiling '/home/jakukur/Desktop/standard_god_zhang/install/auto_aim_interfaces/local/lib/python3.10/dist-packages/auto_aim_interfaces/__init__.py'...
[6.000s] Listing '/home/jakukur/Desktop/standard_god_zhang/install/auto_aim_interfaces/local/lib/python3.10/dist-packages/auto_aim_interfaces/msg'...
[6.000s] Compiling '/home/jakukur/Desktop/standard_god_zhang/install/auto_aim_interfaces/local/lib/python3.10/dist-packages/auto_aim_interfaces/msg/__init__.py'...
[6.000s] Compiling '/home/jakukur/Desktop/standard_god_zhang/install/auto_aim_interfaces/local/lib/python3.10/dist-packages/auto_aim_interfaces/msg/_armor.py'...
[6.000s] Compiling '/home/jakukur/Desktop/standard_god_zhang/install/auto_aim_interfaces/local/lib/python3.10/dist-packages/auto_aim_interfaces/msg/_armors.py'...
[6.000s] Compiling '/home/jakukur/Desktop/standard_god_zhang/install/auto_aim_interfaces/local/lib/python3.10/dist-packages/auto_aim_interfaces/msg/_debug_armor.py'...
[6.000s] Compiling '/home/jakukur/Desktop/standard_god_zhang/install/auto_aim_interfaces/local/lib/python3.10/dist-packages/auto_aim_interfaces/msg/_debug_armors.py'...
[6.000s] Compiling '/home/jakukur/Desktop/standard_god_zhang/install/auto_aim_interfaces/local/lib/python3.10/dist-packages/auto_aim_interfaces/msg/_debug_light.py'...
[6.000s] Compiling '/home/jakukur/Desktop/standard_god_zhang/install/auto_aim_interfaces/local/lib/python3.10/dist-packages/auto_aim_interfaces/msg/_debug_lights.py'...
[6.000s] Compiling '/home/jakukur/Desktop/standard_god_zhang/install/auto_aim_interfaces/local/lib/python3.10/dist-packages/auto_aim_interfaces/msg/_debug_rune.py'...
[6.000s] Compiling '/home/jakukur/Desktop/standard_god_zhang/install/auto_aim_interfaces/local/lib/python3.10/dist-packages/auto_aim_interfaces/msg/_debug_send.py'...
[6.000s] Compiling '/home/jakukur/Desktop/standard_god_zhang/install/auto_aim_interfaces/local/lib/python3.10/dist-packages/auto_aim_interfaces/msg/_debug_send_armors.py'...
[6.000s] Compiling '/home/jakukur/Desktop/standard_god_zhang/install/auto_aim_interfaces/local/lib/python3.10/dist-packages/auto_aim_interfaces/msg/_rune.py'...
[6.000s] Compiling '/home/jakukur/Desktop/standard_god_zhang/install/auto_aim_interfaces/local/lib/python3.10/dist-packages/auto_aim_interfaces/msg/_send_armors.py'...
[6.000s] Compiling '/home/jakukur/Desktop/standard_god_zhang/install/auto_aim_interfaces/local/lib/python3.10/dist-packages/auto_aim_interfaces/msg/_target.py'...
[6.000s] Compiling '/home/jakukur/Desktop/standard_god_zhang/install/auto_aim_interfaces/local/lib/python3.10/dist-packages/auto_aim_interfaces/msg/_target_rune.py'...
[6.000s] Compiling '/home/jakukur/Desktop/standard_god_zhang/install/auto_aim_interfaces/local/lib/python3.10/dist-packages/auto_aim_interfaces/msg/_tracker_info.py'...
[6.002s] -- Installing: /home/jakukur/Desktop/standard_god_zhang/install/auto_aim_interfaces/lib/libauto_aim_interfaces__rosidl_generator_py.so
[6.003s] -- Set runtime path of "/home/jakukur/Desktop/standard_god_zhang/install/auto_aim_interfaces/lib/libauto_aim_interfaces__rosidl_generator_py.so" to ""
[6.003s] -- Installing: /home/jakukur/Desktop/standard_god_zhang/install/auto_aim_interfaces/share/auto_aim_interfaces/cmake/export_auto_aim_interfaces__rosidl_generator_cExport.cmake
[6.003s] -- Installing: /home/jakukur/Desktop/standard_god_zhang/install/auto_aim_interfaces/share/auto_aim_interfaces/cmake/export_auto_aim_interfaces__rosidl_generator_cExport-noconfig.cmake
[6.003s] -- Installing: /home/jakukur/Desktop/standard_god_zhang/install/auto_aim_interfaces/share/auto_aim_interfaces/cmake/export_auto_aim_interfaces__rosidl_typesupport_fastrtps_cExport.cmake
[6.003s] -- Installing: /home/jakukur/Desktop/standard_god_zhang/install/auto_aim_interfaces/share/auto_aim_interfaces/cmake/export_auto_aim_interfaces__rosidl_typesupport_fastrtps_cExport-noconfig.cmake
[6.003s] -- Installing: /home/jakukur/Desktop/standard_god_zhang/install/auto_aim_interfaces/share/auto_aim_interfaces/cmake/auto_aim_interfaces__rosidl_typesupport_introspection_cExport.cmake
[6.003s] -- Installing: /home/jakukur/Desktop/standard_god_zhang/install/auto_aim_interfaces/share/auto_aim_interfaces/cmake/auto_aim_interfaces__rosidl_typesupport_introspection_cExport-noconfig.cmake
[6.003s] -- Installing: /home/jakukur/Desktop/standard_god_zhang/install/auto_aim_interfaces/share/auto_aim_interfaces/cmake/auto_aim_interfaces__rosidl_typesupport_cExport.cmake
[6.003s] -- Installing: /home/jakukur/Desktop/standard_god_zhang/install/auto_aim_interfaces/share/auto_aim_interfaces/cmake/auto_aim_interfaces__rosidl_typesupport_cExport-noconfig.cmake
[6.003s] -- Installing: /home/jakukur/Desktop/standard_god_zhang/install/auto_aim_interfaces/share/auto_aim_interfaces/cmake/export_auto_aim_interfaces__rosidl_generator_cppExport.cmake
[6.003s] -- Installing: /home/jakukur/Desktop/standard_god_zhang/install/auto_aim_interfaces/share/auto_aim_interfaces/cmake/export_auto_aim_interfaces__rosidl_typesupport_fastrtps_cppExport.cmake
[6.003s] -- Installing: /home/jakukur/Desktop/standard_god_zhang/install/auto_aim_interfaces/share/auto_aim_interfaces/cmake/export_auto_aim_interfaces__rosidl_typesupport_fastrtps_cppExport-noconfig.cmake
[6.003s] -- Installing: /home/jakukur/Desktop/standard_god_zhang/install/auto_aim_interfaces/share/auto_aim_interfaces/cmake/auto_aim_interfaces__rosidl_typesupport_introspection_cppExport.cmake
[6.003s] -- Installing: /home/jakukur/Desktop/standard_god_zhang/install/auto_aim_interfaces/share/auto_aim_interfaces/cmake/auto_aim_interfaces__rosidl_typesupport_introspection_cppExport-noconfig.cmake
[6.003s] -- Installing: /home/jakukur/Desktop/standard_god_zhang/install/auto_aim_interfaces/share/auto_aim_interfaces/cmake/auto_aim_interfaces__rosidl_typesupport_cppExport.cmake
[6.003s] -- Installing: /home/jakukur/Desktop/standard_god_zhang/install/auto_aim_interfaces/share/auto_aim_interfaces/cmake/auto_aim_interfaces__rosidl_typesupport_cppExport-noconfig.cmake
[6.003s] -- Installing: /home/jakukur/Desktop/standard_god_zhang/install/auto_aim_interfaces/share/auto_aim_interfaces/cmake/export_auto_aim_interfaces__rosidl_generator_pyExport.cmake
[6.004s] -- Installing: /home/jakukur/Desktop/standard_god_zhang/install/auto_aim_interfaces/share/auto_aim_interfaces/cmake/export_auto_aim_interfaces__rosidl_generator_pyExport-noconfig.cmake
[6.005s] Invoked command in '/home/jakukur/Desktop/standard_god_zhang/build/auto_aim_interfaces' returned '0': CMAKE_PREFIX_PATH=/opt/ros/humble /usr/local/bin/cmake --install /home/jakukur/Desktop/standard_god_zhang/build/auto_aim_interfaces
