[0.010s] Invoking command in '/home/jakukur/Desktop/standard_god_zhang/build/mindvision_camera': CMAKE_PREFIX_PATH=/opt/ros/humble /usr/local/bin/cmake /home/jakukur/Desktop/standard_god_zhang/src/ros2_mindvision_camera -DAMENT_CMAKE_SYMLINK_INSTALL=1 -DCMAKE_INSTALL_PREFIX=/home/jakukur/Desktop/standard_god_zhang/install/mindvision_camera
[0.054s] -- The C compiler identification is GNU 13.1.0
[0.094s] -- The CXX compiler identification is GNU 13.1.0
[0.102s] -- Detecting C compiler ABI info
[0.153s] -- Detecting C compiler ABI info - done
[0.157s] -- Check for working C compiler: /usr/bin/cc - skipped
[0.158s] -- Detecting C compile features
[0.158s] -- Detecting C compile features - done
[0.161s] -- Detecting CXX compiler ABI info
[0.219s] -- Detecting CXX compiler ABI info - done
[0.224s] -- Check for working CXX compiler: /usr/bin/c++ - skipped
[0.225s] -- Detecting CXX compile features
[0.225s] -- Detecting CXX compile features - done
[0.226s] -- Found ament_cmake_auto: 1.3.11 (/opt/ros/humble/share/ament_cmake_auto/cmake)
[0.327s] -- Found Python3: /usr/bin/python3 (found version "3.10.12") found components: Interpreter 
[0.371s] -- Override CMake install command with custom implementation using symlinks instead of copying resources
[0.480s] -- Found rosidl_generator_c: 3.1.6 (/opt/ros/humble/share/rosidl_generator_c/cmake)
[0.485s] -- Found rosidl_adapter: 3.1.6 (/opt/ros/humble/share/rosidl_adapter/cmake)
[0.492s] -- Found rosidl_generator_cpp: 3.1.6 (/opt/ros/humble/share/rosidl_generator_cpp/cmake)
[0.501s] -- Using all available rosidl_typesupport_c: rosidl_typesupport_fastrtps_c;rosidl_typesupport_introspection_c
[0.511s] -- Using all available rosidl_typesupport_cpp: rosidl_typesupport_fastrtps_cpp;rosidl_typesupport_introspection_cpp
[0.540s] -- Found rmw_implementation_cmake: 6.1.2 (/opt/ros/humble/share/rmw_implementation_cmake/cmake)
[0.541s] -- Found rmw_fastrtps_cpp: 6.2.7 (/opt/ros/humble/share/rmw_fastrtps_cpp/cmake)
[0.592s] -- Found OpenSSL: /usr/lib/x86_64-linux-gnu/libcrypto.so (found version "3.0.2")  
[0.617s] -- Found FastRTPS: /opt/ros/humble/include  
[0.649s] -- Using RMW implementation 'rmw_fastrtps_cpp' as default
[0.655s] -- Performing Test CMAKE_HAVE_LIBC_PTHREAD
[0.702s] -- Performing Test CMAKE_HAVE_LIBC_PTHREAD - Success
[0.703s] -- Found Threads: TRUE  
[0.807s] -- Found ament_lint_auto: 0.12.11 (/opt/ros/humble/share/ament_lint_auto/cmake)
[0.820s] -- Added test 'cppcheck' to perform static code analysis on C / C++ code
[0.820s] -- Configured cppcheck include dirs: /home/jakukur/Desktop/standard_god_zhang/src/ros2_mindvision_camera/mvsdk/include
[0.820s] -- Configured cppcheck exclude dirs and/or files: 
[0.821s] -- Added test 'flake8' to check Python code syntax and style conventions
[0.821s] -- Added test 'lint_cmake' to check CMake code style
[0.822s] -- Added test 'pep257' to check Python code against some of the docstring style conventions in PEP 257
[0.822s] -- Added test 'xmllint' to check XML markup files
[0.823s] -- Configuring done
[0.832s] -- Generating done
[0.836s] -- Build files have been written to: /home/jakukur/Desktop/standard_god_zhang/build/mindvision_camera
[0.843s] Invoked command in '/home/jakukur/Desktop/standard_god_zhang/build/mindvision_camera' returned '0': CMAKE_PREFIX_PATH=/opt/ros/humble /usr/local/bin/cmake /home/jakukur/Desktop/standard_god_zhang/src/ros2_mindvision_camera -DAMENT_CMAKE_SYMLINK_INSTALL=1 -DCMAKE_INSTALL_PREFIX=/home/jakukur/Desktop/standard_god_zhang/install/mindvision_camera
[0.844s] Invoking command in '/home/jakukur/Desktop/standard_god_zhang/build/mindvision_camera': CMAKE_PREFIX_PATH=/opt/ros/humble /usr/local/bin/cmake --build /home/jakukur/Desktop/standard_god_zhang/build/mindvision_camera -- -j20 -l20
[0.868s] [ 25%] [32mBuilding CXX object CMakeFiles/mindvision_camera_node.dir/rclcpp_components/node_main_mindvision_camera_node.cpp.o[0m
[0.868s] [ 50%] [32mBuilding CXX object CMakeFiles/mindvision_camera.dir/src/mv_camera_node.cpp.o[0m
[3.084s] [ 75%] [32m[1mLinking CXX executable mindvision_camera_node[0m
[3.255s] [ 75%] Built target mindvision_camera_node
[3.434s] [100%] [32m[1mLinking CXX shared library libmindvision_camera.so[0m
[3.600s] [100%] Built target mindvision_camera
[3.606s] Invoked command in '/home/jakukur/Desktop/standard_god_zhang/build/mindvision_camera' returned '0': CMAKE_PREFIX_PATH=/opt/ros/humble /usr/local/bin/cmake --build /home/jakukur/Desktop/standard_god_zhang/build/mindvision_camera -- -j20 -l20
[3.608s] Invoking command in '/home/jakukur/Desktop/standard_god_zhang/build/mindvision_camera': CMAKE_PREFIX_PATH=/opt/ros/humble /usr/local/bin/cmake --install /home/jakukur/Desktop/standard_god_zhang/build/mindvision_camera
[3.611s] -- Install configuration: ""
[3.612s] -- Execute custom install script
[3.612s] -- Symlinking: /home/jakukur/Desktop/standard_god_zhang/install/mindvision_camera/lib/mindvision_camera/mindvision_camera_node
[3.617s] -- Symlinking: /home/jakukur/Desktop/standard_god_zhang/install/mindvision_camera/share/mindvision_camera/environment/library_path.sh
[3.621s] -- Symlinking: /home/jakukur/Desktop/standard_god_zhang/install/mindvision_camera/share/mindvision_camera/environment/library_path.dsv
[3.624s] -- Symlinking: /home/jakukur/Desktop/standard_god_zhang/install/mindvision_camera/lib/libmindvision_camera.so
[3.628s] -- Symlinking: /home/jakukur/Desktop/standard_god_zhang/install/mindvision_camera/share/mindvision_camera/config/camera_info.yaml
[3.630s] -- Symlinking: /home/jakukur/Desktop/standard_god_zhang/install/mindvision_camera/share/mindvision_camera/config/camera_params.yaml
[3.633s] -- Symlinking: /home/jakukur/Desktop/standard_god_zhang/install/mindvision_camera/share/mindvision_camera/launch/mv_launch.py
[3.636s] -- Symlinking: /home/jakukur/Desktop/standard_god_zhang/install/mindvision_camera/share/ament_index/resource_index/package_run_dependencies/mindvision_camera
[3.640s] -- Symlinking: /home/jakukur/Desktop/standard_god_zhang/install/mindvision_camera/share/ament_index/resource_index/parent_prefix_path/mindvision_camera
[3.644s] -- Symlinking: /home/jakukur/Desktop/standard_god_zhang/install/mindvision_camera/share/mindvision_camera/environment/ament_prefix_path.sh
[3.648s] -- Symlinking: /home/jakukur/Desktop/standard_god_zhang/install/mindvision_camera/share/mindvision_camera/environment/ament_prefix_path.dsv
[3.651s] -- Symlinking: /home/jakukur/Desktop/standard_god_zhang/install/mindvision_camera/share/mindvision_camera/environment/path.sh
[3.653s] -- Symlinking: /home/jakukur/Desktop/standard_god_zhang/install/mindvision_camera/share/mindvision_camera/environment/path.dsv
[3.657s] -- Symlinking: /home/jakukur/Desktop/standard_god_zhang/install/mindvision_camera/share/mindvision_camera/local_setup.bash
[3.661s] -- Symlinking: /home/jakukur/Desktop/standard_god_zhang/install/mindvision_camera/share/mindvision_camera/local_setup.sh
[3.663s] -- Symlinking: /home/jakukur/Desktop/standard_god_zhang/install/mindvision_camera/share/mindvision_camera/local_setup.zsh
[3.666s] -- Symlinking: /home/jakukur/Desktop/standard_god_zhang/install/mindvision_camera/share/mindvision_camera/local_setup.dsv
[3.668s] -- Symlinking: /home/jakukur/Desktop/standard_god_zhang/install/mindvision_camera/share/mindvision_camera/package.dsv
[3.672s] -- Symlinking: /home/jakukur/Desktop/standard_god_zhang/install/mindvision_camera/share/ament_index/resource_index/packages/mindvision_camera
[3.676s] -- Symlinking: /home/jakukur/Desktop/standard_god_zhang/install/mindvision_camera/share/ament_index/resource_index/rclcpp_components/mindvision_camera
[3.680s] -- Symlinking: /home/jakukur/Desktop/standard_god_zhang/install/mindvision_camera/share/mindvision_camera/cmake/ament_cmake_export_dependencies-extras.cmake
[3.684s] -- Symlinking: /home/jakukur/Desktop/standard_god_zhang/install/mindvision_camera/share/mindvision_camera/cmake/ament_cmake_export_libraries-extras.cmake
[3.687s] -- Symlinking: /home/jakukur/Desktop/standard_god_zhang/install/mindvision_camera/share/mindvision_camera/cmake/mindvision_cameraConfig.cmake
[3.691s] -- Symlinking: /home/jakukur/Desktop/standard_god_zhang/install/mindvision_camera/share/mindvision_camera/cmake/mindvision_cameraConfig-version.cmake
[3.695s] -- Symlinking: /home/jakukur/Desktop/standard_god_zhang/install/mindvision_camera/share/mindvision_camera/package.xml
[3.700s] Invoked command in '/home/jakukur/Desktop/standard_god_zhang/build/mindvision_camera' returned '0': CMAKE_PREFIX_PATH=/opt/ros/humble /usr/local/bin/cmake --install /home/jakukur/Desktop/standard_god_zhang/build/mindvision_camera
