[0.011s] Invoking command in '/home/jakukur/Desktop/standard_god_zhang/build/rm_vision_bringup': AMENT_PREFIX_PATH=/home/jakukur/Desktop/standard_god_zhang/install/rm_auto_aim:/home/jakukur/Desktop/standard_god_zhang/install/rm_serial_driver:/home/jakukur/Desktop/standard_god_zhang/install/armor_tracker:/home/jakukur/Desktop/standard_god_zhang/install/armor_detector:/home/jakukur/Desktop/standard_god_zhang/install/auto_aim_interfaces:${AMENT_PREFIX_PATH} CMAKE_PREFIX_PATH=/home/jakukur/Desktop/standard_god_zhang/install/rm_auto_aim:/home/jakukur/Desktop/standard_god_zhang/install/rm_serial_driver:/home/jakukur/Desktop/standard_god_zhang/install/armor_tracker:/home/jakukur/Desktop/standard_god_zhang/install/armor_detector:/home/jakukur/Desktop/standard_god_zhang/install/auto_aim_interfaces:/opt/ros/humble LD_LIBRARY_PATH=/home/jakukur/Desktop/standard_god_zhang/install/rm_serial_driver/lib:/home/jakukur/Desktop/standard_god_zhang/install/armor_tracker/lib:/home/jakukur/Desktop/standard_god_zhang/install/armor_detector/lib:/home/jakukur/Desktop/standard_god_zhang/install/auto_aim_interfaces/lib:${LD_LIBRARY_PATH} PYTHONPATH=/home/jakukur/Desktop/standard_god_zhang/install/auto_aim_interfaces/local/lib/python3.10/dist-packages:${PYTHONPATH} /usr/local/bin/cmake /home/jakukur/Desktop/standard_god_zhang/src/rm_vision/rm_vision_bringup -DAMENT_CMAKE_SYMLINK_INSTALL=1 -DCMAKE_INSTALL_PREFIX=/home/jakukur/Desktop/standard_god_zhang/install/rm_vision_bringup
[0.047s] -- The C compiler identification is GNU 13.1.0
[0.083s] -- The CXX compiler identification is GNU 13.1.0
[0.090s] -- Detecting C compiler ABI info
[0.129s] -- Detecting C compiler ABI info - done
[0.135s] -- Check for working C compiler: /usr/bin/cc - skipped
[0.135s] -- Detecting C compile features
[0.135s] -- Detecting C compile features - done
[0.137s] -- Detecting CXX compiler ABI info
[0.183s] -- Detecting CXX compiler ABI info - done
[0.188s] -- Check for working CXX compiler: /usr/bin/c++ - skipped
[0.188s] -- Detecting CXX compile features
[0.188s] -- Detecting CXX compile features - done
[0.190s] -- Found ament_cmake_auto: 1.3.11 (/opt/ros/humble/share/ament_cmake_auto/cmake)
[0.269s] -- Found Python3: /usr/bin/python3 (found version "3.10.12") found components: Interpreter 
[0.313s] -- Override CMake install command with custom implementation using symlinks instead of copying resources
[0.331s] -- Found ament_lint_auto: 0.12.11 (/opt/ros/humble/share/ament_lint_auto/cmake)
[0.377s] -- Configuring done
[0.378s] -- Generating done
[0.379s] -- Build files have been written to: /home/jakukur/Desktop/standard_god_zhang/build/rm_vision_bringup
[0.382s] Invoked command in '/home/jakukur/Desktop/standard_god_zhang/build/rm_vision_bringup' returned '0': AMENT_PREFIX_PATH=/home/jakukur/Desktop/standard_god_zhang/install/rm_auto_aim:/home/jakukur/Desktop/standard_god_zhang/install/rm_serial_driver:/home/jakukur/Desktop/standard_god_zhang/install/armor_tracker:/home/jakukur/Desktop/standard_god_zhang/install/armor_detector:/home/jakukur/Desktop/standard_god_zhang/install/auto_aim_interfaces:${AMENT_PREFIX_PATH} CMAKE_PREFIX_PATH=/home/jakukur/Desktop/standard_god_zhang/install/rm_auto_aim:/home/jakukur/Desktop/standard_god_zhang/install/rm_serial_driver:/home/jakukur/Desktop/standard_god_zhang/install/armor_tracker:/home/jakukur/Desktop/standard_god_zhang/install/armor_detector:/home/jakukur/Desktop/standard_god_zhang/install/auto_aim_interfaces:/opt/ros/humble LD_LIBRARY_PATH=/home/jakukur/Desktop/standard_god_zhang/install/rm_serial_driver/lib:/home/jakukur/Desktop/standard_god_zhang/install/armor_tracker/lib:/home/jakukur/Desktop/standard_god_zhang/install/armor_detector/lib:/home/jakukur/Desktop/standard_god_zhang/install/auto_aim_interfaces/lib:${LD_LIBRARY_PATH} PYTHONPATH=/home/jakukur/Desktop/standard_god_zhang/install/auto_aim_interfaces/local/lib/python3.10/dist-packages:${PYTHONPATH} /usr/local/bin/cmake /home/jakukur/Desktop/standard_god_zhang/src/rm_vision/rm_vision_bringup -DAMENT_CMAKE_SYMLINK_INSTALL=1 -DCMAKE_INSTALL_PREFIX=/home/jakukur/Desktop/standard_god_zhang/install/rm_vision_bringup
[0.383s] Invoking command in '/home/jakukur/Desktop/standard_god_zhang/build/rm_vision_bringup': AMENT_PREFIX_PATH=/home/jakukur/Desktop/standard_god_zhang/install/rm_auto_aim:/home/jakukur/Desktop/standard_god_zhang/install/rm_serial_driver:/home/jakukur/Desktop/standard_god_zhang/install/armor_tracker:/home/jakukur/Desktop/standard_god_zhang/install/armor_detector:/home/jakukur/Desktop/standard_god_zhang/install/auto_aim_interfaces:${AMENT_PREFIX_PATH} CMAKE_PREFIX_PATH=/home/jakukur/Desktop/standard_god_zhang/install/rm_auto_aim:/home/jakukur/Desktop/standard_god_zhang/install/rm_serial_driver:/home/jakukur/Desktop/standard_god_zhang/install/armor_tracker:/home/jakukur/Desktop/standard_god_zhang/install/armor_detector:/home/jakukur/Desktop/standard_god_zhang/install/auto_aim_interfaces:/opt/ros/humble LD_LIBRARY_PATH=/home/jakukur/Desktop/standard_god_zhang/install/rm_serial_driver/lib:/home/jakukur/Desktop/standard_god_zhang/install/armor_tracker/lib:/home/jakukur/Desktop/standard_god_zhang/install/armor_detector/lib:/home/jakukur/Desktop/standard_god_zhang/install/auto_aim_interfaces/lib:${LD_LIBRARY_PATH} PYTHONPATH=/home/jakukur/Desktop/standard_god_zhang/install/auto_aim_interfaces/local/lib/python3.10/dist-packages:${PYTHONPATH} /usr/local/bin/cmake --build /home/jakukur/Desktop/standard_god_zhang/build/rm_vision_bringup -- -j20 -l20
[0.395s] Invoked command in '/home/jakukur/Desktop/standard_god_zhang/build/rm_vision_bringup' returned '0': AMENT_PREFIX_PATH=/home/jakukur/Desktop/standard_god_zhang/install/rm_auto_aim:/home/jakukur/Desktop/standard_god_zhang/install/rm_serial_driver:/home/jakukur/Desktop/standard_god_zhang/install/armor_tracker:/home/jakukur/Desktop/standard_god_zhang/install/armor_detector:/home/jakukur/Desktop/standard_god_zhang/install/auto_aim_interfaces:${AMENT_PREFIX_PATH} CMAKE_PREFIX_PATH=/home/jakukur/Desktop/standard_god_zhang/install/rm_auto_aim:/home/jakukur/Desktop/standard_god_zhang/install/rm_serial_driver:/home/jakukur/Desktop/standard_god_zhang/install/armor_tracker:/home/jakukur/Desktop/standard_god_zhang/install/armor_detector:/home/jakukur/Desktop/standard_god_zhang/install/auto_aim_interfaces:/opt/ros/humble LD_LIBRARY_PATH=/home/jakukur/Desktop/standard_god_zhang/install/rm_serial_driver/lib:/home/jakukur/Desktop/standard_god_zhang/install/armor_tracker/lib:/home/jakukur/Desktop/standard_god_zhang/install/armor_detector/lib:/home/jakukur/Desktop/standard_god_zhang/install/auto_aim_interfaces/lib:${LD_LIBRARY_PATH} PYTHONPATH=/home/jakukur/Desktop/standard_god_zhang/install/auto_aim_interfaces/local/lib/python3.10/dist-packages:${PYTHONPATH} /usr/local/bin/cmake --build /home/jakukur/Desktop/standard_god_zhang/build/rm_vision_bringup -- -j20 -l20
[0.396s] Invoking command in '/home/jakukur/Desktop/standard_god_zhang/build/rm_vision_bringup': AMENT_PREFIX_PATH=/home/jakukur/Desktop/standard_god_zhang/install/rm_auto_aim:/home/jakukur/Desktop/standard_god_zhang/install/rm_serial_driver:/home/jakukur/Desktop/standard_god_zhang/install/armor_tracker:/home/jakukur/Desktop/standard_god_zhang/install/armor_detector:/home/jakukur/Desktop/standard_god_zhang/install/auto_aim_interfaces:${AMENT_PREFIX_PATH} CMAKE_PREFIX_PATH=/home/jakukur/Desktop/standard_god_zhang/install/rm_auto_aim:/home/jakukur/Desktop/standard_god_zhang/install/rm_serial_driver:/home/jakukur/Desktop/standard_god_zhang/install/armor_tracker:/home/jakukur/Desktop/standard_god_zhang/install/armor_detector:/home/jakukur/Desktop/standard_god_zhang/install/auto_aim_interfaces:/opt/ros/humble LD_LIBRARY_PATH=/home/jakukur/Desktop/standard_god_zhang/install/rm_serial_driver/lib:/home/jakukur/Desktop/standard_god_zhang/install/armor_tracker/lib:/home/jakukur/Desktop/standard_god_zhang/install/armor_detector/lib:/home/jakukur/Desktop/standard_god_zhang/install/auto_aim_interfaces/lib:${LD_LIBRARY_PATH} PYTHONPATH=/home/jakukur/Desktop/standard_god_zhang/install/auto_aim_interfaces/local/lib/python3.10/dist-packages:${PYTHONPATH} /usr/local/bin/cmake --install /home/jakukur/Desktop/standard_god_zhang/build/rm_vision_bringup
[0.399s] -- Install configuration: ""
[0.399s] -- Execute custom install script
[0.400s] -- Symlinking: /home/jakukur/Desktop/standard_god_zhang/install/rm_vision_bringup/share/rm_vision_bringup/launch/common.py
[0.402s] -- Symlinking: /home/jakukur/Desktop/standard_god_zhang/install/rm_vision_bringup/share/rm_vision_bringup/launch/no_hardware.launch.py
[0.405s] -- Symlinking: /home/jakukur/Desktop/standard_god_zhang/install/rm_vision_bringup/share/rm_vision_bringup/launch/vision_bringup.launch.py
[0.407s] -- Symlinking: /home/jakukur/Desktop/standard_god_zhang/install/rm_vision_bringup/share/rm_vision_bringup/config/camera_info.yaml
[0.409s] -- Symlinking: /home/jakukur/Desktop/standard_god_zhang/install/rm_vision_bringup/share/rm_vision_bringup/config/launch_params.yaml
[0.411s] -- Symlinking: /home/jakukur/Desktop/standard_god_zhang/install/rm_vision_bringup/share/rm_vision_bringup/config/node_params.yaml
[0.413s] -- Symlinking: /home/jakukur/Desktop/standard_god_zhang/install/rm_vision_bringup/share/ament_index/resource_index/package_run_dependencies/rm_vision_bringup
[0.415s] -- Symlinking: /home/jakukur/Desktop/standard_god_zhang/install/rm_vision_bringup/share/ament_index/resource_index/parent_prefix_path/rm_vision_bringup
[0.417s] -- Symlinking: /home/jakukur/Desktop/standard_god_zhang/install/rm_vision_bringup/share/rm_vision_bringup/environment/ament_prefix_path.sh
[0.420s] -- Symlinking: /home/jakukur/Desktop/standard_god_zhang/install/rm_vision_bringup/share/rm_vision_bringup/environment/ament_prefix_path.dsv
[0.422s] -- Symlinking: /home/jakukur/Desktop/standard_god_zhang/install/rm_vision_bringup/share/rm_vision_bringup/environment/path.sh
[0.424s] -- Symlinking: /home/jakukur/Desktop/standard_god_zhang/install/rm_vision_bringup/share/rm_vision_bringup/environment/path.dsv
[0.426s] -- Symlinking: /home/jakukur/Desktop/standard_god_zhang/install/rm_vision_bringup/share/rm_vision_bringup/local_setup.bash
[0.428s] -- Symlinking: /home/jakukur/Desktop/standard_god_zhang/install/rm_vision_bringup/share/rm_vision_bringup/local_setup.sh
[0.431s] -- Symlinking: /home/jakukur/Desktop/standard_god_zhang/install/rm_vision_bringup/share/rm_vision_bringup/local_setup.zsh
[0.433s] -- Symlinking: /home/jakukur/Desktop/standard_god_zhang/install/rm_vision_bringup/share/rm_vision_bringup/local_setup.dsv
[0.436s] -- Symlinking: /home/jakukur/Desktop/standard_god_zhang/install/rm_vision_bringup/share/rm_vision_bringup/package.dsv
[0.439s] -- Symlinking: /home/jakukur/Desktop/standard_god_zhang/install/rm_vision_bringup/share/ament_index/resource_index/packages/rm_vision_bringup
[0.442s] -- Symlinking: /home/jakukur/Desktop/standard_god_zhang/install/rm_vision_bringup/share/rm_vision_bringup/cmake/rm_vision_bringupConfig.cmake
[0.445s] -- Symlinking: /home/jakukur/Desktop/standard_god_zhang/install/rm_vision_bringup/share/rm_vision_bringup/cmake/rm_vision_bringupConfig-version.cmake
[0.447s] -- Symlinking: /home/jakukur/Desktop/standard_god_zhang/install/rm_vision_bringup/share/rm_vision_bringup/package.xml
[0.451s] Invoked command in '/home/jakukur/Desktop/standard_god_zhang/build/rm_vision_bringup' returned '0': AMENT_PREFIX_PATH=/home/jakukur/Desktop/standard_god_zhang/install/rm_auto_aim:/home/jakukur/Desktop/standard_god_zhang/install/rm_serial_driver:/home/jakukur/Desktop/standard_god_zhang/install/armor_tracker:/home/jakukur/Desktop/standard_god_zhang/install/armor_detector:/home/jakukur/Desktop/standard_god_zhang/install/auto_aim_interfaces:${AMENT_PREFIX_PATH} CMAKE_PREFIX_PATH=/home/jakukur/Desktop/standard_god_zhang/install/rm_auto_aim:/home/jakukur/Desktop/standard_god_zhang/install/rm_serial_driver:/home/jakukur/Desktop/standard_god_zhang/install/armor_tracker:/home/jakukur/Desktop/standard_god_zhang/install/armor_detector:/home/jakukur/Desktop/standard_god_zhang/install/auto_aim_interfaces:/opt/ros/humble LD_LIBRARY_PATH=/home/jakukur/Desktop/standard_god_zhang/install/rm_serial_driver/lib:/home/jakukur/Desktop/standard_god_zhang/install/armor_tracker/lib:/home/jakukur/Desktop/standard_god_zhang/install/armor_detector/lib:/home/jakukur/Desktop/standard_god_zhang/install/auto_aim_interfaces/lib:${LD_LIBRARY_PATH} PYTHONPATH=/home/jakukur/Desktop/standard_god_zhang/install/auto_aim_interfaces/local/lib/python3.10/dist-packages:${PYTHONPATH} /usr/local/bin/cmake --install /home/jakukur/Desktop/standard_god_zhang/build/rm_vision_bringup
