[0.010s] Invoking command in '/home/jakukur/Desktop/standard_god_zhang/build/rm_serial_driver': AMENT_PREFIX_PATH=/home/jakukur/Desktop/standard_god_zhang/install/auto_aim_interfaces:${AMENT_PREFIX_PATH} CMAKE_PREFIX_PATH=/home/jakukur/Desktop/standard_god_zhang/install/auto_aim_interfaces:/opt/ros/humble LD_LIBRARY_PATH=/home/jakukur/Desktop/standard_god_zhang/install/auto_aim_interfaces/lib:${LD_LIBRARY_PATH} PYTHONPATH=/home/jakukur/Desktop/standard_god_zhang/install/auto_aim_interfaces/local/lib/python3.10/dist-packages:${PYTHONPATH} /usr/local/bin/cmake /home/jakukur/Desktop/standard_god_zhang/src/rm_serial_driver -DAMENT_CMAKE_SYMLINK_INSTALL=1 -DCMAKE_INSTALL_PREFIX=/home/jakukur/Desktop/standard_god_zhang/install/rm_serial_driver
[0.049s] -- The C compiler identification is GNU 13.1.0
[0.087s] -- The CXX compiler identification is GNU 13.1.0
[0.096s] -- Detecting C compiler ABI info
[0.141s] -- Detecting C compiler ABI info - done
[0.146s] -- Check for working C compiler: /usr/bin/cc - skipped
[0.146s] -- Detecting C compile features
[0.147s] -- Detecting C compile features - done
[0.149s] -- Detecting CXX compiler ABI info
[0.197s] -- Detecting CXX compiler ABI info - done
[0.203s] -- Check for working CXX compiler: /usr/bin/c++ - skipped
[0.204s] -- Detecting CXX compile features
[0.204s] -- Detecting CXX compile features - done
[0.205s] -- Found ament_cmake_auto: 1.3.11 (/opt/ros/humble/share/ament_cmake_auto/cmake)
[0.286s] -- Found Python3: /usr/bin/python3 (found version "3.10.12") found components: Interpreter 
[0.331s] -- Override CMake install command with custom implementation using symlinks instead of copying resources
[0.420s] -- Found rosidl_generator_c: 3.1.6 (/opt/ros/humble/share/rosidl_generator_c/cmake)
[0.423s] -- Found rosidl_adapter: 3.1.6 (/opt/ros/humble/share/rosidl_adapter/cmake)
[0.428s] -- Found rosidl_generator_cpp: 3.1.6 (/opt/ros/humble/share/rosidl_generator_cpp/cmake)
[0.436s] -- Using all available rosidl_typesupport_c: rosidl_typesupport_fastrtps_c;rosidl_typesupport_introspection_c
[0.447s] -- Using all available rosidl_typesupport_cpp: rosidl_typesupport_fastrtps_cpp;rosidl_typesupport_introspection_cpp
[0.477s] -- Found rmw_implementation_cmake: 6.1.2 (/opt/ros/humble/share/rmw_implementation_cmake/cmake)
[0.478s] -- Found rmw_fastrtps_cpp: 6.2.7 (/opt/ros/humble/share/rmw_fastrtps_cpp/cmake)
[0.542s] -- Found OpenSSL: /usr/lib/x86_64-linux-gnu/libcrypto.so (found version "3.0.2")  
[0.566s] -- Found FastRTPS: /opt/ros/humble/include  
[0.593s] -- Using RMW implementation 'rmw_fastrtps_cpp' as default
[0.598s] -- Performing Test CMAKE_HAVE_LIBC_PTHREAD
[0.653s] -- Performing Test CMAKE_HAVE_LIBC_PTHREAD - Success
[0.654s] -- Found Threads: TRUE  
[0.721s] -- Found asio_cmake_module: 1.2.0 (/opt/ros/humble/share/asio_cmake_module/cmake)
[0.722s] -- Found ASIO: /usr/include  
[0.806s] -- Found eigen3_cmake_module: 0.1.1 (/opt/ros/humble/share/eigen3_cmake_module/cmake)
[0.807s] -- Found Eigen3: TRUE (found version "3.4.0") 
[0.807s] -- Ensuring Eigen3 include directory is part of orocos-kdl CMake target
[0.858s] -- Found ament_lint_auto: 0.12.11 (/opt/ros/humble/share/ament_lint_auto/cmake)
[0.878s] -- Added test 'cppcheck' to perform static code analysis on C / C++ code
[0.879s] -- Configured cppcheck include dirs: /home/jakukur/Desktop/standard_god_zhang/src/rm_serial_driver/include
[0.879s] -- Configured cppcheck exclude dirs and/or files: 
[0.879s] -- Added test 'cpplint' to check C / C++ code against the Google style
[0.879s] -- Configured cpplint exclude dirs and/or files: 
[0.880s] -- Added test 'flake8' to check Python code syntax and style conventions
[0.880s] -- Added test 'lint_cmake' to check CMake code style
[0.880s] -- Added test 'pep257' to check Python code against some of the docstring style conventions in PEP 257
[0.881s] -- Added test 'xmllint' to check XML markup files
[0.883s] -- Configuring done
[0.897s] -- Generating done
[0.902s] -- Build files have been written to: /home/jakukur/Desktop/standard_god_zhang/build/rm_serial_driver
[0.909s] Invoked command in '/home/jakukur/Desktop/standard_god_zhang/build/rm_serial_driver' returned '0': AMENT_PREFIX_PATH=/home/jakukur/Desktop/standard_god_zhang/install/auto_aim_interfaces:${AMENT_PREFIX_PATH} CMAKE_PREFIX_PATH=/home/jakukur/Desktop/standard_god_zhang/install/auto_aim_interfaces:/opt/ros/humble LD_LIBRARY_PATH=/home/jakukur/Desktop/standard_god_zhang/install/auto_aim_interfaces/lib:${LD_LIBRARY_PATH} PYTHONPATH=/home/jakukur/Desktop/standard_god_zhang/install/auto_aim_interfaces/local/lib/python3.10/dist-packages:${PYTHONPATH} /usr/local/bin/cmake /home/jakukur/Desktop/standard_god_zhang/src/rm_serial_driver -DAMENT_CMAKE_SYMLINK_INSTALL=1 -DCMAKE_INSTALL_PREFIX=/home/jakukur/Desktop/standard_god_zhang/install/rm_serial_driver
[0.910s] Invoking command in '/home/jakukur/Desktop/standard_god_zhang/build/rm_serial_driver': AMENT_PREFIX_PATH=/home/jakukur/Desktop/standard_god_zhang/install/auto_aim_interfaces:${AMENT_PREFIX_PATH} CMAKE_PREFIX_PATH=/home/jakukur/Desktop/standard_god_zhang/install/auto_aim_interfaces:/opt/ros/humble LD_LIBRARY_PATH=/home/jakukur/Desktop/standard_god_zhang/install/auto_aim_interfaces/lib:${LD_LIBRARY_PATH} PYTHONPATH=/home/jakukur/Desktop/standard_god_zhang/install/auto_aim_interfaces/local/lib/python3.10/dist-packages:${PYTHONPATH} /usr/local/bin/cmake --build /home/jakukur/Desktop/standard_god_zhang/build/rm_serial_driver -- -j20 -l20
[0.936s] [ 20%] [32mBuilding CXX object CMakeFiles/rm_serial_driver.dir/src/rm_serial_driver.cpp.o[0m
[0.937s] [ 40%] [32mBuilding CXX object CMakeFiles/rm_serial_driver_node.dir/rclcpp_components/node_main_rm_serial_driver_node.cpp.o[0m
[0.938s] [ 60%] [32mBuilding CXX object CMakeFiles/rm_serial_driver.dir/src/crc.cpp.o[0m
[4.579s] [ 80%] [32m[1mLinking CXX executable rm_serial_driver_node[0m
[4.669s] [ 80%] Built target rm_serial_driver_node
[11.908s] [100%] [32m[1mLinking CXX shared library librm_serial_driver.so[0m
[12.451s] [100%] Built target rm_serial_driver
[12.457s] Invoked command in '/home/jakukur/Desktop/standard_god_zhang/build/rm_serial_driver' returned '0': AMENT_PREFIX_PATH=/home/jakukur/Desktop/standard_god_zhang/install/auto_aim_interfaces:${AMENT_PREFIX_PATH} CMAKE_PREFIX_PATH=/home/jakukur/Desktop/standard_god_zhang/install/auto_aim_interfaces:/opt/ros/humble LD_LIBRARY_PATH=/home/jakukur/Desktop/standard_god_zhang/install/auto_aim_interfaces/lib:${LD_LIBRARY_PATH} PYTHONPATH=/home/jakukur/Desktop/standard_god_zhang/install/auto_aim_interfaces/local/lib/python3.10/dist-packages:${PYTHONPATH} /usr/local/bin/cmake --build /home/jakukur/Desktop/standard_god_zhang/build/rm_serial_driver -- -j20 -l20
[12.459s] Invoking command in '/home/jakukur/Desktop/standard_god_zhang/build/rm_serial_driver': AMENT_PREFIX_PATH=/home/jakukur/Desktop/standard_god_zhang/install/auto_aim_interfaces:${AMENT_PREFIX_PATH} CMAKE_PREFIX_PATH=/home/jakukur/Desktop/standard_god_zhang/install/auto_aim_interfaces:/opt/ros/humble LD_LIBRARY_PATH=/home/jakukur/Desktop/standard_god_zhang/install/auto_aim_interfaces/lib:${LD_LIBRARY_PATH} PYTHONPATH=/home/jakukur/Desktop/standard_god_zhang/install/auto_aim_interfaces/local/lib/python3.10/dist-packages:${PYTHONPATH} /usr/local/bin/cmake --install /home/jakukur/Desktop/standard_god_zhang/build/rm_serial_driver
[12.461s] -- Install configuration: ""
[12.462s] -- Execute custom install script
[12.462s] -- Symlinking: /home/jakukur/Desktop/standard_god_zhang/install/rm_serial_driver/lib/rm_serial_driver/rm_serial_driver_node
[12.467s] -- Symlinking: /home/jakukur/Desktop/standard_god_zhang/install/rm_serial_driver/include/rm_serial_driver/crc.hpp
[12.470s] -- Symlinking: /home/jakukur/Desktop/standard_god_zhang/install/rm_serial_driver/include/rm_serial_driver/packet.hpp
[12.473s] -- Symlinking: /home/jakukur/Desktop/standard_god_zhang/install/rm_serial_driver/include/rm_serial_driver/rm_serial_driver.hpp
[12.477s] -- Symlinking: /home/jakukur/Desktop/standard_god_zhang/install/rm_serial_driver/share/rm_serial_driver/environment/library_path.sh
[12.479s] -- Symlinking: /home/jakukur/Desktop/standard_god_zhang/install/rm_serial_driver/share/rm_serial_driver/environment/library_path.dsv
[12.483s] -- Symlinking: /home/jakukur/Desktop/standard_god_zhang/install/rm_serial_driver/lib/librm_serial_driver.so
[12.486s] -- Symlinking: /home/jakukur/Desktop/standard_god_zhang/install/rm_serial_driver/share/rm_serial_driver/config/serial_driver.yaml
[12.489s] -- Symlinking: /home/jakukur/Desktop/standard_god_zhang/install/rm_serial_driver/share/rm_serial_driver/launch/serial_driver.launch.py
[12.493s] -- Symlinking: /home/jakukur/Desktop/standard_god_zhang/install/rm_serial_driver/share/ament_index/resource_index/package_run_dependencies/rm_serial_driver
[12.496s] -- Symlinking: /home/jakukur/Desktop/standard_god_zhang/install/rm_serial_driver/share/ament_index/resource_index/parent_prefix_path/rm_serial_driver
[12.499s] -- Symlinking: /home/jakukur/Desktop/standard_god_zhang/install/rm_serial_driver/share/rm_serial_driver/environment/ament_prefix_path.sh
[12.503s] -- Symlinking: /home/jakukur/Desktop/standard_god_zhang/install/rm_serial_driver/share/rm_serial_driver/environment/ament_prefix_path.dsv
[12.505s] -- Symlinking: /home/jakukur/Desktop/standard_god_zhang/install/rm_serial_driver/share/rm_serial_driver/environment/path.sh
[12.507s] -- Symlinking: /home/jakukur/Desktop/standard_god_zhang/install/rm_serial_driver/share/rm_serial_driver/environment/path.dsv
[12.510s] -- Symlinking: /home/jakukur/Desktop/standard_god_zhang/install/rm_serial_driver/share/rm_serial_driver/local_setup.bash
[12.514s] -- Symlinking: /home/jakukur/Desktop/standard_god_zhang/install/rm_serial_driver/share/rm_serial_driver/local_setup.sh
[12.517s] -- Symlinking: /home/jakukur/Desktop/standard_god_zhang/install/rm_serial_driver/share/rm_serial_driver/local_setup.zsh
[12.520s] -- Symlinking: /home/jakukur/Desktop/standard_god_zhang/install/rm_serial_driver/share/rm_serial_driver/local_setup.dsv
[12.522s] -- Symlinking: /home/jakukur/Desktop/standard_god_zhang/install/rm_serial_driver/share/rm_serial_driver/package.dsv
[12.525s] -- Symlinking: /home/jakukur/Desktop/standard_god_zhang/install/rm_serial_driver/share/ament_index/resource_index/packages/rm_serial_driver
[12.528s] -- Symlinking: /home/jakukur/Desktop/standard_god_zhang/install/rm_serial_driver/share/ament_index/resource_index/rclcpp_components/rm_serial_driver
[12.531s] -- Symlinking: /home/jakukur/Desktop/standard_god_zhang/install/rm_serial_driver/share/rm_serial_driver/cmake/ament_cmake_export_dependencies-extras.cmake
[12.534s] -- Symlinking: /home/jakukur/Desktop/standard_god_zhang/install/rm_serial_driver/share/rm_serial_driver/cmake/ament_cmake_export_include_directories-extras.cmake
[12.536s] -- Symlinking: /home/jakukur/Desktop/standard_god_zhang/install/rm_serial_driver/share/rm_serial_driver/cmake/ament_cmake_export_libraries-extras.cmake
[12.539s] -- Symlinking: /home/jakukur/Desktop/standard_god_zhang/install/rm_serial_driver/share/rm_serial_driver/cmake/rm_serial_driverConfig.cmake
[12.542s] -- Symlinking: /home/jakukur/Desktop/standard_god_zhang/install/rm_serial_driver/share/rm_serial_driver/cmake/rm_serial_driverConfig-version.cmake
[12.545s] -- Symlinking: /home/jakukur/Desktop/standard_god_zhang/install/rm_serial_driver/share/rm_serial_driver/package.xml
[12.550s] Invoked command in '/home/jakukur/Desktop/standard_god_zhang/build/rm_serial_driver' returned '0': AMENT_PREFIX_PATH=/home/jakukur/Desktop/standard_god_zhang/install/auto_aim_interfaces:${AMENT_PREFIX_PATH} CMAKE_PREFIX_PATH=/home/jakukur/Desktop/standard_god_zhang/install/auto_aim_interfaces:/opt/ros/humble LD_LIBRARY_PATH=/home/jakukur/Desktop/standard_god_zhang/install/auto_aim_interfaces/lib:${LD_LIBRARY_PATH} PYTHONPATH=/home/jakukur/Desktop/standard_god_zhang/install/auto_aim_interfaces/local/lib/python3.10/dist-packages:${PYTHONPATH} /usr/local/bin/cmake --install /home/jakukur/Desktop/standard_god_zhang/build/rm_serial_driver
