[0.011s] Invoking command in '/home/jakukur/Desktop/standard_god_zhang/build/armor_tracker': AMENT_PREFIX_PATH=/home/jakukur/Desktop/standard_god_zhang/install/auto_aim_interfaces:${AMENT_PREFIX_PATH} CMAKE_PREFIX_PATH=/home/jakukur/Desktop/standard_god_zhang/install/auto_aim_interfaces:/opt/ros/humble LD_LIBRARY_PATH=/home/jakukur/Desktop/standard_god_zhang/install/auto_aim_interfaces/lib:${LD_LIBRARY_PATH} PYTHONPATH=/home/jakukur/Desktop/standard_god_zhang/install/auto_aim_interfaces/local/lib/python3.10/dist-packages:${PYTHONPATH} /usr/local/bin/cmake /home/jakukur/Desktop/standard_god_zhang/src/rm_auto_aim/armor_tracker -DAMENT_CMAKE_SYMLINK_INSTALL=1 -DCMAKE_INSTALL_PREFIX=/home/jakukur/Desktop/standard_god_zhang/install/armor_tracker
[0.046s] -- The C compiler identification is GNU 13.1.0
[0.091s] -- The CXX compiler identification is GNU 13.1.0
[0.100s] -- Detecting C compiler ABI info
[0.144s] -- Detecting C compiler ABI info - done
[0.153s] -- Check for working C compiler: /usr/bin/cc - skipped
[0.153s] -- Detecting C compile features
[0.153s] -- Detecting C compile features - done
[0.156s] -- Detecting CXX compiler ABI info
[0.204s] -- Detecting CXX compiler ABI info - done
[0.210s] -- Check for working CXX compiler: /usr/bin/c++ - skipped
[0.210s] -- Detecting CXX compile features
[0.210s] -- Detecting CXX compile features - done
[0.212s] -- Found ament_cmake_auto: 1.3.11 (/opt/ros/humble/share/ament_cmake_auto/cmake)
[0.302s] -- Found Python3: /usr/bin/python3 (found version "3.10.12") found components: Interpreter 
[0.344s] -- Override CMake install command with custom implementation using symlinks instead of copying resources
[0.372s] -- Found OpenCV: /usr (found suitable version "4.5.4", minimum required is "4") 
[0.376s] -- Performing Test CMAKE_HAVE_LIBC_PTHREAD
[0.426s] -- Performing Test CMAKE_HAVE_LIBC_PTHREAD - Success
[0.427s] -- Found Threads: TRUE  
[0.431s] -- Found required Ceres dependency: Eigen version 3.4.0 in /usr/include/eigen3
[0.435s] -- Found required Ceres dependency: glog
[0.435s] -- Found required Ceres dependency: gflags
[0.435s] -- Found Ceres version: 2.0.0 installed in: /usr with components: [EigenSparse, SparseLinearAlgebraLibrary, LAPACK, SuiteSparse, CXSparse, SchurSpecializations, Multithreading]
[0.508s] -- Found rosidl_generator_c: 3.1.6 (/opt/ros/humble/share/rosidl_generator_c/cmake)
[0.511s] -- Found rosidl_adapter: 3.1.6 (/opt/ros/humble/share/rosidl_adapter/cmake)
[0.516s] -- Found rosidl_generator_cpp: 3.1.6 (/opt/ros/humble/share/rosidl_generator_cpp/cmake)
[0.524s] -- Using all available rosidl_typesupport_c: rosidl_typesupport_fastrtps_c;rosidl_typesupport_introspection_c
[0.535s] -- Using all available rosidl_typesupport_cpp: rosidl_typesupport_fastrtps_cpp;rosidl_typesupport_introspection_cpp
[0.564s] -- Found rmw_implementation_cmake: 6.1.2 (/opt/ros/humble/share/rmw_implementation_cmake/cmake)
[0.565s] -- Found rmw_fastrtps_cpp: 6.2.7 (/opt/ros/humble/share/rmw_fastrtps_cpp/cmake)
[0.629s] -- Found OpenSSL: /usr/lib/x86_64-linux-gnu/libcrypto.so (found version "3.0.2")  
[0.650s] -- Found FastRTPS: /opt/ros/humble/include  
[0.686s] -- Using RMW implementation 'rmw_fastrtps_cpp' as default
[0.804s] -- Found eigen3_cmake_module: 0.1.1 (/opt/ros/humble/share/eigen3_cmake_module/cmake)
[0.805s] -- Found Eigen3: TRUE (found version "3.4.0") 
[0.805s] -- Ensuring Eigen3 include directory is part of orocos-kdl CMake target
[0.867s] -- Found ament_lint_auto: 0.12.11 (/opt/ros/humble/share/ament_lint_auto/cmake)
[0.887s] -- Added test 'cppcheck' to perform static code analysis on C / C++ code
[0.887s] -- Configured cppcheck include dirs: /home/jakukur/Desktop/standard_god_zhang/src/rm_auto_aim/armor_tracker/include
[0.887s] -- Configured cppcheck exclude dirs and/or files: 
[0.887s] -- Added test 'lint_cmake' to check CMake code style
[0.888s] -- Added test 'xmllint' to check XML markup files
[0.890s] -- Configuring done
[0.903s] -- Generating done
[0.908s] -- Build files have been written to: /home/jakukur/Desktop/standard_god_zhang/build/armor_tracker
[0.916s] Invoked command in '/home/jakukur/Desktop/standard_god_zhang/build/armor_tracker' returned '0': AMENT_PREFIX_PATH=/home/jakukur/Desktop/standard_god_zhang/install/auto_aim_interfaces:${AMENT_PREFIX_PATH} CMAKE_PREFIX_PATH=/home/jakukur/Desktop/standard_god_zhang/install/auto_aim_interfaces:/opt/ros/humble LD_LIBRARY_PATH=/home/jakukur/Desktop/standard_god_zhang/install/auto_aim_interfaces/lib:${LD_LIBRARY_PATH} PYTHONPATH=/home/jakukur/Desktop/standard_god_zhang/install/auto_aim_interfaces/local/lib/python3.10/dist-packages:${PYTHONPATH} /usr/local/bin/cmake /home/jakukur/Desktop/standard_god_zhang/src/rm_auto_aim/armor_tracker -DAMENT_CMAKE_SYMLINK_INSTALL=1 -DCMAKE_INSTALL_PREFIX=/home/jakukur/Desktop/standard_god_zhang/install/armor_tracker
[0.917s] Invoking command in '/home/jakukur/Desktop/standard_god_zhang/build/armor_tracker': AMENT_PREFIX_PATH=/home/jakukur/Desktop/standard_god_zhang/install/auto_aim_interfaces:${AMENT_PREFIX_PATH} CMAKE_PREFIX_PATH=/home/jakukur/Desktop/standard_god_zhang/install/auto_aim_interfaces:/opt/ros/humble LD_LIBRARY_PATH=/home/jakukur/Desktop/standard_god_zhang/install/auto_aim_interfaces/lib:${LD_LIBRARY_PATH} PYTHONPATH=/home/jakukur/Desktop/standard_god_zhang/install/auto_aim_interfaces/local/lib/python3.10/dist-packages:${PYTHONPATH} /usr/local/bin/cmake --build /home/jakukur/Desktop/standard_god_zhang/build/armor_tracker -- -j20 -l20
[0.939s] [ 12%] [32mBuilding CXX object CMakeFiles/armor_tracker_node.dir/rclcpp_components/node_main_armor_tracker_node.cpp.o[0m
[0.941s] [ 25%] [32mBuilding CXX object CMakeFiles/armor_tracker.dir/src/extended_kalman_filter.cpp.o[0m
[0.942s] [ 37%] [32mBuilding CXX object CMakeFiles/armor_tracker.dir/src/tracker_node.cpp.o[0m
[0.942s] [ 50%] [32mBuilding CXX object CMakeFiles/armor_tracker.dir/src/tracker.cpp.o[0m
[0.942s] [ 62%] [32mBuilding CXX object CMakeFiles/armor_tracker.dir/src/particle_filter.cpp.o[0m
[0.943s] [ 75%] [32mBuilding CXX object CMakeFiles/armor_tracker.dir/src/rune_predictor.cpp.o[0m
[2.944s] [ 87%] [32m[1mLinking CXX executable armor_tracker_node[0m
[3.031s] [ 87%] Built target armor_tracker_node
[13.694s] [100%] [32m[1mLinking CXX shared library libarmor_tracker.so[0m
[14.604s] [100%] Built target armor_tracker
[14.610s] Invoked command in '/home/jakukur/Desktop/standard_god_zhang/build/armor_tracker' returned '0': AMENT_PREFIX_PATH=/home/jakukur/Desktop/standard_god_zhang/install/auto_aim_interfaces:${AMENT_PREFIX_PATH} CMAKE_PREFIX_PATH=/home/jakukur/Desktop/standard_god_zhang/install/auto_aim_interfaces:/opt/ros/humble LD_LIBRARY_PATH=/home/jakukur/Desktop/standard_god_zhang/install/auto_aim_interfaces/lib:${LD_LIBRARY_PATH} PYTHONPATH=/home/jakukur/Desktop/standard_god_zhang/install/auto_aim_interfaces/local/lib/python3.10/dist-packages:${PYTHONPATH} /usr/local/bin/cmake --build /home/jakukur/Desktop/standard_god_zhang/build/armor_tracker -- -j20 -l20
[14.612s] Invoking command in '/home/jakukur/Desktop/standard_god_zhang/build/armor_tracker': AMENT_PREFIX_PATH=/home/jakukur/Desktop/standard_god_zhang/install/auto_aim_interfaces:${AMENT_PREFIX_PATH} CMAKE_PREFIX_PATH=/home/jakukur/Desktop/standard_god_zhang/install/auto_aim_interfaces:/opt/ros/humble LD_LIBRARY_PATH=/home/jakukur/Desktop/standard_god_zhang/install/auto_aim_interfaces/lib:${LD_LIBRARY_PATH} PYTHONPATH=/home/jakukur/Desktop/standard_god_zhang/install/auto_aim_interfaces/local/lib/python3.10/dist-packages:${PYTHONPATH} /usr/local/bin/cmake --install /home/jakukur/Desktop/standard_god_zhang/build/armor_tracker
[14.615s] -- Install configuration: ""
[14.615s] -- Execute custom install script
[14.616s] -- Symlinking: /home/jakukur/Desktop/standard_god_zhang/install/armor_tracker/lib/armor_tracker/armor_tracker_node
[14.620s] -- Symlinking: /home/jakukur/Desktop/standard_god_zhang/install/armor_tracker/include/armor_tracker/extended_kalman_filter.hpp
[14.623s] -- Symlinking: /home/jakukur/Desktop/standard_god_zhang/install/armor_tracker/include/armor_tracker/tracker.hpp
[14.626s] -- Symlinking: /home/jakukur/Desktop/standard_god_zhang/install/armor_tracker/include/armor_tracker/tracker_node.hpp
[14.629s] -- Symlinking: /home/jakukur/Desktop/standard_god_zhang/install/armor_tracker/include/rune_predictor/particle_filter.hpp
[14.632s] -- Symlinking: /home/jakukur/Desktop/standard_god_zhang/install/armor_tracker/include/rune_predictor/rune_predictor.hpp
[14.635s] -- Symlinking: /home/jakukur/Desktop/standard_god_zhang/install/armor_tracker/share/armor_tracker/environment/library_path.sh
[14.638s] -- Symlinking: /home/jakukur/Desktop/standard_god_zhang/install/armor_tracker/share/armor_tracker/environment/library_path.dsv
[14.641s] -- Symlinking: /home/jakukur/Desktop/standard_god_zhang/install/armor_tracker/lib/libarmor_tracker.so
[14.645s] -- Symlinking: /home/jakukur/Desktop/standard_god_zhang/install/armor_tracker/share/ament_index/resource_index/package_run_dependencies/armor_tracker
[14.648s] -- Symlinking: /home/jakukur/Desktop/standard_god_zhang/install/armor_tracker/share/ament_index/resource_index/parent_prefix_path/armor_tracker
[14.652s] -- Symlinking: /home/jakukur/Desktop/standard_god_zhang/install/armor_tracker/share/armor_tracker/environment/ament_prefix_path.sh
[14.655s] -- Symlinking: /home/jakukur/Desktop/standard_god_zhang/install/armor_tracker/share/armor_tracker/environment/ament_prefix_path.dsv
[14.659s] -- Symlinking: /home/jakukur/Desktop/standard_god_zhang/install/armor_tracker/share/armor_tracker/environment/path.sh
[14.661s] -- Symlinking: /home/jakukur/Desktop/standard_god_zhang/install/armor_tracker/share/armor_tracker/environment/path.dsv
[14.665s] -- Symlinking: /home/jakukur/Desktop/standard_god_zhang/install/armor_tracker/share/armor_tracker/local_setup.bash
[14.668s] -- Symlinking: /home/jakukur/Desktop/standard_god_zhang/install/armor_tracker/share/armor_tracker/local_setup.sh
[14.671s] -- Symlinking: /home/jakukur/Desktop/standard_god_zhang/install/armor_tracker/share/armor_tracker/local_setup.zsh
[14.675s] -- Symlinking: /home/jakukur/Desktop/standard_god_zhang/install/armor_tracker/share/armor_tracker/local_setup.dsv
[14.678s] -- Symlinking: /home/jakukur/Desktop/standard_god_zhang/install/armor_tracker/share/armor_tracker/package.dsv
[14.681s] -- Symlinking: /home/jakukur/Desktop/standard_god_zhang/install/armor_tracker/share/ament_index/resource_index/packages/armor_tracker
[14.685s] -- Symlinking: /home/jakukur/Desktop/standard_god_zhang/install/armor_tracker/share/ament_index/resource_index/rclcpp_components/armor_tracker
[14.687s] -- Symlinking: /home/jakukur/Desktop/standard_god_zhang/install/armor_tracker/share/armor_tracker/cmake/ament_cmake_export_dependencies-extras.cmake
[14.690s] -- Symlinking: /home/jakukur/Desktop/standard_god_zhang/install/armor_tracker/share/armor_tracker/cmake/ament_cmake_export_include_directories-extras.cmake
[14.694s] -- Symlinking: /home/jakukur/Desktop/standard_god_zhang/install/armor_tracker/share/armor_tracker/cmake/ament_cmake_export_libraries-extras.cmake
[14.697s] -- Symlinking: /home/jakukur/Desktop/standard_god_zhang/install/armor_tracker/share/armor_tracker/cmake/armor_trackerConfig.cmake
[14.701s] -- Symlinking: /home/jakukur/Desktop/standard_god_zhang/install/armor_tracker/share/armor_tracker/cmake/armor_trackerConfig-version.cmake
[14.704s] -- Symlinking: /home/jakukur/Desktop/standard_god_zhang/install/armor_tracker/share/armor_tracker/package.xml
[14.708s] Invoked command in '/home/jakukur/Desktop/standard_god_zhang/build/armor_tracker' returned '0': AMENT_PREFIX_PATH=/home/jakukur/Desktop/standard_god_zhang/install/auto_aim_interfaces:${AMENT_PREFIX_PATH} CMAKE_PREFIX_PATH=/home/jakukur/Desktop/standard_god_zhang/install/auto_aim_interfaces:/opt/ros/humble LD_LIBRARY_PATH=/home/jakukur/Desktop/standard_god_zhang/install/auto_aim_interfaces/lib:${LD_LIBRARY_PATH} PYTHONPATH=/home/jakukur/Desktop/standard_god_zhang/install/auto_aim_interfaces/local/lib/python3.10/dist-packages:${PYTHONPATH} /usr/local/bin/cmake --install /home/jakukur/Desktop/standard_god_zhang/build/armor_tracker
