[0.011s] Invoking command in '/home/jakukur/Desktop/standard_god_zhang/build/armor_detector': AMENT_PREFIX_PATH=/home/jakukur/Desktop/standard_god_zhang/install/auto_aim_interfaces:${AMENT_PREFIX_PATH} CMAKE_PREFIX_PATH=/home/jakukur/Desktop/standard_god_zhang/install/auto_aim_interfaces:/opt/ros/humble LD_LIBRARY_PATH=/home/jakukur/Desktop/standard_god_zhang/install/auto_aim_interfaces/lib:${LD_LIBRARY_PATH} PYTHONPATH=/home/jakukur/Desktop/standard_god_zhang/install/auto_aim_interfaces/local/lib/python3.10/dist-packages:${PYTHONPATH} /usr/local/bin/cmake /home/jakukur/Desktop/standard_god_zhang/src/rm_auto_aim/armor_detector -DAMENT_CMAKE_SYMLINK_INSTALL=1 -DCMAKE_INSTALL_PREFIX=/home/jakukur/Desktop/standard_god_zhang/install/armor_detector
[0.047s] -- The C compiler identification is GNU 13.1.0
[0.089s] -- The CXX compiler identification is GNU 13.1.0
[0.098s] -- Detecting C compiler ABI info
[0.144s] -- Detecting C compiler ABI info - done
[0.150s] -- Check for working C compiler: /usr/bin/cc - skipped
[0.151s] -- Detecting C compile features
[0.151s] -- Detecting C compile features - done
[0.153s] -- Detecting CXX compiler ABI info
[0.201s] -- Detecting CXX compiler ABI info - done
[0.208s] -- Check for working CXX compiler: /usr/bin/c++ - skipped
[0.208s] -- Detecting CXX compile features
[0.209s] -- Detecting CXX compile features - done
[0.210s] -- Found ament_cmake_auto: 1.3.11 (/opt/ros/humble/share/ament_cmake_auto/cmake)
[0.294s] -- Found Python3: /usr/bin/python3 (found version "3.10.12") found components: Interpreter 
[0.338s] -- Override CMake install command with custom implementation using symlinks instead of copying resources
[0.366s] -- Found OpenCV: /usr (found suitable version "4.5.4", minimum required is "4") 
[0.441s] -- Found rosidl_generator_c: 3.1.6 (/opt/ros/humble/share/rosidl_generator_c/cmake)
[0.444s] -- Found rosidl_adapter: 3.1.6 (/opt/ros/humble/share/rosidl_adapter/cmake)
[0.450s] -- Found rosidl_generator_cpp: 3.1.6 (/opt/ros/humble/share/rosidl_generator_cpp/cmake)
[0.458s] -- Using all available rosidl_typesupport_c: rosidl_typesupport_fastrtps_c;rosidl_typesupport_introspection_c
[0.468s] -- Using all available rosidl_typesupport_cpp: rosidl_typesupport_fastrtps_cpp;rosidl_typesupport_introspection_cpp
[0.497s] -- Found rmw_implementation_cmake: 6.1.2 (/opt/ros/humble/share/rmw_implementation_cmake/cmake)
[0.499s] -- Found rmw_fastrtps_cpp: 6.2.7 (/opt/ros/humble/share/rmw_fastrtps_cpp/cmake)
[0.561s] -- Found OpenSSL: /usr/lib/x86_64-linux-gnu/libcrypto.so (found version "3.0.2")  
[0.585s] -- Found FastRTPS: /opt/ros/humble/include  
[0.623s] -- Using RMW implementation 'rmw_fastrtps_cpp' as default
[0.630s] -- Performing Test CMAKE_HAVE_LIBC_PTHREAD
[0.686s] -- Performing Test CMAKE_HAVE_LIBC_PTHREAD - Success
[0.687s] -- Found Threads: TRUE  
[0.821s] -- Found eigen3_cmake_module: 0.1.1 (/opt/ros/humble/share/eigen3_cmake_module/cmake)
[0.822s] -- Found Eigen3: TRUE (found version "3.4.0") 
[0.822s] -- Ensuring Eigen3 include directory is part of orocos-kdl CMake target
[0.873s] -- Found ament_lint_auto: 0.12.11 (/opt/ros/humble/share/ament_lint_auto/cmake)
[0.889s] -- Found ament_cmake_gtest: 1.3.11 (/opt/ros/humble/share/ament_cmake_gtest/cmake)
[0.890s] -- Found gtest sources under '/opt/ros/humble/src/gtest_vendor': C++ tests using 'Google Test' will be built
[0.899s] -- Added test 'cppcheck' to perform static code analysis on C / C++ code
[0.899s] -- Configured cppcheck include dirs: /home/jakukur/Desktop/standard_god_zhang/src/rm_auto_aim/armor_detector/include
[0.899s] -- Configured cppcheck exclude dirs and/or files: 
[0.900s] -- Added test 'lint_cmake' to check CMake code style
[0.900s] -- Added test 'xmllint' to check XML markup files
[0.902s] -- Configuring done
[0.928s] -- Generating done
[0.940s] -- Build files have been written to: /home/jakukur/Desktop/standard_god_zhang/build/armor_detector
[0.951s] Invoked command in '/home/jakukur/Desktop/standard_god_zhang/build/armor_detector' returned '0': AMENT_PREFIX_PATH=/home/jakukur/Desktop/standard_god_zhang/install/auto_aim_interfaces:${AMENT_PREFIX_PATH} CMAKE_PREFIX_PATH=/home/jakukur/Desktop/standard_god_zhang/install/auto_aim_interfaces:/opt/ros/humble LD_LIBRARY_PATH=/home/jakukur/Desktop/standard_god_zhang/install/auto_aim_interfaces/lib:${LD_LIBRARY_PATH} PYTHONPATH=/home/jakukur/Desktop/standard_god_zhang/install/auto_aim_interfaces/local/lib/python3.10/dist-packages:${PYTHONPATH} /usr/local/bin/cmake /home/jakukur/Desktop/standard_god_zhang/src/rm_auto_aim/armor_detector -DAMENT_CMAKE_SYMLINK_INSTALL=1 -DCMAKE_INSTALL_PREFIX=/home/jakukur/Desktop/standard_god_zhang/install/armor_detector
[0.953s] Invoking command in '/home/jakukur/Desktop/standard_god_zhang/build/armor_detector': AMENT_PREFIX_PATH=/home/jakukur/Desktop/standard_god_zhang/install/auto_aim_interfaces:${AMENT_PREFIX_PATH} CMAKE_PREFIX_PATH=/home/jakukur/Desktop/standard_god_zhang/install/auto_aim_interfaces:/opt/ros/humble LD_LIBRARY_PATH=/home/jakukur/Desktop/standard_god_zhang/install/auto_aim_interfaces/lib:${LD_LIBRARY_PATH} PYTHONPATH=/home/jakukur/Desktop/standard_god_zhang/install/auto_aim_interfaces/local/lib/python3.10/dist-packages:${PYTHONPATH} /usr/local/bin/cmake --build /home/jakukur/Desktop/standard_god_zhang/build/armor_detector -- -j20 -l20
[0.981s] [  5%] [32mBuilding CXX object CMakeFiles/armor_detector.dir/src/angle_optimizer.cpp.o[0m
[0.981s] [ 11%] [32mBuilding CXX object gtest/CMakeFiles/gtest.dir/src/gtest-all.cc.o[0m
[0.981s] [ 17%] [32mBuilding CXX object CMakeFiles/armor_detector.dir/src/detector.cpp.o[0m
[0.981s] [ 23%] [32mBuilding CXX object CMakeFiles/armor_detector_node.dir/rclcpp_components/node_main_armor_detector_node.cpp.o[0m
[0.981s] [ 29%] [32mBuilding CXX object CMakeFiles/armor_detector.dir/src/detector_node.cpp.o[0m
[0.981s] [ 35%] [32mBuilding CXX object gtest/CMakeFiles/gtest_main.dir/src/gtest_main.cc.o[0m
[0.981s] [ 41%] [32mBuilding CXX object CMakeFiles/armor_detector.dir/src/number_classifier.cpp.o[0m
[0.981s] [ 47%] [32mBuilding CXX object CMakeFiles/armor_detector.dir/src/pnp_solver.cpp.o[0m
[0.981s] [ 52%] [32mBuilding CXX object CMakeFiles/armor_detector.dir/src/rune_detector.cpp.o[0m
[1.391s] [ 58%] [32m[1mLinking CXX static library libgtest_main.a[0m
[1.409s] [ 58%] Built target gtest_main
[3.847s] [ 64%] [32m[1mLinking CXX static library libgtest.a[0m
[3.874s] [ 64%] Built target gtest
[3.925s] [ 70%] [32m[1mLinking CXX executable armor_detector_node[0m
[4.064s] [ 70%] Built target armor_detector_node
[13.412s] [ 76%] [32m[1mLinking CXX shared library libarmor_detector.so[0m
[14.179s] [ 76%] Built target armor_detector
[14.194s] [ 88%] [32mBuilding CXX object CMakeFiles/test_node_startup.dir/test/test_node_startup.cpp.o[0m
[14.194s] [ 88%] [32mBuilding CXX object CMakeFiles/test_number_cls.dir/test/test_number_cls.cpp.o[0m
[15.507s] [ 94%] [32m[1mLinking CXX executable test_number_cls[0m
[16.094s] [ 94%] Built target test_number_cls
[17.562s] [100%] [32m[1mLinking CXX executable test_node_startup[0m
[18.138s] [100%] Built target test_node_startup
[18.144s] Invoked command in '/home/jakukur/Desktop/standard_god_zhang/build/armor_detector' returned '0': AMENT_PREFIX_PATH=/home/jakukur/Desktop/standard_god_zhang/install/auto_aim_interfaces:${AMENT_PREFIX_PATH} CMAKE_PREFIX_PATH=/home/jakukur/Desktop/standard_god_zhang/install/auto_aim_interfaces:/opt/ros/humble LD_LIBRARY_PATH=/home/jakukur/Desktop/standard_god_zhang/install/auto_aim_interfaces/lib:${LD_LIBRARY_PATH} PYTHONPATH=/home/jakukur/Desktop/standard_god_zhang/install/auto_aim_interfaces/local/lib/python3.10/dist-packages:${PYTHONPATH} /usr/local/bin/cmake --build /home/jakukur/Desktop/standard_god_zhang/build/armor_detector -- -j20 -l20
[18.145s] Invoking command in '/home/jakukur/Desktop/standard_god_zhang/build/armor_detector': AMENT_PREFIX_PATH=/home/jakukur/Desktop/standard_god_zhang/install/auto_aim_interfaces:${AMENT_PREFIX_PATH} CMAKE_PREFIX_PATH=/home/jakukur/Desktop/standard_god_zhang/install/auto_aim_interfaces:/opt/ros/humble LD_LIBRARY_PATH=/home/jakukur/Desktop/standard_god_zhang/install/auto_aim_interfaces/lib:${LD_LIBRARY_PATH} PYTHONPATH=/home/jakukur/Desktop/standard_god_zhang/install/auto_aim_interfaces/local/lib/python3.10/dist-packages:${PYTHONPATH} /usr/local/bin/cmake --install /home/jakukur/Desktop/standard_god_zhang/build/armor_detector
[18.148s] -- Install configuration: ""
[18.148s] -- Execute custom install script
[18.149s] -- Symlinking: /home/jakukur/Desktop/standard_god_zhang/install/armor_detector/lib/armor_detector/armor_detector_node
[18.153s] -- Symlinking: /home/jakukur/Desktop/standard_god_zhang/install/armor_detector/include/armor_detector/angle_optimizer.hpp
[18.155s] -- Symlinking: /home/jakukur/Desktop/standard_god_zhang/install/armor_detector/include/armor_detector/armor.hpp
[18.157s] -- Symlinking: /home/jakukur/Desktop/standard_god_zhang/install/armor_detector/include/armor_detector/detector.hpp
[18.160s] -- Symlinking: /home/jakukur/Desktop/standard_god_zhang/install/armor_detector/include/armor_detector/detector_node.hpp
[18.163s] -- Symlinking: /home/jakukur/Desktop/standard_god_zhang/install/armor_detector/include/armor_detector/number_classifier.hpp
[18.166s] -- Symlinking: /home/jakukur/Desktop/standard_god_zhang/install/armor_detector/include/armor_detector/pnp_solver.hpp
[18.169s] -- Symlinking: /home/jakukur/Desktop/standard_god_zhang/install/armor_detector/share/armor_detector/environment/library_path.sh
[18.172s] -- Symlinking: /home/jakukur/Desktop/standard_god_zhang/install/armor_detector/share/armor_detector/environment/library_path.dsv
[18.174s] -- Symlinking: /home/jakukur/Desktop/standard_god_zhang/install/armor_detector/lib/libarmor_detector.so
[18.176s] -- Symlinking: /home/jakukur/Desktop/standard_god_zhang/install/armor_detector/share/armor_detector/model/label.txt
[18.178s] -- Symlinking: /home/jakukur/Desktop/standard_god_zhang/install/armor_detector/share/armor_detector/model/mlp.onnx
[18.181s] -- Symlinking: /home/jakukur/Desktop/standard_god_zhang/install/armor_detector/share/ament_index/resource_index/package_run_dependencies/armor_detector
[18.184s] -- Symlinking: /home/jakukur/Desktop/standard_god_zhang/install/armor_detector/share/ament_index/resource_index/parent_prefix_path/armor_detector
[18.186s] -- Symlinking: /home/jakukur/Desktop/standard_god_zhang/install/armor_detector/share/armor_detector/environment/ament_prefix_path.sh
[18.188s] -- Symlinking: /home/jakukur/Desktop/standard_god_zhang/install/armor_detector/share/armor_detector/environment/ament_prefix_path.dsv
[18.190s] -- Symlinking: /home/jakukur/Desktop/standard_god_zhang/install/armor_detector/share/armor_detector/environment/path.sh
[18.192s] -- Symlinking: /home/jakukur/Desktop/standard_god_zhang/install/armor_detector/share/armor_detector/environment/path.dsv
[18.195s] -- Symlinking: /home/jakukur/Desktop/standard_god_zhang/install/armor_detector/share/armor_detector/local_setup.bash
[18.197s] -- Symlinking: /home/jakukur/Desktop/standard_god_zhang/install/armor_detector/share/armor_detector/local_setup.sh
[18.199s] -- Symlinking: /home/jakukur/Desktop/standard_god_zhang/install/armor_detector/share/armor_detector/local_setup.zsh
[18.202s] -- Symlinking: /home/jakukur/Desktop/standard_god_zhang/install/armor_detector/share/armor_detector/local_setup.dsv
[18.204s] -- Symlinking: /home/jakukur/Desktop/standard_god_zhang/install/armor_detector/share/armor_detector/package.dsv
[18.207s] -- Symlinking: /home/jakukur/Desktop/standard_god_zhang/install/armor_detector/share/ament_index/resource_index/packages/armor_detector
[18.209s] -- Symlinking: /home/jakukur/Desktop/standard_god_zhang/install/armor_detector/share/ament_index/resource_index/rclcpp_components/armor_detector
[18.212s] -- Symlinking: /home/jakukur/Desktop/standard_god_zhang/install/armor_detector/share/armor_detector/cmake/ament_cmake_export_dependencies-extras.cmake
[18.214s] -- Symlinking: /home/jakukur/Desktop/standard_god_zhang/install/armor_detector/share/armor_detector/cmake/ament_cmake_export_include_directories-extras.cmake
[18.216s] -- Symlinking: /home/jakukur/Desktop/standard_god_zhang/install/armor_detector/share/armor_detector/cmake/ament_cmake_export_libraries-extras.cmake
[18.218s] -- Symlinking: /home/jakukur/Desktop/standard_god_zhang/install/armor_detector/share/armor_detector/cmake/armor_detectorConfig.cmake
[18.221s] -- Symlinking: /home/jakukur/Desktop/standard_god_zhang/install/armor_detector/share/armor_detector/cmake/armor_detectorConfig-version.cmake
[18.223s] -- Symlinking: /home/jakukur/Desktop/standard_god_zhang/install/armor_detector/share/armor_detector/package.xml
[18.227s] Invoked command in '/home/jakukur/Desktop/standard_god_zhang/build/armor_detector' returned '0': AMENT_PREFIX_PATH=/home/jakukur/Desktop/standard_god_zhang/install/auto_aim_interfaces:${AMENT_PREFIX_PATH} CMAKE_PREFIX_PATH=/home/jakukur/Desktop/standard_god_zhang/install/auto_aim_interfaces:/opt/ros/humble LD_LIBRARY_PATH=/home/jakukur/Desktop/standard_god_zhang/install/auto_aim_interfaces/lib:${LD_LIBRARY_PATH} PYTHONPATH=/home/jakukur/Desktop/standard_god_zhang/install/auto_aim_interfaces/local/lib/python3.10/dist-packages:${PYTHONPATH} /usr/local/bin/cmake --install /home/jakukur/Desktop/standard_god_zhang/build/armor_detector
