[0.011s] Invoking command in '/home/jakukur/Desktop/standard_god_zhang/build/rm_gimbal_description': CMAKE_PREFIX_PATH=/opt/ros/humble /usr/local/bin/cmake /home/jakukur/Desktop/standard_god_zhang/src/rm_gimbal_description -DAMENT_CMAKE_SYMLINK_INSTALL=1 -DCMAKE_INSTALL_PREFIX=/home/jakukur/Desktop/standard_god_zhang/install/rm_gimbal_description
[0.059s] -- The C compiler identification is GNU 13.1.0
[0.102s] -- The CXX compiler identification is GNU 13.1.0
[0.109s] -- Detecting C compiler ABI info
[0.150s] -- Detecting C compiler ABI info - done
[0.155s] -- Check for working C compiler: /usr/bin/cc - skipped
[0.156s] -- Detecting C compile features
[0.156s] -- Detecting C compile features - done
[0.158s] -- Detecting CXX compiler ABI info
[0.210s] -- Detecting CXX compiler ABI info - done
[0.221s] -- Check for working CXX compiler: /usr/bin/c++ - skipped
[0.222s] -- Detecting CXX compile features
[0.222s] -- Detecting CXX compile features - done
[0.225s] -- Found ament_cmake: 1.3.11 (/opt/ros/humble/share/ament_cmake/cmake)
[0.306s] -- Found Python3: /usr/bin/python3 (found version "3.10.12") found components: Interpreter 
[0.348s] -- Override CMake install command with custom implementation using symlinks instead of copying resources
[0.362s] -- Found ament_lint_auto: 0.12.11 (/opt/ros/humble/share/ament_lint_auto/cmake)
[0.413s] -- Added test 'lint_cmake' to check CMake code style
[0.414s] -- Added test 'xmllint' to check XML markup files
[0.415s] -- Configuring done
[0.416s] -- Generating done
[0.417s] -- Build files have been written to: /home/jakukur/Desktop/standard_god_zhang/build/rm_gimbal_description
[0.421s] Invoked command in '/home/jakukur/Desktop/standard_god_zhang/build/rm_gimbal_description' returned '0': CMAKE_PREFIX_PATH=/opt/ros/humble /usr/local/bin/cmake /home/jakukur/Desktop/standard_god_zhang/src/rm_gimbal_description -DAMENT_CMAKE_SYMLINK_INSTALL=1 -DCMAKE_INSTALL_PREFIX=/home/jakukur/Desktop/standard_god_zhang/install/rm_gimbal_description
[0.422s] Invoking command in '/home/jakukur/Desktop/standard_god_zhang/build/rm_gimbal_description': CMAKE_PREFIX_PATH=/opt/ros/humble /usr/local/bin/cmake --build /home/jakukur/Desktop/standard_god_zhang/build/rm_gimbal_description -- -j20 -l20
[0.441s] Invoked command in '/home/jakukur/Desktop/standard_god_zhang/build/rm_gimbal_description' returned '0': CMAKE_PREFIX_PATH=/opt/ros/humble /usr/local/bin/cmake --build /home/jakukur/Desktop/standard_god_zhang/build/rm_gimbal_description -- -j20 -l20
[0.445s] Invoking command in '/home/jakukur/Desktop/standard_god_zhang/build/rm_gimbal_description': CMAKE_PREFIX_PATH=/opt/ros/humble /usr/local/bin/cmake --install /home/jakukur/Desktop/standard_god_zhang/build/rm_gimbal_description
[0.447s] -- Install configuration: ""
[0.448s] -- Execute custom install script
[0.448s] -- Symlinking: /home/jakukur/Desktop/standard_god_zhang/install/rm_gimbal_description/share/rm_gimbal_description/urdf/rm_gimbal.urdf.xacro
[0.451s] -- Symlinking: /home/jakukur/Desktop/standard_god_zhang/install/rm_gimbal_description/share/ament_index/resource_index/package_run_dependencies/rm_gimbal_description
[0.455s] -- Symlinking: /home/jakukur/Desktop/standard_god_zhang/install/rm_gimbal_description/share/ament_index/resource_index/parent_prefix_path/rm_gimbal_description
[0.458s] -- Symlinking: /home/jakukur/Desktop/standard_god_zhang/install/rm_gimbal_description/share/rm_gimbal_description/environment/ament_prefix_path.sh
[0.461s] -- Symlinking: /home/jakukur/Desktop/standard_god_zhang/install/rm_gimbal_description/share/rm_gimbal_description/environment/ament_prefix_path.dsv
[0.464s] -- Symlinking: /home/jakukur/Desktop/standard_god_zhang/install/rm_gimbal_description/share/rm_gimbal_description/environment/path.sh
[0.466s] -- Symlinking: /home/jakukur/Desktop/standard_god_zhang/install/rm_gimbal_description/share/rm_gimbal_description/environment/path.dsv
[0.469s] -- Symlinking: /home/jakukur/Desktop/standard_god_zhang/install/rm_gimbal_description/share/rm_gimbal_description/local_setup.bash
[0.471s] -- Symlinking: /home/jakukur/Desktop/standard_god_zhang/install/rm_gimbal_description/share/rm_gimbal_description/local_setup.sh
[0.473s] -- Symlinking: /home/jakukur/Desktop/standard_god_zhang/install/rm_gimbal_description/share/rm_gimbal_description/local_setup.zsh
[0.476s] -- Symlinking: /home/jakukur/Desktop/standard_god_zhang/install/rm_gimbal_description/share/rm_gimbal_description/local_setup.dsv
[0.480s] -- Symlinking: /home/jakukur/Desktop/standard_god_zhang/install/rm_gimbal_description/share/rm_gimbal_description/package.dsv
[0.482s] -- Symlinking: /home/jakukur/Desktop/standard_god_zhang/install/rm_gimbal_description/share/ament_index/resource_index/packages/rm_gimbal_description
[0.485s] -- Symlinking: /home/jakukur/Desktop/standard_god_zhang/install/rm_gimbal_description/share/rm_gimbal_description/cmake/rm_gimbal_descriptionConfig.cmake
[0.488s] -- Symlinking: /home/jakukur/Desktop/standard_god_zhang/install/rm_gimbal_description/share/rm_gimbal_description/cmake/rm_gimbal_descriptionConfig-version.cmake
[0.491s] -- Symlinking: /home/jakukur/Desktop/standard_god_zhang/install/rm_gimbal_description/share/rm_gimbal_description/package.xml
[0.495s] Invoked command in '/home/jakukur/Desktop/standard_god_zhang/build/rm_gimbal_description' returned '0': CMAKE_PREFIX_PATH=/opt/ros/humble /usr/local/bin/cmake --install /home/jakukur/Desktop/standard_god_zhang/build/rm_gimbal_description
